{"E:\\Reflectly\\app\\error.tsx": {"path":"E:\\Reflectly\\app\\error.tsx","statementMap":{"0":{"start":{"line":13,"column":2},"end":{"line":16,"column":14}},"1":{"start":{"line":15,"column":4},"end":{"line":15,"column":47}},"2":{"start":{"line":18,"column":22},"end":{"line":39,"column":3}},"3":{"start":{"line":20,"column":4},"end":{"line":35,"column":5}},"4":{"start":{"line":22,"column":6},"end":{"line":34,"column":7}},"5":{"start":{"line":23,"column":8},"end":{"line":33,"column":9}},"6":{"start":{"line":24,"column":10},"end":{"line":30,"column":13}},"7":{"start":{"line":25,"column":12},"end":{"line":29,"column":15}},"8":{"start":{"line":26,"column":14},"end":{"line":28,"column":15}},"9":{"start":{"line":27,"column":16},"end":{"line":27,"column":41}},"10":{"start":{"line":32,"column":10},"end":{"line":32,"column":53}},"11":{"start":{"line":38,"column":4},"end":{"line":38,"column":12}},"12":{"start":{"line":41,"column":2},"end":{"line":67,"column":4}},"13":{"start":{"line":59,"column":27},"end":{"line":59,"column":53}}},"fnMap":{"0":{"name":"Error","decl":{"start":{"line":6,"column":24},"end":{"line":6,"column":29}},"loc":{"start":{"line":12,"column":3},"end":{"line":68,"column":1}},"line":12},"1":{"name":"(anonymous_1)","decl":{"start":{"line":13,"column":12},"end":{"line":13,"column":13}},"loc":{"start":{"line":13,"column":18},"end":{"line":16,"column":3}},"line":13},"2":{"name":"(anonymous_2)","decl":{"start":{"line":18,"column":22},"end":{"line":18,"column":23}},"loc":{"start":{"line":18,"column":28},"end":{"line":39,"column":3}},"line":18},"3":{"name":"(anonymous_3)","decl":{"start":{"line":24,"column":29},"end":{"line":24,"column":30}},"loc":{"start":{"line":24,"column":43},"end":{"line":30,"column":11}},"line":24},"4":{"name":"(anonymous_4)","decl":{"start":{"line":25,"column":31},"end":{"line":25,"column":32}},"loc":{"start":{"line":25,"column":44},"end":{"line":29,"column":13}},"line":25},"5":{"name":"(anonymous_5)","decl":{"start":{"line":59,"column":21},"end":{"line":59,"column":22}},"loc":{"start":{"line":59,"column":27},"end":{"line":59,"column":53}},"line":59}},"branchMap":{"0":{"loc":{"start":{"line":20,"column":4},"end":{"line":35,"column":5}},"type":"if","locations":[{"start":{"line":20,"column":4},"end":{"line":35,"column":5}},{"start":{},"end":{}}],"line":20},"1":{"loc":{"start":{"line":22,"column":6},"end":{"line":34,"column":7}},"type":"if","locations":[{"start":{"line":22,"column":6},"end":{"line":34,"column":7}},{"start":{},"end":{}}],"line":22},"2":{"loc":{"start":{"line":26,"column":14},"end":{"line":28,"column":15}},"type":"if","locations":[{"start":{"line":26,"column":14},"end":{"line":28,"column":15}},{"start":{},"end":{}}],"line":26}},"s":{"0":0,"1":0,"2":0,"3":0,"4":0,"5":0,"6":0,"7":0,"8":0,"9":0,"10":0,"11":0,"12":0,"13":0},"f":{"0":0,"1":0,"2":0,"3":0,"4":0,"5":0},"b":{"0":[0,0],"1":[0,0],"2":[0,0]}}
,"E:\\Reflectly\\app\\fonts.ts": {"path":"E:\\Reflectly\\app\\fonts.ts","statementMap":{"0":{"start":{"line":3,"column":21},"end":{"line":7,"column":2}},"1":{"start":{"line":9,"column":27},"end":{"line":13,"column":2}}},"fnMap":{},"branchMap":{},"s":{"0":0,"1":0},"f":{},"b":{}}
,"E:\\Reflectly\\app\\layout.tsx": {"path":"E:\\Reflectly\\app\\layout.tsx","statementMap":{"0":{"start":{"line":12,"column":14},"end":{"line":17,"column":2}},"1":{"start":{"line":19,"column":34},"end":{"line":22,"column":1}},"2":{"start":{"line":25,"column":2},"end":{"line":45,"column":4}}},"fnMap":{"0":{"name":"RootLayout","decl":{"start":{"line":24,"column":24},"end":{"line":24,"column":34}},"loc":{"start":{"line":24,"column":90},"end":{"line":46,"column":1}},"line":24}},"branchMap":{},"s":{"0":0,"1":0,"2":0},"f":{"0":0},"b":{}}
,"E:\\Reflectly\\app\\page.tsx": {"path":"E:\\Reflectly\\app\\page.tsx","statementMap":{"0":{"start":{"line":10,"column":35},"end":{"line":10,"column":44}},"1":{"start":{"line":11,"column":17},"end":{"line":11,"column":28}},"2":{"start":{"line":13,"column":2},"end":{"line":17,"column":37}},"3":{"start":{"line":14,"column":4},"end":{"line":16,"column":5}},"4":{"start":{"line":15,"column":6},"end":{"line":15,"column":30}},"5":{"start":{"line":19,"column":2},"end":{"line":25,"column":3}},"6":{"start":{"line":20,"column":4},"end":{"line":24,"column":6}},"7":{"start":{"line":27,"column":2},"end":{"line":49,"column":3}},"8":{"start":{"line":28,"column":4},"end":{"line":48,"column":6}},"9":{"start":{"line":51,"column":2},"end":{"line":55,"column":4}}},"fnMap":{"0":{"name":"Home","decl":{"start":{"line":9,"column":24},"end":{"line":9,"column":28}},"loc":{"start":{"line":9,"column":31},"end":{"line":56,"column":1}},"line":9},"1":{"name":"(anonymous_1)","decl":{"start":{"line":13,"column":12},"end":{"line":13,"column":13}},"loc":{"start":{"line":13,"column":18},"end":{"line":17,"column":3}},"line":13}},"branchMap":{"0":{"loc":{"start":{"line":14,"column":4},"end":{"line":16,"column":5}},"type":"if","locations":[{"start":{"line":14,"column":4},"end":{"line":16,"column":5}},{"start":{},"end":{}}],"line":14},"1":{"loc":{"start":{"line":14,"column":8},"end":{"line":14,"column":31}},"type":"binary-expr","locations":[{"start":{"line":14,"column":8},"end":{"line":14,"column":16}},{"start":{"line":14,"column":20},"end":{"line":14,"column":31}}],"line":14},"2":{"loc":{"start":{"line":19,"column":2},"end":{"line":25,"column":3}},"type":"if","locations":[{"start":{"line":19,"column":2},"end":{"line":25,"column":3}},{"start":{},"end":{}}],"line":19},"3":{"loc":{"start":{"line":27,"column":2},"end":{"line":49,"column":3}},"type":"if","locations":[{"start":{"line":27,"column":2},"end":{"line":49,"column":3}},{"start":{},"end":{}}],"line":27}},"s":{"0":0,"1":0,"2":0,"3":0,"4":0,"5":0,"6":0,"7":0,"8":0,"9":0},"f":{"0":0,"1":0},"b":{"0":[0,0],"1":[0,0],"2":[0,0],"3":[0,0]}}
,"E:\\Reflectly\\app\\providers.tsx": {"path":"E:\\Reflectly\\app\\providers.tsx","statementMap":{"0":{"start":{"line":8,"column":29},"end":{"line":14,"column":1}},"1":{"start":{"line":9,"column":8},"end":{"line":9,"column":51}},"2":{"start":{"line":12,"column":19},"end":{"line":12,"column":23}},"3":{"start":{"line":17,"column":22},"end":{"line":19,"column":1}},"4":{"start":{"line":18,"column":2},"end":{"line":18,"column":25}},"5":{"start":{"line":23,"column":32},"end":{"line":23,"column":47}},"6":{"start":{"line":25,"column":2},"end":{"line":27,"column":9}},"7":{"start":{"line":26,"column":4},"end":{"line":26,"column":21}},"8":{"start":{"line":29,"column":2},"end":{"line":49,"column":4}}},"fnMap":{"0":{"name":"(anonymous_0)","decl":{"start":{"line":9,"column":2},"end":{"line":9,"column":3}},"loc":{"start":{"line":9,"column":8},"end":{"line":9,"column":51}},"line":9},"1":{"name":"(anonymous_1)","decl":{"start":{"line":12,"column":13},"end":{"line":12,"column":14}},"loc":{"start":{"line":12,"column":19},"end":{"line":12,"column":23}},"line":12},"2":{"name":"(anonymous_2)","decl":{"start":{"line":17,"column":22},"end":{"line":17,"column":23}},"loc":{"start":{"line":17,"column":71},"end":{"line":19,"column":1}},"line":17},"3":{"name":"Providers","decl":{"start":{"line":21,"column":16},"end":{"line":21,"column":25}},"loc":{"start":{"line":21,"column":71},"end":{"line":50,"column":1}},"line":21},"4":{"name":"(anonymous_4)","decl":{"start":{"line":25,"column":12},"end":{"line":25,"column":13}},"loc":{"start":{"line":25,"column":18},"end":{"line":27,"column":3}},"line":25}},"branchMap":{"0":{"loc":{"start":{"line":35,"column":7},"end":{"line":47,"column":7}},"type":"cond-expr","locations":[{"start":{"line":36,"column":8},"end":{"line":44,"column":11}},{"start":{"line":46,"column":8},"end":{"line":46,"column":23}}],"line":35}},"s":{"0":0,"1":0,"2":0,"3":0,"4":0,"5":0,"6":0,"7":0,"8":0},"f":{"0":0,"1":0,"2":0,"3":0,"4":0},"b":{"0":[0,0]}}
,"E:\\Reflectly\\app\\test-subscription.tsx": {"path":"E:\\Reflectly\\app\\test-subscription.tsx","statementMap":{"0":{"start":{"line":7,"column":30},"end":{"line":7,"column":53}},"1":{"start":{"line":8,"column":28},"end":{"line":8,"column":57}},"2":{"start":{"line":11,"column":23},"end":{"line":32,"column":3}},"3":{"start":{"line":12,"column":4},"end":{"line":31,"column":5}},"4":{"start":{"line":13,"column":6},"end":{"line":13,"column":39}},"5":{"start":{"line":16,"column":23},"end":{"line":16,"column":55}},"6":{"start":{"line":19,"column":6},"end":{"line":27,"column":7}},"7":{"start":{"line":20,"column":8},"end":{"line":20,"column":48}},"8":{"start":{"line":21,"column":8},"end":{"line":21,"column":44}},"9":{"start":{"line":24,"column":21},"end":{"line":24,"column":42}},"10":{"start":{"line":25,"column":8},"end":{"line":25,"column":70}},"11":{"start":{"line":26,"column":8},"end":{"line":26,"column":48}},"12":{"start":{"line":29,"column":6},"end":{"line":29,"column":34}},"13":{"start":{"line":30,"column":6},"end":{"line":30,"column":69}},"14":{"start":{"line":34,"column":2},"end":{"line":73,"column":4}}},"fnMap":{"0":{"name":"TestSubscription","decl":{"start":{"line":6,"column":24},"end":{"line":6,"column":40}},"loc":{"start":{"line":6,"column":43},"end":{"line":74,"column":1}},"line":6},"1":{"name":"(anonymous_1)","decl":{"start":{"line":11,"column":23},"end":{"line":11,"column":24}},"loc":{"start":{"line":11,"column":35},"end":{"line":32,"column":3}},"line":11}},"branchMap":{"0":{"loc":{"start":{"line":19,"column":6},"end":{"line":27,"column":7}},"type":"if","locations":[{"start":{"line":19,"column":6},"end":{"line":27,"column":7}},{"start":{"line":22,"column":13},"end":{"line":27,"column":7}}],"line":19},"1":{"loc":{"start":{"line":30,"column":15},"end":{"line":30,"column":67}},"type":"cond-expr","locations":[{"start":{"line":30,"column":38},"end":{"line":30,"column":49}},{"start":{"line":30,"column":52},"end":{"line":30,"column":67}}],"line":30},"2":{"loc":{"start":{"line":43,"column":7},"end":{"line":50,"column":7}},"type":"binary-expr","locations":[{"start":{"line":43,"column":7},"end":{"line":43,"column":12}},{"start":{"line":44,"column":8},"end":{"line":49,"column":14}}],"line":43}},"s":{"0":0,"1":0,"2":0,"3":0,"4":0,"5":0,"6":0,"7":0,"8":0,"9":0,"10":0,"11":0,"12":0,"13":0,"14":0},"f":{"0":0,"1":0},"b":{"0":[0,0],"1":[0,0],"2":[0,0]}}
,"E:\\Reflectly\\app\\account\\page.tsx": {"path":"E:\\Reflectly\\app\\account\\page.tsx","statementMap":{"0":{"start":{"line":9,"column":21},"end":{"line":9,"column":33}},"1":{"start":{"line":10,"column":15},"end":{"line":10,"column":34}},"2":{"start":{"line":13,"column":2},"end":{"line":15,"column":3}},"3":{"start":{"line":14,"column":4},"end":{"line":14,"column":25}},"4":{"start":{"line":18,"column":27},"end":{"line":18,"column":66}},"5":{"start":{"line":20,"column":2},"end":{"line":185,"column":4}}},"fnMap":{"0":{"name":"AccountPage","decl":{"start":{"line":8,"column":30},"end":{"line":8,"column":41}},"loc":{"start":{"line":8,"column":44},"end":{"line":186,"column":1}},"line":8}},"branchMap":{"0":{"loc":{"start":{"line":13,"column":2},"end":{"line":15,"column":3}},"type":"if","locations":[{"start":{"line":13,"column":2},"end":{"line":15,"column":3}},{"start":{},"end":{}}],"line":13},"1":{"loc":{"start":{"line":13,"column":6},"end":{"line":13,"column":22}},"type":"binary-expr","locations":[{"start":{"line":13,"column":6},"end":{"line":13,"column":13}},{"start":{"line":13,"column":17},"end":{"line":13,"column":22}}],"line":13},"2":{"loc":{"start":{"line":47,"column":21},"end":{"line":47,"column":48}},"type":"binary-expr","locations":[{"start":{"line":47,"column":21},"end":{"line":47,"column":35}},{"start":{"line":47,"column":39},"end":{"line":47,"column":48}}],"line":47},"3":{"loc":{"start":{"line":55,"column":21},"end":{"line":55,"column":47}},"type":"binary-expr","locations":[{"start":{"line":55,"column":21},"end":{"line":55,"column":34}},{"start":{"line":55,"column":38},"end":{"line":55,"column":47}}],"line":55},"4":{"loc":{"start":{"line":65,"column":19},"end":{"line":65,"column":77}},"type":"binary-expr","locations":[{"start":{"line":65,"column":19},"end":{"line":65,"column":55}},{"start":{"line":65,"column":59},"end":{"line":65,"column":77}}],"line":65},"5":{"loc":{"start":{"line":89,"column":21},"end":{"line":91,"column":35}},"type":"cond-expr","locations":[{"start":{"line":90,"column":24},"end":{"line":90,"column":38}},{"start":{"line":91,"column":24},"end":{"line":91,"column":35}}],"line":89},"6":{"loc":{"start":{"line":98,"column":22},"end":{"line":100,"column":89}},"type":"cond-expr","locations":[{"start":{"line":99,"column":26},"end":{"line":99,"column":93}},{"start":{"line":100,"column":26},"end":{"line":100,"column":89}}],"line":98},"7":{"loc":{"start":{"line":108,"column":15},"end":{"line":115,"column":15}},"type":"binary-expr","locations":[{"start":{"line":108,"column":15},"end":{"line":108,"column":41}},{"start":{"line":108,"column":45},"end":{"line":108,"column":71}},{"start":{"line":109,"column":16},"end":{"line":114,"column":22}}],"line":108},"8":{"loc":{"start":{"line":129,"column":53},"end":{"line":129,"column":112}},"type":"cond-expr","locations":[{"start":{"line":129,"column":82},"end":{"line":129,"column":95}},{"start":{"line":129,"column":98},"end":{"line":129,"column":112}}],"line":129},"9":{"loc":{"start":{"line":144,"column":53},"end":{"line":144,"column":112}},"type":"cond-expr","locations":[{"start":{"line":144,"column":82},"end":{"line":144,"column":95}},{"start":{"line":144,"column":98},"end":{"line":144,"column":112}}],"line":144},"10":{"loc":{"start":{"line":152,"column":17},"end":{"line":178,"column":17}},"type":"cond-expr","locations":[{"start":{"line":153,"column":18},"end":{"line":158,"column":22}},{"start":{"line":160,"column":18},"end":{"line":177,"column":24}}],"line":152},"11":{"loc":{"start":{"line":161,"column":21},"end":{"line":168,"column":21}},"type":"binary-expr","locations":[{"start":{"line":161,"column":21},"end":{"line":161,"column":57}},{"start":{"line":162,"column":22},"end":{"line":167,"column":29}}],"line":161}},"s":{"0":0,"1":0,"2":0,"3":0,"4":0,"5":0},"f":{"0":0},"b":{"0":[0,0],"1":[0,0],"2":[0,0],"3":[0,0],"4":[0,0],"5":[0,0],"6":[0,0],"7":[0,0,0],"8":[0,0],"9":[0,0],"10":[0,0],"11":[0,0]}}
,"E:\\Reflectly\\app\\account\\cancel-subscription\\cancel-subscription-form.tsx": {"path":"E:\\Reflectly\\app\\account\\cancel-subscription\\cancel-subscription-form.tsx","statementMap":{"0":{"start":{"line":13,"column":29},"end":{"line":20,"column":1}},"1":{"start":{"line":23,"column":17},"end":{"line":23,"column":28}},"2":{"start":{"line":24,"column":20},"end":{"line":24,"column":30}},"3":{"start":{"line":25,"column":42},"end":{"line":25,"column":57}},"4":{"start":{"line":26,"column":30},"end":{"line":26,"column":50}},"5":{"start":{"line":27,"column":34},"end":{"line":27,"column":54}},"6":{"start":{"line":28,"column":50},"end":{"line":28,"column":65}},"7":{"start":{"line":32,"column":4},"end":{"line":32,"column":23}},"8":{"start":{"line":33,"column":4},"end":{"line":40,"column":5}},"9":{"start":{"line":34,"column":6},"end":{"line":38,"column":9}},"10":{"start":{"line":39,"column":6},"end":{"line":39,"column":13}},"11":{"start":{"line":41,"column":4},"end":{"line":41,"column":30}},"12":{"start":{"line":46,"column":4},"end":{"line":84,"column":5}},"13":{"start":{"line":47,"column":6},"end":{"line":47,"column":28}},"14":{"start":{"line":49,"column":23},"end":{"line":58,"column":8}},"15":{"start":{"line":60,"column":6},"end":{"line":62,"column":7}},"16":{"start":{"line":61,"column":8},"end":{"line":61,"column":57}},"17":{"start":{"line":64,"column":6},"end":{"line":67,"column":9}},"18":{"start":{"line":70,"column":6},"end":{"line":73,"column":15}},"19":{"start":{"line":71,"column":8},"end":{"line":71,"column":45}},"20":{"start":{"line":72,"column":8},"end":{"line":72,"column":25}},"21":{"start":{"line":76,"column":6},"end":{"line":76,"column":61}},"22":{"start":{"line":77,"column":6},"end":{"line":81,"column":9}},"23":{"start":{"line":83,"column":6},"end":{"line":83,"column":29}},"24":{"start":{"line":87,"column":2},"end":{"line":123,"column":3}},"25":{"start":{"line":88,"column":4},"end":{"line":122,"column":6}},"26":{"start":{"line":101,"column":27},"end":{"line":101,"column":53}},"27":{"start":{"line":125,"column":2},"end":{"line":172,"column":4}},"28":{"start":{"line":135,"column":16},"end":{"line":140,"column":22}},"29":{"start":{"line":153,"column":31},"end":{"line":153,"column":58}},"30":{"start":{"line":162,"column":27},"end":{"line":162,"column":63}}},"fnMap":{"0":{"name":"CancelSubscriptionForm","decl":{"start":{"line":22,"column":16},"end":{"line":22,"column":38}},"loc":{"start":{"line":22,"column":41},"end":{"line":173,"column":1}},"line":22},"1":{"name":"handleSubmit","decl":{"start":{"line":31,"column":17},"end":{"line":31,"column":29}},"loc":{"start":{"line":31,"column":50},"end":{"line":42,"column":3}},"line":31},"2":{"name":"handleConfirmCancellation","decl":{"start":{"line":45,"column":17},"end":{"line":45,"column":42}},"loc":{"start":{"line":45,"column":45},"end":{"line":85,"column":3}},"line":45},"3":{"name":"(anonymous_3)","decl":{"start":{"line":70,"column":17},"end":{"line":70,"column":18}},"loc":{"start":{"line":70,"column":23},"end":{"line":73,"column":7}},"line":70},"4":{"name":"(anonymous_4)","decl":{"start":{"line":101,"column":21},"end":{"line":101,"column":22}},"loc":{"start":{"line":101,"column":27},"end":{"line":101,"column":53}},"line":101},"5":{"name":"(anonymous_5)","decl":{"start":{"line":134,"column":40},"end":{"line":134,"column":41}},"loc":{"start":{"line":135,"column":16},"end":{"line":140,"column":22}},"line":135},"6":{"name":"(anonymous_6)","decl":{"start":{"line":153,"column":24},"end":{"line":153,"column":25}},"loc":{"start":{"line":153,"column":31},"end":{"line":153,"column":58}},"line":153},"7":{"name":"(anonymous_7)","decl":{"start":{"line":162,"column":21},"end":{"line":162,"column":22}},"loc":{"start":{"line":162,"column":27},"end":{"line":162,"column":63}},"line":162}},"branchMap":{"0":{"loc":{"start":{"line":33,"column":4},"end":{"line":40,"column":5}},"type":"if","locations":[{"start":{"line":33,"column":4},"end":{"line":40,"column":5}},{"start":{},"end":{}}],"line":33},"1":{"loc":{"start":{"line":60,"column":6},"end":{"line":62,"column":7}},"type":"if","locations":[{"start":{"line":60,"column":6},"end":{"line":62,"column":7}},{"start":{},"end":{}}],"line":60},"2":{"loc":{"start":{"line":87,"column":2},"end":{"line":123,"column":3}},"type":"if","locations":[{"start":{"line":87,"column":2},"end":{"line":123,"column":3}},{"start":{},"end":{}}],"line":87},"3":{"loc":{"start":{"line":111,"column":13},"end":{"line":118,"column":13}},"type":"cond-expr","locations":[{"start":{"line":112,"column":14},"end":{"line":115,"column":17}},{"start":{"line":117,"column":14},"end":{"line":117,"column":36}}],"line":111}},"s":{"0":0,"1":0,"2":0,"3":0,"4":0,"5":0,"6":0,"7":0,"8":0,"9":0,"10":0,"11":0,"12":0,"13":0,"14":0,"15":0,"16":0,"17":0,"18":0,"19":0,"20":0,"21":0,"22":0,"23":0,"24":0,"25":0,"26":0,"27":0,"28":0,"29":0,"30":0},"f":{"0":0,"1":0,"2":0,"3":0,"4":0,"5":0,"6":0,"7":0},"b":{"0":[0,0],"1":[0,0],"2":[0,0],"3":[0,0]}}
,"E:\\Reflectly\\app\\account\\cancel-subscription\\page.tsx": {"path":"E:\\Reflectly\\app\\account\\cancel-subscription\\page.tsx","statementMap":{"0":{"start":{"line":7,"column":34},"end":{"line":10,"column":1}},"1":{"start":{"line":13,"column":2},"end":{"line":41,"column":4}}},"fnMap":{"0":{"name":"CancelSubscriptionPage","decl":{"start":{"line":12,"column":24},"end":{"line":12,"column":46}},"loc":{"start":{"line":12,"column":49},"end":{"line":42,"column":1}},"line":12}},"branchMap":{},"s":{"0":0,"1":0},"f":{"0":0},"b":{}}
,"E:\\Reflectly\\app\\account\\subscription\\page.tsx": {"path":"E:\\Reflectly\\app\\account\\subscription\\page.tsx","statementMap":{"0":{"start":{"line":4,"column":34},"end":{"line":7,"column":1}},"1":{"start":{"line":10,"column":2},"end":{"line":57,"column":4}}},"fnMap":{"0":{"name":"SubscriptionPage","decl":{"start":{"line":9,"column":24},"end":{"line":9,"column":40}},"loc":{"start":{"line":9,"column":43},"end":{"line":58,"column":1}},"line":9}},"branchMap":{},"s":{"0":0,"1":0},"f":{"0":0},"b":{}}
,"E:\\Reflectly\\app\\api\\account\\cancel-subscription\\route.ts": {"path":"E:\\Reflectly\\app\\api\\account\\cancel-subscription\\route.ts","statementMap":{"0":{"start":{"line":6,"column":23},"end":{"line":6,"column":38}},"1":{"start":{"line":9,"column":2},"end":{"line":110,"column":3}},"2":{"start":{"line":10,"column":23},"end":{"line":10,"column":35}},"3":{"start":{"line":12,"column":4},"end":{"line":14,"column":5}},"4":{"start":{"line":13,"column":6},"end":{"line":13,"column":117}},"5":{"start":{"line":17,"column":4},"end":{"line":106,"column":6}},"6":{"start":{"line":108,"column":4},"end":{"line":108,"column":63}},"7":{"start":{"line":109,"column":4},"end":{"line":109,"column":115}},"8":{"start":{"line":114,"column":2},"end":{"line":131,"column":3}},"9":{"start":{"line":115,"column":23},"end":{"line":115,"column":35}},"10":{"start":{"line":117,"column":4},"end":{"line":119,"column":5}},"11":{"start":{"line":118,"column":6},"end":{"line":118,"column":75}},"12":{"start":{"line":121,"column":20},"end":{"line":121,"column":56}},"13":{"start":{"line":123,"column":4},"end":{"line":127,"column":5}},"14":{"start":{"line":124,"column":6},"end":{"line":124,"column":131}},"15":{"start":{"line":126,"column":6},"end":{"line":126,"column":137}},"16":{"start":{"line":129,"column":4},"end":{"line":129,"column":59}},"17":{"start":{"line":130,"column":4},"end":{"line":130,"column":82}}},"fnMap":{"0":{"name":"GET","decl":{"start":{"line":8,"column":22},"end":{"line":8,"column":25}},"loc":{"start":{"line":8,"column":44},"end":{"line":111,"column":1}},"line":8},"1":{"name":"POST","decl":{"start":{"line":113,"column":22},"end":{"line":113,"column":26}},"loc":{"start":{"line":113,"column":45},"end":{"line":132,"column":1}},"line":113}},"branchMap":{"0":{"loc":{"start":{"line":12,"column":4},"end":{"line":14,"column":5}},"type":"if","locations":[{"start":{"line":12,"column":4},"end":{"line":14,"column":5}},{"start":{},"end":{}}],"line":12},"1":{"loc":{"start":{"line":13,"column":55},"end":{"line":13,"column":114}},"type":"binary-expr","locations":[{"start":{"line":13,"column":55},"end":{"line":13,"column":87}},{"start":{"line":13,"column":91},"end":{"line":13,"column":114}}],"line":13},"2":{"loc":{"start":{"line":109,"column":53},"end":{"line":109,"column":112}},"type":"binary-expr","locations":[{"start":{"line":109,"column":53},"end":{"line":109,"column":85}},{"start":{"line":109,"column":89},"end":{"line":109,"column":112}}],"line":109},"3":{"loc":{"start":{"line":117,"column":4},"end":{"line":119,"column":5}},"type":"if","locations":[{"start":{"line":117,"column":4},"end":{"line":119,"column":5}},{"start":{},"end":{}}],"line":117},"4":{"loc":{"start":{"line":123,"column":4},"end":{"line":127,"column":5}},"type":"if","locations":[{"start":{"line":123,"column":4},"end":{"line":127,"column":5}},{"start":{"line":125,"column":11},"end":{"line":127,"column":5}}],"line":123},"5":{"loc":{"start":{"line":124,"column":69},"end":{"line":124,"column":128}},"type":"binary-expr","locations":[{"start":{"line":124,"column":69},"end":{"line":124,"column":101}},{"start":{"line":124,"column":105},"end":{"line":124,"column":128}}],"line":124},"6":{"loc":{"start":{"line":126,"column":75},"end":{"line":126,"column":134}},"type":"binary-expr","locations":[{"start":{"line":126,"column":75},"end":{"line":126,"column":107}},{"start":{"line":126,"column":111},"end":{"line":126,"column":134}}],"line":126}},"s":{"0":0,"1":0,"2":0,"3":0,"4":0,"5":0,"6":0,"7":0,"8":0,"9":0,"10":0,"11":0,"12":0,"13":0,"14":0,"15":0,"16":0,"17":0},"f":{"0":0,"1":0},"b":{"0":[0,0],"1":[0,0],"2":[0,0],"3":[0,0],"4":[0,0],"5":[0,0],"6":[0,0]}}
,"E:\\Reflectly\\app\\api\\account\\subscription\\route.ts": {"path":"E:\\Reflectly\\app\\api\\account\\subscription\\route.ts","statementMap":{"0":{"start":{"line":6,"column":23},"end":{"line":6,"column":38}},"1":{"start":{"line":9,"column":2},"end":{"line":66,"column":3}},"2":{"start":{"line":11,"column":23},"end":{"line":11,"column":35}},"3":{"start":{"line":14,"column":4},"end":{"line":35,"column":5}},"4":{"start":{"line":15,"column":6},"end":{"line":34,"column":9}},"5":{"start":{"line":38,"column":29},"end":{"line":38,"column":68}},"6":{"start":{"line":41,"column":4},"end":{"line":41,"column":51}},"7":{"start":{"line":43,"column":4},"end":{"line":43,"column":64}},"8":{"start":{"line":46,"column":4},"end":{"line":65,"column":7}}},"fnMap":{"0":{"name":"GET","decl":{"start":{"line":8,"column":22},"end":{"line":8,"column":25}},"loc":{"start":{"line":8,"column":48},"end":{"line":67,"column":1}},"line":8}},"branchMap":{"0":{"loc":{"start":{"line":14,"column":4},"end":{"line":35,"column":5}},"type":"if","locations":[{"start":{"line":14,"column":4},"end":{"line":35,"column":5}},{"start":{},"end":{}}],"line":14}},"s":{"0":0,"1":0,"2":0,"3":0,"4":0,"5":0,"6":0,"7":0,"8":0},"f":{"0":0},"b":{"0":[0,0]}}
,"E:\\Reflectly\\app\\api\\admin\\subscription\\route.ts": {"path":"E:\\Reflectly\\app\\api\\admin\\subscription\\route.ts","statementMap":{"0":{"start":{"line":8,"column":23},"end":{"line":8,"column":38}},"1":{"start":{"line":15,"column":2},"end":{"line":63,"column":3}},"2":{"start":{"line":17,"column":23},"end":{"line":17,"column":35}},"3":{"start":{"line":19,"column":4},"end":{"line":21,"column":5}},"4":{"start":{"line":20,"column":6},"end":{"line":20,"column":75}},"5":{"start":{"line":24,"column":20},"end":{"line":24,"column":69}},"6":{"start":{"line":25,"column":4},"end":{"line":27,"column":5}},"7":{"start":{"line":26,"column":6},"end":{"line":26,"column":72}},"8":{"start":{"line":30,"column":25},"end":{"line":30,"column":53}},"9":{"start":{"line":31,"column":19},"end":{"line":31,"column":56}},"10":{"start":{"line":32,"column":17},"end":{"line":32,"column":63}},"11":{"start":{"line":34,"column":4},"end":{"line":56,"column":5}},"12":{"start":{"line":36,"column":24},"end":{"line":36,"column":82}},"13":{"start":{"line":37,"column":8},"end":{"line":37,"column":42}},"14":{"start":{"line":40,"column":21},"end":{"line":40,"column":83}},"15":{"start":{"line":41,"column":8},"end":{"line":41,"column":39}},"16":{"start":{"line":44,"column":24},"end":{"line":44,"column":77}},"17":{"start":{"line":45,"column":8},"end":{"line":48,"column":11}},"18":{"start":{"line":51,"column":24},"end":{"line":51,"column":82}},"19":{"start":{"line":52,"column":8},"end":{"line":52,"column":42}},"20":{"start":{"line":55,"column":8},"end":{"line":55,"column":79}},"21":{"start":{"line":58,"column":4},"end":{"line":58,"column":61}},"22":{"start":{"line":59,"column":4},"end":{"line":62,"column":6}},"23":{"start":{"line":71,"column":2},"end":{"line":138,"column":3}},"24":{"start":{"line":73,"column":23},"end":{"line":73,"column":35}},"25":{"start":{"line":75,"column":4},"end":{"line":77,"column":5}},"26":{"start":{"line":76,"column":6},"end":{"line":76,"column":75}},"27":{"start":{"line":80,"column":20},"end":{"line":80,"column":69}},"28":{"start":{"line":81,"column":4},"end":{"line":83,"column":5}},"29":{"start":{"line":82,"column":6},"end":{"line":82,"column":72}},"30":{"start":{"line":86,"column":17},"end":{"line":86,"column":37}},"31":{"start":{"line":87,"column":43},"end":{"line":87,"column":47}},"32":{"start":{"line":89,"column":4},"end":{"line":91,"column":5}},"33":{"start":{"line":90,"column":6},"end":{"line":90,"column":90}},"34":{"start":{"line":93,"column":4},"end":{"line":131,"column":5}},"35":{"start":{"line":95,"column":8},"end":{"line":97,"column":9}},"36":{"start":{"line":96,"column":10},"end":{"line":96,"column":92}},"37":{"start":{"line":98,"column":30},"end":{"line":102,"column":10}},"38":{"start":{"line":103,"column":8},"end":{"line":106,"column":11}},"39":{"start":{"line":109,"column":29},"end":{"line":109,"column":91}},"40":{"start":{"line":110,"column":8},"end":{"line":113,"column":11}},"41":{"start":{"line":116,"column":27},"end":{"line":116,"column":91}},"42":{"start":{"line":117,"column":8},"end":{"line":120,"column":11}},"43":{"start":{"line":123,"column":30},"end":{"line":123,"column":97}},"44":{"start":{"line":124,"column":8},"end":{"line":127,"column":11}},"45":{"start":{"line":130,"column":8},"end":{"line":130,"column":79}},"46":{"start":{"line":133,"column":4},"end":{"line":133,"column":61}},"47":{"start":{"line":134,"column":4},"end":{"line":137,"column":6}}},"fnMap":{"0":{"name":"GET","decl":{"start":{"line":14,"column":22},"end":{"line":14,"column":25}},"loc":{"start":{"line":14,"column":48},"end":{"line":64,"column":1}},"line":14},"1":{"name":"POST","decl":{"start":{"line":70,"column":22},"end":{"line":70,"column":26}},"loc":{"start":{"line":70,"column":49},"end":{"line":139,"column":1}},"line":70}},"branchMap":{"0":{"loc":{"start":{"line":19,"column":4},"end":{"line":21,"column":5}},"type":"if","locations":[{"start":{"line":19,"column":4},"end":{"line":21,"column":5}},{"start":{},"end":{}}],"line":19},"1":{"loc":{"start":{"line":25,"column":4},"end":{"line":27,"column":5}},"type":"if","locations":[{"start":{"line":25,"column":4},"end":{"line":27,"column":5}},{"start":{},"end":{}}],"line":25},"2":{"loc":{"start":{"line":31,"column":19},"end":{"line":31,"column":56}},"type":"binary-expr","locations":[{"start":{"line":31,"column":19},"end":{"line":31,"column":45}},{"start":{"line":31,"column":49},"end":{"line":31,"column":56}}],"line":31},"3":{"loc":{"start":{"line":32,"column":26},"end":{"line":32,"column":58}},"type":"binary-expr","locations":[{"start":{"line":32,"column":26},"end":{"line":32,"column":50}},{"start":{"line":32,"column":54},"end":{"line":32,"column":58}}],"line":32},"4":{"loc":{"start":{"line":34,"column":4},"end":{"line":56,"column":5}},"type":"switch","locations":[{"start":{"line":35,"column":6},"end":{"line":37,"column":42}},{"start":{"line":39,"column":6},"end":{"line":41,"column":39}},{"start":{"line":43,"column":6},"end":{"line":48,"column":11}},{"start":{"line":50,"column":6},"end":{"line":52,"column":42}},{"start":{"line":54,"column":6},"end":{"line":55,"column":79}}],"line":34},"5":{"loc":{"start":{"line":47,"column":19},"end":{"line":47,"column":97}},"type":"cond-expr","locations":[{"start":{"line":47,"column":29},"end":{"line":47,"column":63}},{"start":{"line":47,"column":66},"end":{"line":47,"column":97}}],"line":47},"6":{"loc":{"start":{"line":75,"column":4},"end":{"line":77,"column":5}},"type":"if","locations":[{"start":{"line":75,"column":4},"end":{"line":77,"column":5}},{"start":{},"end":{}}],"line":75},"7":{"loc":{"start":{"line":81,"column":4},"end":{"line":83,"column":5}},"type":"if","locations":[{"start":{"line":81,"column":4},"end":{"line":83,"column":5}},{"start":{},"end":{}}],"line":81},"8":{"loc":{"start":{"line":89,"column":4},"end":{"line":91,"column":5}},"type":"if","locations":[{"start":{"line":89,"column":4},"end":{"line":91,"column":5}},{"start":{},"end":{}}],"line":89},"9":{"loc":{"start":{"line":89,"column":8},"end":{"line":89,"column":32}},"type":"binary-expr","locations":[{"start":{"line":89,"column":8},"end":{"line":89,"column":15}},{"start":{"line":89,"column":19},"end":{"line":89,"column":32}}],"line":89},"10":{"loc":{"start":{"line":93,"column":4},"end":{"line":131,"column":5}},"type":"switch","locations":[{"start":{"line":94,"column":6},"end":{"line":106,"column":11}},{"start":{"line":108,"column":6},"end":{"line":113,"column":11}},{"start":{"line":115,"column":6},"end":{"line":120,"column":11}},{"start":{"line":122,"column":6},"end":{"line":127,"column":11}},{"start":{"line":129,"column":6},"end":{"line":130,"column":79}}],"line":93},"11":{"loc":{"start":{"line":95,"column":8},"end":{"line":97,"column":9}},"type":"if","locations":[{"start":{"line":95,"column":8},"end":{"line":97,"column":9}},{"start":{},"end":{}}],"line":95},"12":{"loc":{"start":{"line":105,"column":19},"end":{"line":105,"column":104}},"type":"cond-expr","locations":[{"start":{"line":105,"column":35},"end":{"line":105,"column":70}},{"start":{"line":105,"column":73},"end":{"line":105,"column":104}}],"line":105},"13":{"loc":{"start":{"line":112,"column":19},"end":{"line":112,"column":96}},"type":"cond-expr","locations":[{"start":{"line":112,"column":34},"end":{"line":112,"column":65}},{"start":{"line":112,"column":68},"end":{"line":112,"column":96}}],"line":112},"14":{"loc":{"start":{"line":119,"column":19},"end":{"line":119,"column":92}},"type":"cond-expr","locations":[{"start":{"line":119,"column":32},"end":{"line":119,"column":63}},{"start":{"line":119,"column":66},"end":{"line":119,"column":92}}],"line":119},"15":{"loc":{"start":{"line":126,"column":19},"end":{"line":126,"column":100}},"type":"cond-expr","locations":[{"start":{"line":126,"column":35},"end":{"line":126,"column":68}},{"start":{"line":126,"column":71},"end":{"line":126,"column":100}}],"line":126}},"s":{"0":0,"1":0,"2":0,"3":0,"4":0,"5":0,"6":0,"7":0,"8":0,"9":0,"10":0,"11":0,"12":0,"13":0,"14":0,"15":0,"16":0,"17":0,"18":0,"19":0,"20":0,"21":0,"22":0,"23":0,"24":0,"25":0,"26":0,"27":0,"28":0,"29":0,"30":0,"31":0,"32":0,"33":0,"34":0,"35":0,"36":0,"37":0,"38":0,"39":0,"40":0,"41":0,"42":0,"43":0,"44":0,"45":0,"46":0,"47":0},"f":{"0":0,"1":0},"b":{"0":[0,0],"1":[0,0],"2":[0,0],"3":[0,0],"4":[0,0,0,0,0],"5":[0,0],"6":[0,0],"7":[0,0],"8":[0,0],"9":[0,0],"10":[0,0,0,0,0],"11":[0,0],"12":[0,0],"13":[0,0],"14":[0,0],"15":[0,0]}}
,"E:\\Reflectly\\app\\api\\chat\\route.ts": {"path":"E:\\Reflectly\\app\\api\\chat\\route.ts","statementMap":{"0":{"start":{"line":7,"column":23},"end":{"line":7,"column":38}},"1":{"start":{"line":10,"column":0},"end":{"line":10,"column":68}},"2":{"start":{"line":14,"column":20},"end":{"line":14,"column":114}},"3":{"start":{"line":15,"column":15},"end":{"line":15,"column":56}},"4":{"start":{"line":18,"column":15},"end":{"line":20,"column":2}},"5":{"start":{"line":23,"column":2},"end":{"line":201,"column":3}},"6":{"start":{"line":25,"column":62},"end":{"line":25,"column":82}},"7":{"start":{"line":27,"column":4},"end":{"line":32,"column":5}},"8":{"start":{"line":28,"column":6},"end":{"line":31,"column":8}},"9":{"start":{"line":35,"column":4},"end":{"line":41,"column":5}},"10":{"start":{"line":36,"column":6},"end":{"line":36,"column":91}},"11":{"start":{"line":37,"column":6},"end":{"line":40,"column":8}},"12":{"start":{"line":44,"column":17},"end":{"line":44,"column":21}},"13":{"start":{"line":45,"column":23},"end":{"line":45,"column":59}},"14":{"start":{"line":46,"column":4},"end":{"line":52,"column":5}},"15":{"start":{"line":47,"column":20},"end":{"line":47,"column":53}},"16":{"start":{"line":48,"column":33},"end":{"line":48,"column":67}},"17":{"start":{"line":49,"column":6},"end":{"line":51,"column":7}},"18":{"start":{"line":50,"column":8},"end":{"line":50,"column":25}},"19":{"start":{"line":55,"column":4},"end":{"line":63,"column":5}},"20":{"start":{"line":56,"column":27},"end":{"line":56,"column":61}},"21":{"start":{"line":57,"column":6},"end":{"line":62,"column":7}},"22":{"start":{"line":58,"column":8},"end":{"line":61,"column":28}},"23":{"start":{"line":66,"column":28},"end":{"line":66,"column":30}},"24":{"start":{"line":67,"column":4},"end":{"line":78,"column":5}},"25":{"start":{"line":68,"column":6},"end":{"line":68,"column":48}},"26":{"start":{"line":70,"column":6},"end":{"line":77,"column":9}},"27":{"start":{"line":71,"column":26},"end":{"line":71,"column":61}},"28":{"start":{"line":72,"column":33},"end":{"line":74,"column":40}},"29":{"start":{"line":76,"column":8},"end":{"line":76,"column":113}},"30":{"start":{"line":81,"column":33},"end":{"line":84,"column":7}},"31":{"start":{"line":81,"column":64},"end":{"line":84,"column":5}},"32":{"start":{"line":87,"column":26},"end":{"line":117,"column":5}},"33":{"start":{"line":120,"column":4},"end":{"line":166,"column":5}},"34":{"start":{"line":121,"column":29},"end":{"line":130,"column":8}},"35":{"start":{"line":133,"column":25},"end":{"line":133,"column":74}},"36":{"start":{"line":134,"column":6},"end":{"line":134,"column":93}},"37":{"start":{"line":136,"column":6},"end":{"line":139,"column":9}},"38":{"start":{"line":141,"column":6},"end":{"line":141,"column":88}},"39":{"start":{"line":144,"column":6},"end":{"line":165,"column":7}},"40":{"start":{"line":145,"column":35},"end":{"line":154,"column":10}},"41":{"start":{"line":156,"column":33},"end":{"line":156,"column":86}},"42":{"start":{"line":157,"column":8},"end":{"line":157,"column":91}},"43":{"start":{"line":159,"column":8},"end":{"line":162,"column":11}},"44":{"start":{"line":164,"column":8},"end":{"line":164,"column":28}},"45":{"start":{"line":168,"column":4},"end":{"line":168,"column":58}},"46":{"start":{"line":171,"column":4},"end":{"line":177,"column":5}},"47":{"start":{"line":172,"column":6},"end":{"line":176,"column":9}},"48":{"start":{"line":180,"column":4},"end":{"line":186,"column":5}},"49":{"start":{"line":181,"column":6},"end":{"line":181,"column":62}},"50":{"start":{"line":182,"column":6},"end":{"line":185,"column":8}},"51":{"start":{"line":189,"column":4},"end":{"line":195,"column":5}},"52":{"start":{"line":190,"column":6},"end":{"line":190,"column":59}},"53":{"start":{"line":191,"column":6},"end":{"line":194,"column":8}},"54":{"start":{"line":197,"column":4},"end":{"line":200,"column":6}},"55":{"start":{"line":206,"column":18},"end":{"line":206,"column":42}},"56":{"start":{"line":207,"column":15},"end":{"line":207,"column":39}},"57":{"start":{"line":208,"column":2},"end":{"line":208,"column":58}}},"fnMap":{"0":{"name":"POST","decl":{"start":{"line":22,"column":22},"end":{"line":22,"column":26}},"loc":{"start":{"line":22,"column":49},"end":{"line":202,"column":1}},"line":22},"1":{"name":"(anonymous_1)","decl":{"start":{"line":70,"column":25},"end":{"line":70,"column":26}},"loc":{"start":{"line":70,"column":38},"end":{"line":77,"column":7}},"line":70},"2":{"name":"(anonymous_2)","decl":{"start":{"line":81,"column":49},"end":{"line":81,"column":50}},"loc":{"start":{"line":81,"column":64},"end":{"line":84,"column":5}},"line":81},"3":{"name":"formatTimestamp","decl":{"start":{"line":205,"column":9},"end":{"line":205,"column":24}},"loc":{"start":{"line":205,"column":50},"end":{"line":209,"column":1}},"line":205}},"branchMap":{"0":{"loc":{"start":{"line":14,"column":20},"end":{"line":14,"column":114}},"type":"cond-expr","locations":[{"start":{"line":14,"column":60},"end":{"line":14,"column":86}},{"start":{"line":14,"column":89},"end":{"line":14,"column":114}}],"line":14},"1":{"loc":{"start":{"line":15,"column":15},"end":{"line":15,"column":56}},"type":"binary-expr","locations":[{"start":{"line":15,"column":15},"end":{"line":15,"column":41}},{"start":{"line":15,"column":45},"end":{"line":15,"column":56}}],"line":15},"2":{"loc":{"start":{"line":27,"column":4},"end":{"line":32,"column":5}},"type":"if","locations":[{"start":{"line":27,"column":4},"end":{"line":32,"column":5}},{"start":{},"end":{}}],"line":27},"3":{"loc":{"start":{"line":35,"column":4},"end":{"line":41,"column":5}},"type":"if","locations":[{"start":{"line":35,"column":4},"end":{"line":41,"column":5}},{"start":{},"end":{}}],"line":35},"4":{"loc":{"start":{"line":46,"column":4},"end":{"line":52,"column":5}},"type":"if","locations":[{"start":{"line":46,"column":4},"end":{"line":52,"column":5}},{"start":{},"end":{}}],"line":46},"5":{"loc":{"start":{"line":46,"column":8},"end":{"line":46,"column":54}},"type":"binary-expr","locations":[{"start":{"line":46,"column":8},"end":{"line":46,"column":18}},{"start":{"line":46,"column":22},"end":{"line":46,"column":54}}],"line":46},"6":{"loc":{"start":{"line":49,"column":6},"end":{"line":51,"column":7}},"type":"if","locations":[{"start":{"line":49,"column":6},"end":{"line":51,"column":7}},{"start":{},"end":{}}],"line":49},"7":{"loc":{"start":{"line":55,"column":4},"end":{"line":63,"column":5}},"type":"if","locations":[{"start":{"line":55,"column":4},"end":{"line":63,"column":5}},{"start":{},"end":{}}],"line":55},"8":{"loc":{"start":{"line":57,"column":6},"end":{"line":62,"column":7}},"type":"if","locations":[{"start":{"line":57,"column":6},"end":{"line":62,"column":7}},{"start":{},"end":{}}],"line":57},"9":{"loc":{"start":{"line":67,"column":4},"end":{"line":78,"column":5}},"type":"if","locations":[{"start":{"line":67,"column":4},"end":{"line":78,"column":5}},{"start":{},"end":{}}],"line":67},"10":{"loc":{"start":{"line":67,"column":8},"end":{"line":67,"column":72}},"type":"binary-expr","locations":[{"start":{"line":67,"column":8},"end":{"line":67,"column":18}},{"start":{"line":67,"column":22},"end":{"line":67,"column":47}},{"start":{"line":67,"column":51},"end":{"line":67,"column":72}}],"line":67},"11":{"loc":{"start":{"line":72,"column":33},"end":{"line":74,"column":40}},"type":"binary-expr","locations":[{"start":{"line":72,"column":33},"end":{"line":72,"column":44}},{"start":{"line":73,"column":10},"end":{"line":73,"column":43}},{"start":{"line":74,"column":10},"end":{"line":74,"column":40}}],"line":72},"12":{"loc":{"start":{"line":76,"column":46},"end":{"line":76,"column":91}},"type":"cond-expr","locations":[{"start":{"line":76,"column":65},"end":{"line":76,"column":86}},{"start":{"line":76,"column":89},"end":{"line":76,"column":91}}],"line":76},"13":{"loc":{"start":{"line":93,"column":2},"end":{"line":93,"column":118}},"type":"cond-expr","locations":[{"start":{"line":93,"column":22},"end":{"line":93,"column":82}},{"start":{"line":93,"column":85},"end":{"line":93,"column":118}}],"line":93},"14":{"loc":{"start":{"line":95,"column":29},"end":{"line":95,"column":83}},"type":"cond-expr","locations":[{"start":{"line":95,"column":43},"end":{"line":95,"column":71}},{"start":{"line":95,"column":74},"end":{"line":95,"column":83}}],"line":95},"15":{"loc":{"start":{"line":133,"column":25},"end":{"line":133,"column":74}},"type":"binary-expr","locations":[{"start":{"line":133,"column":25},"end":{"line":133,"column":68}},{"start":{"line":133,"column":72},"end":{"line":133,"column":74}}],"line":133},"16":{"loc":{"start":{"line":156,"column":33},"end":{"line":156,"column":86}},"type":"binary-expr","locations":[{"start":{"line":156,"column":33},"end":{"line":156,"column":80}},{"start":{"line":156,"column":84},"end":{"line":156,"column":86}}],"line":156},"17":{"loc":{"start":{"line":171,"column":4},"end":{"line":177,"column":5}},"type":"if","locations":[{"start":{"line":171,"column":4},"end":{"line":177,"column":5}},{"start":{},"end":{}}],"line":171},"18":{"loc":{"start":{"line":180,"column":4},"end":{"line":186,"column":5}},"type":"if","locations":[{"start":{"line":180,"column":4},"end":{"line":186,"column":5}},{"start":{},"end":{}}],"line":180},"19":{"loc":{"start":{"line":180,"column":8},"end":{"line":180,"column":58}},"type":"binary-expr","locations":[{"start":{"line":180,"column":8},"end":{"line":180,"column":21}},{"start":{"line":180,"column":25},"end":{"line":180,"column":58}}],"line":180},"20":{"loc":{"start":{"line":189,"column":4},"end":{"line":195,"column":5}},"type":"if","locations":[{"start":{"line":189,"column":4},"end":{"line":195,"column":5}},{"start":{},"end":{}}],"line":189},"21":{"loc":{"start":{"line":189,"column":8},"end":{"line":189,"column":61}},"type":"binary-expr","locations":[{"start":{"line":189,"column":8},"end":{"line":189,"column":21}},{"start":{"line":189,"column":25},"end":{"line":189,"column":61}}],"line":189}},"s":{"0":0,"1":0,"2":0,"3":0,"4":0,"5":0,"6":0,"7":0,"8":0,"9":0,"10":0,"11":0,"12":0,"13":0,"14":0,"15":0,"16":0,"17":0,"18":0,"19":0,"20":0,"21":0,"22":0,"23":0,"24":0,"25":0,"26":0,"27":0,"28":0,"29":0,"30":0,"31":0,"32":0,"33":0,"34":0,"35":0,"36":0,"37":0,"38":0,"39":0,"40":0,"41":0,"42":0,"43":0,"44":0,"45":0,"46":0,"47":0,"48":0,"49":0,"50":0,"51":0,"52":0,"53":0,"54":0,"55":0,"56":0,"57":0},"f":{"0":0,"1":0,"2":0,"3":0},"b":{"0":[0,0],"1":[0,0],"2":[0,0],"3":[0,0],"4":[0,0],"5":[0,0],"6":[0,0],"7":[0,0],"8":[0,0],"9":[0,0],"10":[0,0,0],"11":[0,0,0],"12":[0,0],"13":[0,0],"14":[0,0],"15":[0,0],"16":[0,0],"17":[0,0],"18":[0,0],"19":[0,0],"20":[0,0],"21":[0,0]}}
,"E:\\Reflectly\\app\\api\\chat\\history\\route.ts": {"path":"E:\\Reflectly\\app\\api\\chat\\history\\route.ts","statementMap":{"0":{"start":{"line":7,"column":2},"end":{"line":50,"column":3}},"1":{"start":{"line":9,"column":23},"end":{"line":9,"column":59}},"2":{"start":{"line":10,"column":4},"end":{"line":12,"column":5}},"3":{"start":{"line":11,"column":6},"end":{"line":11,"column":75}},"4":{"start":{"line":14,"column":18},"end":{"line":14,"column":51}},"5":{"start":{"line":17,"column":49},"end":{"line":17,"column":83}},"6":{"start":{"line":19,"column":4},"end":{"line":21,"column":5}},"7":{"start":{"line":20,"column":6},"end":{"line":20,"column":75}},"8":{"start":{"line":24,"column":29},"end":{"line":24,"column":49}},"9":{"start":{"line":25,"column":22},"end":{"line":25,"column":51}},"10":{"start":{"line":28,"column":16},"end":{"line":31,"column":29}},"11":{"start":{"line":34,"column":4},"end":{"line":36,"column":5}},"12":{"start":{"line":35,"column":6},"end":{"line":35,"column":48}},"13":{"start":{"line":39,"column":28},"end":{"line":39,"column":81}},"14":{"start":{"line":41,"column":4},"end":{"line":44,"column":5}},"15":{"start":{"line":42,"column":6},"end":{"line":42,"column":61}},"16":{"start":{"line":43,"column":6},"end":{"line":43,"column":74}},"17":{"start":{"line":46,"column":4},"end":{"line":46,"column":54}},"18":{"start":{"line":48,"column":4},"end":{"line":48,"column":57}},"19":{"start":{"line":49,"column":4},"end":{"line":49,"column":72}},"20":{"start":{"line":55,"column":2},"end":{"line":112,"column":3}},"21":{"start":{"line":57,"column":23},"end":{"line":57,"column":59}},"22":{"start":{"line":58,"column":4},"end":{"line":60,"column":5}},"23":{"start":{"line":59,"column":6},"end":{"line":59,"column":75}},"24":{"start":{"line":62,"column":18},"end":{"line":62,"column":51}},"25":{"start":{"line":65,"column":49},"end":{"line":65,"column":83}},"26":{"start":{"line":67,"column":4},"end":{"line":69,"column":5}},"27":{"start":{"line":68,"column":6},"end":{"line":68,"column":75}},"28":{"start":{"line":72,"column":53},"end":{"line":72,"column":73}},"29":{"start":{"line":75,"column":30},"end":{"line":80,"column":5}},"30":{"start":{"line":83,"column":4},"end":{"line":94,"column":5}},"31":{"start":{"line":84,"column":57},"end":{"line":89,"column":17}},"32":{"start":{"line":91,"column":6},"end":{"line":93,"column":7}},"33":{"start":{"line":92,"column":8},"end":{"line":92,"column":103}},"34":{"start":{"line":97,"column":28},"end":{"line":101,"column":15}},"35":{"start":{"line":103,"column":4},"end":{"line":106,"column":5}},"36":{"start":{"line":104,"column":6},"end":{"line":104,"column":59}},"37":{"start":{"line":105,"column":6},"end":{"line":105,"column":74}},"38":{"start":{"line":108,"column":4},"end":{"line":108,"column":69}},"39":{"start":{"line":110,"column":4},"end":{"line":110,"column":56}},"40":{"start":{"line":111,"column":4},"end":{"line":111,"column":72}}},"fnMap":{"0":{"name":"GET","decl":{"start":{"line":6,"column":22},"end":{"line":6,"column":25}},"loc":{"start":{"line":6,"column":48},"end":{"line":51,"column":1}},"line":6},"1":{"name":"POST","decl":{"start":{"line":54,"column":22},"end":{"line":54,"column":26}},"loc":{"start":{"line":54,"column":49},"end":{"line":113,"column":1}},"line":54}},"branchMap":{"0":{"loc":{"start":{"line":10,"column":4},"end":{"line":12,"column":5}},"type":"if","locations":[{"start":{"line":10,"column":4},"end":{"line":12,"column":5}},{"start":{},"end":{}}],"line":10},"1":{"loc":{"start":{"line":10,"column":8},"end":{"line":10,"column":56}},"type":"binary-expr","locations":[{"start":{"line":10,"column":8},"end":{"line":10,"column":19}},{"start":{"line":10,"column":23},"end":{"line":10,"column":56}}],"line":10},"2":{"loc":{"start":{"line":19,"column":4},"end":{"line":21,"column":5}},"type":"if","locations":[{"start":{"line":19,"column":4},"end":{"line":21,"column":5}},{"start":{},"end":{}}],"line":19},"3":{"loc":{"start":{"line":19,"column":8},"end":{"line":19,"column":26}},"type":"binary-expr","locations":[{"start":{"line":19,"column":8},"end":{"line":19,"column":17}},{"start":{"line":19,"column":21},"end":{"line":19,"column":26}}],"line":19},"4":{"loc":{"start":{"line":34,"column":4},"end":{"line":36,"column":5}},"type":"if","locations":[{"start":{"line":34,"column":4},"end":{"line":36,"column":5}},{"start":{},"end":{}}],"line":34},"5":{"loc":{"start":{"line":41,"column":4},"end":{"line":44,"column":5}},"type":"if","locations":[{"start":{"line":41,"column":4},"end":{"line":44,"column":5}},{"start":{},"end":{}}],"line":41},"6":{"loc":{"start":{"line":58,"column":4},"end":{"line":60,"column":5}},"type":"if","locations":[{"start":{"line":58,"column":4},"end":{"line":60,"column":5}},{"start":{},"end":{}}],"line":58},"7":{"loc":{"start":{"line":58,"column":8},"end":{"line":58,"column":56}},"type":"binary-expr","locations":[{"start":{"line":58,"column":8},"end":{"line":58,"column":19}},{"start":{"line":58,"column":23},"end":{"line":58,"column":56}}],"line":58},"8":{"loc":{"start":{"line":67,"column":4},"end":{"line":69,"column":5}},"type":"if","locations":[{"start":{"line":67,"column":4},"end":{"line":69,"column":5}},{"start":{},"end":{}}],"line":67},"9":{"loc":{"start":{"line":67,"column":8},"end":{"line":67,"column":26}},"type":"binary-expr","locations":[{"start":{"line":67,"column":8},"end":{"line":67,"column":17}},{"start":{"line":67,"column":21},"end":{"line":67,"column":26}}],"line":67},"10":{"loc":{"start":{"line":83,"column":4},"end":{"line":94,"column":5}},"type":"if","locations":[{"start":{"line":83,"column":4},"end":{"line":94,"column":5}},{"start":{},"end":{}}],"line":83},"11":{"loc":{"start":{"line":91,"column":6},"end":{"line":93,"column":7}},"type":"if","locations":[{"start":{"line":91,"column":6},"end":{"line":93,"column":7}},{"start":{},"end":{}}],"line":91},"12":{"loc":{"start":{"line":103,"column":4},"end":{"line":106,"column":5}},"type":"if","locations":[{"start":{"line":103,"column":4},"end":{"line":106,"column":5}},{"start":{},"end":{}}],"line":103}},"s":{"0":0,"1":0,"2":0,"3":0,"4":0,"5":0,"6":0,"7":0,"8":0,"9":0,"10":0,"11":0,"12":0,"13":0,"14":0,"15":0,"16":0,"17":0,"18":0,"19":0,"20":0,"21":0,"22":0,"23":0,"24":0,"25":0,"26":0,"27":0,"28":0,"29":0,"30":0,"31":0,"32":0,"33":0,"34":0,"35":0,"36":0,"37":0,"38":0,"39":0,"40":0},"f":{"0":0,"1":0},"b":{"0":[0,0],"1":[0,0],"2":[0,0],"3":[0,0],"4":[0,0],"5":[0,0],"6":[0,0],"7":[0,0],"8":[0,0],"9":[0,0],"10":[0,0],"11":[0,0],"12":[0,0]}}
,"E:\\Reflectly\\app\\api\\chat\\history\\[id]\\route.ts": {"path":"E:\\Reflectly\\app\\api\\chat\\history\\[id]\\route.ts","statementMap":{"0":{"start":{"line":10,"column":2},"end":{"line":48,"column":3}},"1":{"start":{"line":11,"column":19},"end":{"line":11,"column":25}},"2":{"start":{"line":14,"column":23},"end":{"line":14,"column":59}},"3":{"start":{"line":15,"column":4},"end":{"line":17,"column":5}},"4":{"start":{"line":16,"column":6},"end":{"line":16,"column":75}},"5":{"start":{"line":19,"column":18},"end":{"line":19,"column":51}},"6":{"start":{"line":22,"column":49},"end":{"line":22,"column":83}},"7":{"start":{"line":24,"column":4},"end":{"line":26,"column":5}},"8":{"start":{"line":25,"column":6},"end":{"line":25,"column":75}},"9":{"start":{"line":29,"column":28},"end":{"line":34,"column":15}},"10":{"start":{"line":36,"column":4},"end":{"line":42,"column":5}},"11":{"start":{"line":37,"column":6},"end":{"line":39,"column":7}},"12":{"start":{"line":38,"column":8},"end":{"line":38,"column":87}},"13":{"start":{"line":40,"column":6},"end":{"line":40,"column":59}},"14":{"start":{"line":41,"column":6},"end":{"line":41,"column":74}},"15":{"start":{"line":44,"column":4},"end":{"line":44,"column":52}},"16":{"start":{"line":46,"column":4},"end":{"line":46,"column":55}},"17":{"start":{"line":47,"column":4},"end":{"line":47,"column":72}},"18":{"start":{"line":56,"column":2},"end":{"line":117,"column":3}},"19":{"start":{"line":57,"column":19},"end":{"line":57,"column":25}},"20":{"start":{"line":60,"column":23},"end":{"line":60,"column":59}},"21":{"start":{"line":61,"column":4},"end":{"line":63,"column":5}},"22":{"start":{"line":62,"column":6},"end":{"line":62,"column":75}},"23":{"start":{"line":65,"column":18},"end":{"line":65,"column":51}},"24":{"start":{"line":68,"column":49},"end":{"line":68,"column":83}},"25":{"start":{"line":70,"column":4},"end":{"line":72,"column":5}},"26":{"start":{"line":71,"column":6},"end":{"line":71,"column":75}},"27":{"start":{"line":75,"column":48},"end":{"line":75,"column":68}},"28":{"start":{"line":78,"column":25},"end":{"line":81,"column":5}},"29":{"start":{"line":84,"column":54},"end":{"line":89,"column":15}},"30":{"start":{"line":91,"column":4},"end":{"line":97,"column":5}},"31":{"start":{"line":92,"column":6},"end":{"line":94,"column":7}},"32":{"start":{"line":93,"column":8},"end":{"line":93,"column":87}},"33":{"start":{"line":95,"column":6},"end":{"line":95,"column":64}},"34":{"start":{"line":96,"column":6},"end":{"line":96,"column":79}},"35":{"start":{"line":100,"column":28},"end":{"line":106,"column":15}},"36":{"start":{"line":108,"column":4},"end":{"line":111,"column":5}},"37":{"start":{"line":109,"column":6},"end":{"line":109,"column":59}},"38":{"start":{"line":110,"column":6},"end":{"line":110,"column":74}},"39":{"start":{"line":113,"column":4},"end":{"line":113,"column":52}},"40":{"start":{"line":115,"column":4},"end":{"line":115,"column":57}},"41":{"start":{"line":116,"column":4},"end":{"line":116,"column":72}},"42":{"start":{"line":125,"column":2},"end":{"line":175,"column":3}},"43":{"start":{"line":126,"column":19},"end":{"line":126,"column":25}},"44":{"start":{"line":129,"column":23},"end":{"line":129,"column":59}},"45":{"start":{"line":130,"column":4},"end":{"line":132,"column":5}},"46":{"start":{"line":131,"column":6},"end":{"line":131,"column":75}},"47":{"start":{"line":134,"column":18},"end":{"line":134,"column":51}},"48":{"start":{"line":137,"column":49},"end":{"line":137,"column":83}},"49":{"start":{"line":139,"column":4},"end":{"line":141,"column":5}},"50":{"start":{"line":140,"column":6},"end":{"line":140,"column":75}},"51":{"start":{"line":144,"column":54},"end":{"line":149,"column":15}},"52":{"start":{"line":151,"column":4},"end":{"line":157,"column":5}},"53":{"start":{"line":152,"column":6},"end":{"line":154,"column":7}},"54":{"start":{"line":153,"column":8},"end":{"line":153,"column":87}},"55":{"start":{"line":155,"column":6},"end":{"line":155,"column":64}},"56":{"start":{"line":156,"column":6},"end":{"line":156,"column":79}},"57":{"start":{"line":160,"column":22},"end":{"line":164,"column":29}},"58":{"start":{"line":166,"column":4},"end":{"line":169,"column":5}},"59":{"start":{"line":167,"column":6},"end":{"line":167,"column":59}},"60":{"start":{"line":168,"column":6},"end":{"line":168,"column":74}},"61":{"start":{"line":171,"column":4},"end":{"line":171,"column":48}},"62":{"start":{"line":173,"column":4},"end":{"line":173,"column":58}},"63":{"start":{"line":174,"column":4},"end":{"line":174,"column":72}}},"fnMap":{"0":{"name":"GET","decl":{"start":{"line":6,"column":22},"end":{"line":6,"column":25}},"loc":{"start":{"line":9,"column":2},"end":{"line":49,"column":1}},"line":9},"1":{"name":"PATCH","decl":{"start":{"line":52,"column":22},"end":{"line":52,"column":27}},"loc":{"start":{"line":55,"column":2},"end":{"line":118,"column":1}},"line":55},"2":{"name":"DELETE","decl":{"start":{"line":121,"column":22},"end":{"line":121,"column":28}},"loc":{"start":{"line":124,"column":2},"end":{"line":176,"column":1}},"line":124}},"branchMap":{"0":{"loc":{"start":{"line":15,"column":4},"end":{"line":17,"column":5}},"type":"if","locations":[{"start":{"line":15,"column":4},"end":{"line":17,"column":5}},{"start":{},"end":{}}],"line":15},"1":{"loc":{"start":{"line":15,"column":8},"end":{"line":15,"column":56}},"type":"binary-expr","locations":[{"start":{"line":15,"column":8},"end":{"line":15,"column":19}},{"start":{"line":15,"column":23},"end":{"line":15,"column":56}}],"line":15},"2":{"loc":{"start":{"line":24,"column":4},"end":{"line":26,"column":5}},"type":"if","locations":[{"start":{"line":24,"column":4},"end":{"line":26,"column":5}},{"start":{},"end":{}}],"line":24},"3":{"loc":{"start":{"line":24,"column":8},"end":{"line":24,"column":26}},"type":"binary-expr","locations":[{"start":{"line":24,"column":8},"end":{"line":24,"column":17}},{"start":{"line":24,"column":21},"end":{"line":24,"column":26}}],"line":24},"4":{"loc":{"start":{"line":36,"column":4},"end":{"line":42,"column":5}},"type":"if","locations":[{"start":{"line":36,"column":4},"end":{"line":42,"column":5}},{"start":{},"end":{}}],"line":36},"5":{"loc":{"start":{"line":37,"column":6},"end":{"line":39,"column":7}},"type":"if","locations":[{"start":{"line":37,"column":6},"end":{"line":39,"column":7}},{"start":{},"end":{}}],"line":37},"6":{"loc":{"start":{"line":61,"column":4},"end":{"line":63,"column":5}},"type":"if","locations":[{"start":{"line":61,"column":4},"end":{"line":63,"column":5}},{"start":{},"end":{}}],"line":61},"7":{"loc":{"start":{"line":61,"column":8},"end":{"line":61,"column":56}},"type":"binary-expr","locations":[{"start":{"line":61,"column":8},"end":{"line":61,"column":19}},{"start":{"line":61,"column":23},"end":{"line":61,"column":56}}],"line":61},"8":{"loc":{"start":{"line":70,"column":4},"end":{"line":72,"column":5}},"type":"if","locations":[{"start":{"line":70,"column":4},"end":{"line":72,"column":5}},{"start":{},"end":{}}],"line":70},"9":{"loc":{"start":{"line":70,"column":8},"end":{"line":70,"column":26}},"type":"binary-expr","locations":[{"start":{"line":70,"column":8},"end":{"line":70,"column":17}},{"start":{"line":70,"column":21},"end":{"line":70,"column":26}}],"line":70},"10":{"loc":{"start":{"line":91,"column":4},"end":{"line":97,"column":5}},"type":"if","locations":[{"start":{"line":91,"column":4},"end":{"line":97,"column":5}},{"start":{},"end":{}}],"line":91},"11":{"loc":{"start":{"line":92,"column":6},"end":{"line":94,"column":7}},"type":"if","locations":[{"start":{"line":92,"column":6},"end":{"line":94,"column":7}},{"start":{},"end":{}}],"line":92},"12":{"loc":{"start":{"line":108,"column":4},"end":{"line":111,"column":5}},"type":"if","locations":[{"start":{"line":108,"column":4},"end":{"line":111,"column":5}},{"start":{},"end":{}}],"line":108},"13":{"loc":{"start":{"line":130,"column":4},"end":{"line":132,"column":5}},"type":"if","locations":[{"start":{"line":130,"column":4},"end":{"line":132,"column":5}},{"start":{},"end":{}}],"line":130},"14":{"loc":{"start":{"line":130,"column":8},"end":{"line":130,"column":56}},"type":"binary-expr","locations":[{"start":{"line":130,"column":8},"end":{"line":130,"column":19}},{"start":{"line":130,"column":23},"end":{"line":130,"column":56}}],"line":130},"15":{"loc":{"start":{"line":139,"column":4},"end":{"line":141,"column":5}},"type":"if","locations":[{"start":{"line":139,"column":4},"end":{"line":141,"column":5}},{"start":{},"end":{}}],"line":139},"16":{"loc":{"start":{"line":139,"column":8},"end":{"line":139,"column":26}},"type":"binary-expr","locations":[{"start":{"line":139,"column":8},"end":{"line":139,"column":17}},{"start":{"line":139,"column":21},"end":{"line":139,"column":26}}],"line":139},"17":{"loc":{"start":{"line":151,"column":4},"end":{"line":157,"column":5}},"type":"if","locations":[{"start":{"line":151,"column":4},"end":{"line":157,"column":5}},{"start":{},"end":{}}],"line":151},"18":{"loc":{"start":{"line":152,"column":6},"end":{"line":154,"column":7}},"type":"if","locations":[{"start":{"line":152,"column":6},"end":{"line":154,"column":7}},{"start":{},"end":{}}],"line":152},"19":{"loc":{"start":{"line":166,"column":4},"end":{"line":169,"column":5}},"type":"if","locations":[{"start":{"line":166,"column":4},"end":{"line":169,"column":5}},{"start":{},"end":{}}],"line":166}},"s":{"0":0,"1":0,"2":0,"3":0,"4":0,"5":0,"6":0,"7":0,"8":0,"9":0,"10":0,"11":0,"12":0,"13":0,"14":0,"15":0,"16":0,"17":0,"18":0,"19":0,"20":0,"21":0,"22":0,"23":0,"24":0,"25":0,"26":0,"27":0,"28":0,"29":0,"30":0,"31":0,"32":0,"33":0,"34":0,"35":0,"36":0,"37":0,"38":0,"39":0,"40":0,"41":0,"42":0,"43":0,"44":0,"45":0,"46":0,"47":0,"48":0,"49":0,"50":0,"51":0,"52":0,"53":0,"54":0,"55":0,"56":0,"57":0,"58":0,"59":0,"60":0,"61":0,"62":0,"63":0},"f":{"0":0,"1":0,"2":0},"b":{"0":[0,0],"1":[0,0],"2":[0,0],"3":[0,0],"4":[0,0],"5":[0,0],"6":[0,0],"7":[0,0],"8":[0,0],"9":[0,0],"10":[0,0],"11":[0,0],"12":[0,0],"13":[0,0],"14":[0,0],"15":[0,0],"16":[0,0],"17":[0,0],"18":[0,0],"19":[0,0]}}
,"E:\\Reflectly\\app\\api\\clerk-webhook\\route.ts": {"path":"E:\\Reflectly\\app\\api\\clerk-webhook\\route.ts","statementMap":{"0":{"start":{"line":9,"column":24},"end":{"line":9,"column":33}},"1":{"start":{"line":10,"column":18},"end":{"line":10,"column":46}},"2":{"start":{"line":11,"column":25},"end":{"line":11,"column":60}},"3":{"start":{"line":12,"column":25},"end":{"line":12,"column":60}},"4":{"start":{"line":15,"column":2},"end":{"line":19,"column":3}},"5":{"start":{"line":16,"column":4},"end":{"line":18,"column":7}},"6":{"start":{"line":22,"column":18},"end":{"line":22,"column":34}},"7":{"start":{"line":23,"column":15},"end":{"line":23,"column":38}},"8":{"start":{"line":26,"column":24},"end":{"line":26,"column":56}},"9":{"start":{"line":28,"column":2},"end":{"line":33,"column":3}},"10":{"start":{"line":29,"column":4},"end":{"line":29,"column":71}},"11":{"start":{"line":30,"column":4},"end":{"line":32,"column":7}},"12":{"start":{"line":36,"column":13},"end":{"line":36,"column":39}},"13":{"start":{"line":41,"column":2},"end":{"line":52,"column":3}},"14":{"start":{"line":42,"column":4},"end":{"line":46,"column":23}},"15":{"start":{"line":48,"column":4},"end":{"line":48,"column":51}},"16":{"start":{"line":49,"column":4},"end":{"line":51,"column":7}},"17":{"start":{"line":55,"column":20},"end":{"line":55,"column":28}},"18":{"start":{"line":57,"column":2},"end":{"line":108,"column":3}},"19":{"start":{"line":58,"column":4},"end":{"line":83,"column":5}},"20":{"start":{"line":60,"column":82},"end":{"line":60,"column":90}},"21":{"start":{"line":62,"column":27},"end":{"line":62,"column":62}},"22":{"start":{"line":65,"column":24},"end":{"line":78,"column":10}},"23":{"start":{"line":80,"column":6},"end":{"line":82,"column":7}},"24":{"start":{"line":81,"column":8},"end":{"line":81,"column":76}},"25":{"start":{"line":85,"column":4},"end":{"line":100,"column":5}},"26":{"start":{"line":87,"column":21},"end":{"line":87,"column":29}},"27":{"start":{"line":89,"column":24},"end":{"line":95,"column":22}},"28":{"start":{"line":97,"column":6},"end":{"line":99,"column":7}},"29":{"start":{"line":98,"column":8},"end":{"line":98,"column":87}},"30":{"start":{"line":102,"column":4},"end":{"line":102,"column":75}},"31":{"start":{"line":104,"column":4},"end":{"line":104,"column":54}},"32":{"start":{"line":105,"column":4},"end":{"line":107,"column":7}}},"fnMap":{"0":{"name":"POST","decl":{"start":{"line":7,"column":22},"end":{"line":7,"column":26}},"loc":{"start":{"line":7,"column":41},"end":{"line":109,"column":1}},"line":7}},"branchMap":{"0":{"loc":{"start":{"line":15,"column":2},"end":{"line":19,"column":3}},"type":"if","locations":[{"start":{"line":15,"column":2},"end":{"line":19,"column":3}},{"start":{},"end":{}}],"line":15},"1":{"loc":{"start":{"line":15,"column":6},"end":{"line":15,"column":52}},"type":"binary-expr","locations":[{"start":{"line":15,"column":6},"end":{"line":15,"column":14}},{"start":{"line":15,"column":18},"end":{"line":15,"column":33}},{"start":{"line":15,"column":37},"end":{"line":15,"column":52}}],"line":15},"2":{"loc":{"start":{"line":28,"column":2},"end":{"line":33,"column":3}},"type":"if","locations":[{"start":{"line":28,"column":2},"end":{"line":33,"column":3}},{"start":{},"end":{}}],"line":28},"3":{"loc":{"start":{"line":58,"column":4},"end":{"line":83,"column":5}},"type":"if","locations":[{"start":{"line":58,"column":4},"end":{"line":83,"column":5}},{"start":{},"end":{}}],"line":58},"4":{"loc":{"start":{"line":58,"column":8},"end":{"line":58,"column":68}},"type":"binary-expr","locations":[{"start":{"line":58,"column":8},"end":{"line":58,"column":36}},{"start":{"line":58,"column":40},"end":{"line":58,"column":68}}],"line":58},"5":{"loc":{"start":{"line":70,"column":20},"end":{"line":70,"column":59}},"type":"binary-expr","locations":[{"start":{"line":70,"column":20},"end":{"line":70,"column":28}},{"start":{"line":70,"column":32},"end":{"line":70,"column":59}}],"line":70},"6":{"loc":{"start":{"line":71,"column":22},"end":{"line":71,"column":38}},"type":"binary-expr","locations":[{"start":{"line":71,"column":22},"end":{"line":71,"column":32}},{"start":{"line":71,"column":36},"end":{"line":71,"column":38}}],"line":71},"7":{"loc":{"start":{"line":72,"column":21},"end":{"line":72,"column":36}},"type":"binary-expr","locations":[{"start":{"line":72,"column":21},"end":{"line":72,"column":30}},{"start":{"line":72,"column":34},"end":{"line":72,"column":36}}],"line":72},"8":{"loc":{"start":{"line":80,"column":6},"end":{"line":82,"column":7}},"type":"if","locations":[{"start":{"line":80,"column":6},"end":{"line":82,"column":7}},{"start":{},"end":{}}],"line":80},"9":{"loc":{"start":{"line":85,"column":4},"end":{"line":100,"column":5}},"type":"if","locations":[{"start":{"line":85,"column":4},"end":{"line":100,"column":5}},{"start":{},"end":{}}],"line":85},"10":{"loc":{"start":{"line":97,"column":6},"end":{"line":99,"column":7}},"type":"if","locations":[{"start":{"line":97,"column":6},"end":{"line":99,"column":7}},{"start":{},"end":{}}],"line":97}},"s":{"0":0,"1":0,"2":0,"3":0,"4":0,"5":0,"6":0,"7":0,"8":0,"9":0,"10":0,"11":0,"12":0,"13":0,"14":0,"15":0,"16":0,"17":0,"18":0,"19":0,"20":0,"21":0,"22":0,"23":0,"24":0,"25":0,"26":0,"27":0,"28":0,"29":0,"30":0,"31":0,"32":0},"f":{"0":0},"b":{"0":[0,0],"1":[0,0,0],"2":[0,0],"3":[0,0],"4":[0,0],"5":[0,0],"6":[0,0],"7":[0,0],"8":[0,0],"9":[0,0],"10":[0,0]}}
,"E:\\Reflectly\\app\\api\\health\\route.ts": {"path":"E:\\Reflectly\\app\\api\\health\\route.ts","statementMap":{"0":{"start":{"line":39,"column":2},"end":{"line":89,"column":3}},"1":{"start":{"line":41,"column":31},"end":{"line":67,"column":5}},"2":{"start":{"line":70,"column":4},"end":{"line":80,"column":5}},"3":{"start":{"line":71,"column":21},"end":{"line":71,"column":34}},"4":{"start":{"line":72,"column":20},"end":{"line":72,"column":41}},"5":{"start":{"line":73,"column":6},"end":{"line":77,"column":8}},"6":{"start":{"line":79,"column":6},"end":{"line":79,"column":64}},"7":{"start":{"line":82,"column":4},"end":{"line":82,"column":37}},"8":{"start":{"line":84,"column":4},"end":{"line":84,"column":48}},"9":{"start":{"line":85,"column":4},"end":{"line":88,"column":6}}},"fnMap":{"0":{"name":"GET","decl":{"start":{"line":38,"column":22},"end":{"line":38,"column":25}},"loc":{"start":{"line":38,"column":28},"end":{"line":90,"column":1}},"line":38}},"branchMap":{"0":{"loc":{"start":{"line":45,"column":19},"end":{"line":45,"column":56}},"type":"binary-expr","locations":[{"start":{"line":45,"column":19},"end":{"line":45,"column":39}},{"start":{"line":45,"column":43},"end":{"line":45,"column":56}}],"line":45}},"s":{"0":0,"1":0,"2":0,"3":0,"4":0,"5":0,"6":0,"7":0,"8":0,"9":0},"f":{"0":0},"b":{"0":[0,0]}}
,"E:\\Reflectly\\app\\api\\lemonsqueezy-webhook\\route.ts": {"path":"E:\\Reflectly\\app\\api\\lemonsqueezy-webhook\\route.ts","statementMap":{"0":{"start":{"line":7,"column":23},"end":{"line":7,"column":38}},"1":{"start":{"line":53,"column":2},"end":{"line":133,"column":3}},"2":{"start":{"line":55,"column":20},"end":{"line":55,"column":40}},"3":{"start":{"line":56,"column":17},"end":{"line":56,"column":57}},"4":{"start":{"line":59,"column":22},"end":{"line":59,"column":56}},"5":{"start":{"line":60,"column":4},"end":{"line":63,"column":5}},"6":{"start":{"line":61,"column":6},"end":{"line":61,"column":56}},"7":{"start":{"line":62,"column":6},"end":{"line":62,"column":75}},"8":{"start":{"line":66,"column":26},"end":{"line":66,"column":65}},"9":{"start":{"line":67,"column":4},"end":{"line":70,"column":5}},"10":{"start":{"line":68,"column":6},"end":{"line":68,"column":53}},"11":{"start":{"line":69,"column":6},"end":{"line":69,"column":82}},"12":{"start":{"line":73,"column":17},"end":{"line":73,"column":59}},"13":{"start":{"line":74,"column":4},"end":{"line":74,"column":25}},"14":{"start":{"line":75,"column":31},"end":{"line":75,"column":49}},"15":{"start":{"line":78,"column":4},"end":{"line":81,"column":5}},"16":{"start":{"line":79,"column":6},"end":{"line":79,"column":49}},"17":{"start":{"line":80,"column":6},"end":{"line":80,"column":75}},"18":{"start":{"line":84,"column":22},"end":{"line":84,"column":42}},"19":{"start":{"line":87,"column":19},"end":{"line":87,"column":48}},"20":{"start":{"line":88,"column":4},"end":{"line":91,"column":5}},"21":{"start":{"line":89,"column":6},"end":{"line":89,"column":59}},"22":{"start":{"line":90,"column":6},"end":{"line":90,"column":78}},"23":{"start":{"line":94,"column":4},"end":{"line":126,"column":5}},"24":{"start":{"line":96,"column":8},"end":{"line":96,"column":54}},"25":{"start":{"line":97,"column":8},"end":{"line":97,"column":14}},"26":{"start":{"line":99,"column":8},"end":{"line":99,"column":54}},"27":{"start":{"line":100,"column":8},"end":{"line":100,"column":14}},"28":{"start":{"line":102,"column":8},"end":{"line":102,"column":56}},"29":{"start":{"line":103,"column":8},"end":{"line":103,"column":14}},"30":{"start":{"line":105,"column":8},"end":{"line":105,"column":54}},"31":{"start":{"line":106,"column":8},"end":{"line":106,"column":14}},"32":{"start":{"line":108,"column":8},"end":{"line":108,"column":54}},"33":{"start":{"line":109,"column":8},"end":{"line":109,"column":14}},"34":{"start":{"line":111,"column":8},"end":{"line":111,"column":53}},"35":{"start":{"line":112,"column":8},"end":{"line":112,"column":14}},"36":{"start":{"line":114,"column":8},"end":{"line":114,"column":55}},"37":{"start":{"line":115,"column":8},"end":{"line":115,"column":14}},"38":{"start":{"line":118,"column":8},"end":{"line":118,"column":56}},"39":{"start":{"line":119,"column":8},"end":{"line":119,"column":14}},"40":{"start":{"line":122,"column":8},"end":{"line":122,"column":48}},"41":{"start":{"line":123,"column":8},"end":{"line":123,"column":14}},"42":{"start":{"line":125,"column":8},"end":{"line":125,"column":58}},"43":{"start":{"line":129,"column":4},"end":{"line":129,"column":48}},"44":{"start":{"line":131,"column":4},"end":{"line":131,"column":54}},"45":{"start":{"line":132,"column":4},"end":{"line":132,"column":82}},"46":{"start":{"line":138,"column":2},"end":{"line":164,"column":3}},"47":{"start":{"line":139,"column":23},"end":{"line":139,"column":44}},"48":{"start":{"line":140,"column":27},"end":{"line":140,"column":40}},"49":{"start":{"line":141,"column":22},"end":{"line":141,"column":54}},"50":{"start":{"line":142,"column":19},"end":{"line":142,"column":36}},"51":{"start":{"line":143,"column":21},"end":{"line":143,"column":41}},"52":{"start":{"line":147,"column":30},"end":{"line":147,"column":80}},"53":{"start":{"line":148,"column":21},"end":{"line":148,"column":79}},"54":{"start":{"line":151,"column":4},"end":{"line":158,"column":7}},"55":{"start":{"line":160,"column":4},"end":{"line":160,"column":59}},"56":{"start":{"line":162,"column":4},"end":{"line":162,"column":65}},"57":{"start":{"line":163,"column":4},"end":{"line":163,"column":16}},"58":{"start":{"line":169,"column":2},"end":{"line":187,"column":3}},"59":{"start":{"line":170,"column":23},"end":{"line":170,"column":44}},"60":{"start":{"line":171,"column":27},"end":{"line":171,"column":40}},"61":{"start":{"line":172,"column":19},"end":{"line":172,"column":36}},"62":{"start":{"line":173,"column":21},"end":{"line":173,"column":41}},"63":{"start":{"line":176,"column":4},"end":{"line":181,"column":7}},"64":{"start":{"line":183,"column":4},"end":{"line":183,"column":59}},"65":{"start":{"line":185,"column":4},"end":{"line":185,"column":65}},"66":{"start":{"line":186,"column":4},"end":{"line":186,"column":16}},"67":{"start":{"line":192,"column":2},"end":{"line":206,"column":3}},"68":{"start":{"line":193,"column":27},"end":{"line":193,"column":40}},"69":{"start":{"line":196,"column":4},"end":{"line":200,"column":7}},"70":{"start":{"line":202,"column":4},"end":{"line":202,"column":61}},"71":{"start":{"line":204,"column":4},"end":{"line":204,"column":67}},"72":{"start":{"line":205,"column":4},"end":{"line":205,"column":16}},"73":{"start":{"line":211,"column":2},"end":{"line":228,"column":3}},"74":{"start":{"line":212,"column":23},"end":{"line":212,"column":44}},"75":{"start":{"line":213,"column":27},"end":{"line":213,"column":40}},"76":{"start":{"line":214,"column":21},"end":{"line":214,"column":41}},"77":{"start":{"line":217,"column":4},"end":{"line":222,"column":7}},"78":{"start":{"line":224,"column":4},"end":{"line":224,"column":59}},"79":{"start":{"line":226,"column":4},"end":{"line":226,"column":65}},"80":{"start":{"line":227,"column":4},"end":{"line":227,"column":16}},"81":{"start":{"line":233,"column":2},"end":{"line":247,"column":3}},"82":{"start":{"line":234,"column":27},"end":{"line":234,"column":40}},"83":{"start":{"line":237,"column":4},"end":{"line":241,"column":7}},"84":{"start":{"line":243,"column":4},"end":{"line":243,"column":59}},"85":{"start":{"line":245,"column":4},"end":{"line":245,"column":65}},"86":{"start":{"line":246,"column":4},"end":{"line":246,"column":16}},"87":{"start":{"line":252,"column":2},"end":{"line":266,"column":3}},"88":{"start":{"line":253,"column":27},"end":{"line":253,"column":40}},"89":{"start":{"line":256,"column":4},"end":{"line":260,"column":7}},"90":{"start":{"line":262,"column":4},"end":{"line":262,"column":58}},"91":{"start":{"line":264,"column":4},"end":{"line":264,"column":64}},"92":{"start":{"line":265,"column":4},"end":{"line":265,"column":16}},"93":{"start":{"line":271,"column":2},"end":{"line":288,"column":3}},"94":{"start":{"line":272,"column":23},"end":{"line":272,"column":44}},"95":{"start":{"line":273,"column":27},"end":{"line":273,"column":40}},"96":{"start":{"line":274,"column":21},"end":{"line":274,"column":41}},"97":{"start":{"line":277,"column":4},"end":{"line":282,"column":7}},"98":{"start":{"line":284,"column":4},"end":{"line":284,"column":60}},"99":{"start":{"line":286,"column":4},"end":{"line":286,"column":66}},"100":{"start":{"line":287,"column":4},"end":{"line":287,"column":16}},"101":{"start":{"line":293,"column":2},"end":{"line":312,"column":3}},"102":{"start":{"line":294,"column":27},"end":{"line":294,"column":40}},"103":{"start":{"line":297,"column":25},"end":{"line":297,"column":73}},"104":{"start":{"line":300,"column":4},"end":{"line":308,"column":5}},"105":{"start":{"line":301,"column":6},"end":{"line":305,"column":9}},"106":{"start":{"line":307,"column":6},"end":{"line":307,"column":62}},"107":{"start":{"line":310,"column":4},"end":{"line":310,"column":59}},"108":{"start":{"line":311,"column":4},"end":{"line":311,"column":16}}},"fnMap":{"0":{"name":"POST","decl":{"start":{"line":52,"column":22},"end":{"line":52,"column":26}},"loc":{"start":{"line":52,"column":49},"end":{"line":134,"column":1}},"line":52},"1":{"name":"handleSubscriptionCreated","decl":{"start":{"line":137,"column":15},"end":{"line":137,"column":40}},"loc":{"start":{"line":137,"column":83},"end":{"line":165,"column":1}},"line":137},"2":{"name":"handleSubscriptionUpdated","decl":{"start":{"line":168,"column":15},"end":{"line":168,"column":40}},"loc":{"start":{"line":168,"column":83},"end":{"line":188,"column":1}},"line":168},"3":{"name":"handleSubscriptionCancelled","decl":{"start":{"line":191,"column":15},"end":{"line":191,"column":42}},"loc":{"start":{"line":191,"column":85},"end":{"line":207,"column":1}},"line":191},"4":{"name":"handleSubscriptionResumed","decl":{"start":{"line":210,"column":15},"end":{"line":210,"column":40}},"loc":{"start":{"line":210,"column":83},"end":{"line":229,"column":1}},"line":210},"5":{"name":"handleSubscriptionExpired","decl":{"start":{"line":232,"column":15},"end":{"line":232,"column":40}},"loc":{"start":{"line":232,"column":83},"end":{"line":248,"column":1}},"line":232},"6":{"name":"handleSubscriptionPaused","decl":{"start":{"line":251,"column":15},"end":{"line":251,"column":39}},"loc":{"start":{"line":251,"column":82},"end":{"line":267,"column":1}},"line":251},"7":{"name":"handleSubscriptionUnpaused","decl":{"start":{"line":270,"column":15},"end":{"line":270,"column":41}},"loc":{"start":{"line":270,"column":84},"end":{"line":289,"column":1}},"line":270},"8":{"name":"handleOrderRefunded","decl":{"start":{"line":292,"column":15},"end":{"line":292,"column":34}},"loc":{"start":{"line":292,"column":77},"end":{"line":313,"column":1}},"line":292}},"branchMap":{"0":{"loc":{"start":{"line":60,"column":4},"end":{"line":63,"column":5}},"type":"if","locations":[{"start":{"line":60,"column":4},"end":{"line":63,"column":5}},{"start":{},"end":{}}],"line":60},"1":{"loc":{"start":{"line":67,"column":4},"end":{"line":70,"column":5}},"type":"if","locations":[{"start":{"line":67,"column":4},"end":{"line":70,"column":5}},{"start":{},"end":{}}],"line":67},"2":{"loc":{"start":{"line":78,"column":4},"end":{"line":81,"column":5}},"type":"if","locations":[{"start":{"line":78,"column":4},"end":{"line":81,"column":5}},{"start":{},"end":{}}],"line":78},"3":{"loc":{"start":{"line":88,"column":4},"end":{"line":91,"column":5}},"type":"if","locations":[{"start":{"line":88,"column":4},"end":{"line":91,"column":5}},{"start":{},"end":{}}],"line":88},"4":{"loc":{"start":{"line":94,"column":4},"end":{"line":126,"column":5}},"type":"switch","locations":[{"start":{"line":95,"column":6},"end":{"line":97,"column":14}},{"start":{"line":98,"column":6},"end":{"line":100,"column":14}},{"start":{"line":101,"column":6},"end":{"line":103,"column":14}},{"start":{"line":104,"column":6},"end":{"line":106,"column":14}},{"start":{"line":107,"column":6},"end":{"line":109,"column":14}},{"start":{"line":110,"column":6},"end":{"line":112,"column":14}},{"start":{"line":113,"column":6},"end":{"line":115,"column":14}},{"start":{"line":116,"column":6},"end":{"line":119,"column":14}},{"start":{"line":120,"column":6},"end":{"line":123,"column":14}},{"start":{"line":124,"column":6},"end":{"line":125,"column":58}}],"line":94},"5":{"loc":{"start":{"line":147,"column":31},"end":{"line":147,"column":68}},"type":"binary-expr","locations":[{"start":{"line":147,"column":31},"end":{"line":147,"column":62}},{"start":{"line":147,"column":66},"end":{"line":147,"column":68}}],"line":147},"6":{"loc":{"start":{"line":148,"column":21},"end":{"line":148,"column":79}},"type":"cond-expr","locations":[{"start":{"line":148,"column":61},"end":{"line":148,"column":70}},{"start":{"line":148,"column":73},"end":{"line":148,"column":79}}],"line":148},"7":{"loc":{"start":{"line":157,"column":16},"end":{"line":157,"column":37}},"type":"binary-expr","locations":[{"start":{"line":157,"column":16},"end":{"line":157,"column":24}},{"start":{"line":157,"column":28},"end":{"line":157,"column":37}}],"line":157},"8":{"loc":{"start":{"line":180,"column":16},"end":{"line":180,"column":37}},"type":"binary-expr","locations":[{"start":{"line":180,"column":16},"end":{"line":180,"column":24}},{"start":{"line":180,"column":28},"end":{"line":180,"column":37}}],"line":180},"9":{"loc":{"start":{"line":221,"column":16},"end":{"line":221,"column":37}},"type":"binary-expr","locations":[{"start":{"line":221,"column":16},"end":{"line":221,"column":24}},{"start":{"line":221,"column":28},"end":{"line":221,"column":37}}],"line":221},"10":{"loc":{"start":{"line":281,"column":16},"end":{"line":281,"column":37}},"type":"binary-expr","locations":[{"start":{"line":281,"column":16},"end":{"line":281,"column":24}},{"start":{"line":281,"column":28},"end":{"line":281,"column":37}}],"line":281},"11":{"loc":{"start":{"line":300,"column":4},"end":{"line":308,"column":5}},"type":"if","locations":[{"start":{"line":300,"column":4},"end":{"line":308,"column":5}},{"start":{},"end":{}}],"line":300},"12":{"loc":{"start":{"line":300,"column":8},"end":{"line":300,"column":70}},"type":"binary-expr","locations":[{"start":{"line":300,"column":8},"end":{"line":300,"co
[...]
}},{"start":{},"end":{}}],"line":201},"30":{"loc":{"start":{"line":215,"column":16},"end":{"line":215,"column":69}},"type":"cond-expr","locations":[{"start":{"line":215,"column":41},"end":{"line":215,"column":57}},{"start":{"line":215,"column":60},"end":{"line":215,"column":69}}],"line":215},"31":{"loc":{"start":{"line":224,"column":4},"end":{"line":224,"column":42}},"type":"if","locations":[{"start":{"line":224,"column":4},"end":{"line":224,"column":42}},{"start":{},"end":{}}],"line":224},"32":{"loc":{"start":{"line":224,"column":8},"end":{"line":224,"column":33}},"type":"binary-expr","locations":[{"start":{"line":224,"column":8},"end":{"line":224,"column":18}},{"start":{"line":224,"column":22},"end":{"line":224,"column":33}}],"line":224},"33":{"loc":{"start":{"line":227,"column":4},"end":{"line":227,"column":23}},"type":"if","locations":[{"start":{"line":227,"column":4},"end":{"line":227,"column":23}},{"start":{},"end":{}}],"line":227},"34":{"loc":{"start":{"line":230,"column":4},"end":{"line":230,"column":23}},"type":"if","locations":[{"start":{"line":230,"column":4},"end":{"line":230,"column":23}},{"start":{},"end":{}}],"line":230},"35":{"loc":{"start":{"line":233,"column":4},"end":{"line":233,"column":26}},"type":"if","locations":[{"start":{"line":233,"column":4},"end":{"line":233,"column":26}},{"start":{},"end":{}}],"line":233},"36":{"loc":{"start":{"line":239,"column":4},"end":{"line":278,"column":5}},"type":"switch","locations":[{"start":{"line":240,"column":6},"end":{"line":240,"column":23}},{"start":{"line":241,"column":6},"end":{"line":241,"column":21}},{"start":{"line":242,"column":6},"end":{"line":257,"column":14}},{"start":{"line":259,"column":6},"end":{"line":269,"column":14}},{"start":{"line":271,"column":6},"end":{"line":277,"column":14}}],"line":239},"37":{"loc":{"start":{"line":248,"column":21},"end":{"line":248,"column":52}},"type":"cond-expr","locations":[{"start":{"line":248,"column":38},"end":{"line":248,"column":39}},{"start":{"line":248,"column":42},"end":{"line":248,"column":52}}],"line":248},"38":{"loc":{"start":{"line":249,"column":21},"end":{"line":249,"column":52}},"type":"cond-expr","locations":[{"start":{"line":249,"column":38},"end":{"line":249,"column":39}},{"start":{"line":249,"column":42},"end":{"line":249,"column":52}}],"line":249},"39":{"loc":{"start":{"line":267,"column":23},"end":{"line":267,"column":44}},"type":"binary-expr","locations":[{"start":{"line":267,"column":23},"end":{"line":267,"column":38}},{"start":{"line":267,"column":42},"end":{"line":267,"column":44}}],"line":267},"40":{"loc":{"start":{"line":283,"column":4},"end":{"line":283,"column":26}},"type":"if","locations":[{"start":{"line":283,"column":4},"end":{"line":283,"column":26}},{"start":{},"end":{}}],"line":283},"41":{"loc":{"start":{"line":285,"column":4},"end":{"line":308,"column":5}},"type":"if","locations":[{"start":{"line":285,"column":4},"end":{"line":308,"column":5}},{"start":{},"end":{}}],"line":285},"42":{"loc":{"start":{"line":289,"column":6},"end":{"line":307,"column":7}},"type":"if","locations":[{"start":{"line":289,"column":6},"end":{"line":307,"column":7}},{"start":{},"end":{}}],"line":289},"43":{"loc":{"start":{"line":294,"column":8},"end":{"line":304,"column":9}},"type":"if","locations":[{"start":{"line":294,"column":8},"end":{"line":304,"column":9}},{"start":{"line":301,"column":15},"end":{"line":304,"column":9}}],"line":294},"44":{"loc":{"start":{"line":294,"column":12},"end":{"line":296,"column":54}},"type":"binary-expr","locations":[{"start":{"line":294,"column":12},"end":{"line":294,"column":17}},{"start":{"line":294,"column":23},"end":{"line":294,"column":34}},{"start":{"line":294,"column":38},"end":{"line":294,"column":53}},{"start":{"line":295,"column":13},"end":{"line":295,"column":25}},{"start":{"line":295,"column":29},"end":{"line":295,"column":45}},{"start":{"line":296,"column":13},"end":{"line":296,"column":25}},{"start":{"line":296,"column":29},"end":{"line":296,"column":52}}],"line":294},"45":{"loc":{"start":{"line":327,"column":21},"end":{"line":327,"column":58}},"type":"binary-expr","locations":[{"start":{"line":327,"column":21},"end":{"line":327,"column":45}},{"start":{"line":327,"column":49},"end":{"line":327,"column":58}}],"line":327}},"s":{"0":0,"1":0,"2":0,"3":0,"4":0,"5":0,"6":0,"7":0,"8":0,"9":0,"10":0,"11":0,"12":0,"13":0,"14":0,"15":0,"16":0,"17":0,"18":0,"19":0,"20":0,"21":0,"22":0,"23":0,"24":0,"25":0,"26":0,"27":0,"28":0,"29":0,"30":0,"31":0,"32":0,"33":0,"34":0,"35":0,"36":0,"37":0,"38":0,"39":0,"40":0,"41":0,"42":0,"43":0,"44":0,"45":0,"46":0,"47":0,"48":0,"49":0,"50":0,"51":0,"52":0,"53":0,"54":0,"55":0,"56":0,"57":0,"58":0,"59":0,"60":0,"61":0,"62":0,"63":0,"64":0,"65":0,"66":0,"67":0,"68":0,"69":0,"70":0,"71":0,"72":0,"73":0,"74":0,"75":0,"76":0,"77":0,"78":0,"79":0,"80":0,"81":0,"82":0,"83":0,"84":0,"85":0,"86":0,"87":0,"88":0,"89":0,"90":0,"91":0,"92":0,"93":0,"94":0,"95":0,"96":0,"97":0,"98":0,"99":0,"100":0,"101":0,"102":0,"103":0,"104":0,"105":0,"106":0,"107":0,"108":0,"109":0,"110":0,"111":0,"112":0,"113":0,"114":0,"115":0,"116":0,"117":0,"118":0,"119":0,"120":0,"121":0,"122":0,"123":0,"124":0,"125":0,"126":0,"127":0,"128":0,"129":0,"130":0,"131":0,"132":0,"133":0,"134":0,"135":0,"136":0,"137":0,"138":0,"139":0,"140":0,"141":0,"142":0,"143":0,"144":0,"145":0,"146":0,"147":0},"f":{"0":0,"1":0,"2":0,"3":0,"4":0,"5":0,"6":0,"7":0,"8":0,"9":0,"10":0,"11":0,"12":0,"13":0,"14":0,"15":0,"16":0,"17":0},"b":{"0":[0,0],"1":[0,0,0],"2":[0,0],"3":[0,0,0],"4":[0,0],"5":[0,0,0,0],"6":[0,0],"7":[0,0],"8":[0,0],"9":[0,0],"10":[0,0],"11":[0,0],"12":[0,0],"13":[0,0],"14":[0,0],"15":[0,0],"16":[0,0],"17":[0,0],"18":[0,0,0,0,0,0,0],"19":[0,0],"20":[0,0],"21":[0,0],"22":[0,0],"23":[0,0],"24":[0,0],"25":[0,0],"26":[0,0],"27":[0,0],"28":[0,0],"29":[0,0],"30":[0,0],"31":[0,0],"32":[0,0],"33":[0,0],"34":[0,0],"35":[0,0],"36":[0,0,0,0,0],"37":[0,0],"38":[0,0],"39":[0,0],"40":[0,0],"41":[0,0],"42":[0,0],"43":[0,0],"44":[0,0,0,0,0,0,0],"45":[0,0]}}
,"E:\\Reflectly\\app\\whiteboard\\hooks\\useOnClickOutside.ts": {"path":"E:\\Reflectly\\app\\whiteboard\\hooks\\useOnClickOutside.ts","statementMap":{"0":{"start":{"line":9,"column":2},"end":{"line":26,"column":21}},"1":{"start":{"line":10,"column":21},"end":{"line":17,"column":5}},"2":{"start":{"line":11,"column":17},"end":{"line":11,"column":29}},"3":{"start":{"line":12,"column":6},"end":{"line":14,"column":7}},"4":{"start":{"line":13,"column":8},"end":{"line":13,"column":15}},"5":{"start":{"line":16,"column":6},"end":{"line":16,"column":21}},"6":{"start":{"line":19,"column":4},"end":{"line":19,"column":53}},"7":{"start":{"line":20,"column":4},"end":{"line":20,"column":54}},"8":{"start":{"line":22,"column":4},"end":{"line":25,"column":6}},"9":{"start":{"line":23,"column":6},"end":{"line":23,"column":58}},"10":{"start":{"line":24,"column":6},"end":{"line":24,"column":59}}},"fnMap":{"0":{"name":"useOnClickOutside","decl":{"start":{"line":5,"column":16},"end":{"line":5,"column":33}},"loc":{"start":{"line":8,"column":2},"end":{"line":27,"column":1}},"line":8},"1":{"name":"(anonymous_1)","decl":{"start":{"line":9,"column":12},"end":{"line":9,"column":13}},"loc":{"start":{"line":9,"column":18},"end":{"line":26,"column":3}},"line":9},"2":{"name":"(anonymous_2)","decl":{"start":{"line":10,"column":21},"end":{"line":10,"column":22}},"loc":{"start":{"line":10,"column":39},"end":{"line":17,"column":5}},"line":10},"3":{"name":"(anonymous_3)","decl":{"start":{"line":22,"column":11},"end":{"line":22,"column":12}},"loc":{"start":{"line":22,"column":17},"end":{"line":25,"column":5}},"line":22}},"branchMap":{"0":{"loc":{"start":{"line":12,"column":6},"end":{"line":14,"column":7}},"type":"if","locations":[{"start":{"line":12,"column":6},"end":{"line":14,"column":7}},{"start":{},"end":{}}],"line":12},"1":{"loc":{"start":{"line":12,"column":10},"end":{"line":12,"column":60}},"type":"binary-expr","locations":[{"start":{"line":12,"column":10},"end":{"line":12,"column":13}},{"start":{"line":12,"column":17},"end":{"line":12,"column":60}}],"line":12},"2":{"loc":{"start":{"line":12,"column":29},"end":{"line":12,"column":59}},"type":"binary-expr","locations":[{"start":{"line":12,"column":30},"end":{"line":12,"column":50}},{"start":{"line":12,"column":55},"end":{"line":12,"column":59}}],"line":12}},"s":{"0":0,"1":0,"2":0,"3":0,"4":0,"5":0,"6":0,"7":0,"8":0,"9":0,"10":0},"f":{"0":0,"1":0,"2":0,"3":0},"b":{"0":[0,0],"1":[0,0],"2":[0,0]}}
,"E:\\Reflectly\\app\\whiteboard\\store\\useWhiteboardStore.ts": {"path":"E:\\Reflectly\\app\\whiteboard\\store\\useWhiteboardStore.ts","statementMap":{"0":{"start":{"line":53,"column":34},"end":{"line":182,"column":3}},"1":{"start":{"line":53,"column":73},"end":{"line":182,"column":1}},"2":{"start":{"line":64,"column":28},"end":{"line":64,"column":54}},"3":{"start":{"line":65,"column":30},"end":{"line":65,"column":58}},"4":{"start":{"line":68,"column":15},"end":{"line":68,"column":23}},"5":{"start":{"line":69,"column":4},"end":{"line":79,"column":7}},"6":{"start":{"line":70,"column":24},"end":{"line":70,"column":63}},"7":{"start":{"line":71,"column":25},"end":{"line":71,"column":71}},"8":{"start":{"line":72,"column":6},"end":{"line":72,"column":33}},"9":{"start":{"line":74,"column":6},"end":{"line":78,"column":8}},"10":{"start":{"line":80,"column":4},"end":{"line":80,"column":14}},"11":{"start":{"line":83,"column":34},"end":{"line":105,"column":4}},"12":{"start":{"line":84,"column":22},"end":{"line":86,"column":5}},"13":{"start":{"line":85,"column":6},"end":{"line":85,"column":58}},"14":{"start":{"line":89,"column":30},"end":{"line":91,"column":93}},"15":{"start":{"line":93,"column":4},"end":{"line":102,"column":5}},"16":{"start":{"line":94,"column":25},"end":{"line":94,"column":71}},"17":{"start":{"line":95,"column":6},"end":{"line":95,"column":33}},"18":{"start":{"line":97,"column":6},"end":{"line":101,"column":8}},"19":{"start":{"line":104,"column":4},"end":{"line":104,"column":33}},"20":{"start":{"line":107,"column":23},"end":{"line":120,"column":4}},"21":{"start":{"line":108,"column":22},"end":{"line":108,"column":69}},"22":{"start":{"line":108,"column":53},"end":{"line":108,"column":68}},"23":{"start":{"line":109,"column":27},"end":{"line":109,"column":86}},"24":{"start":{"line":109,"column":68},"end":{"line":109,"column":85}},"25":{"start":{"line":111,"column":23},"end":{"line":111,"column":69}},"26":{"start":{"line":112,"column":4},"end":{"line":112,"column":31}},"27":{"start":{"line":114,"column":4},"end":{"line":119,"column":6}},"28":{"start":{"line":122,"column":46},"end":{"line":128,"column":5}},"29":{"start":{"line":122,"column":62},"end":{"line":128,"column":3}},"30":{"start":{"line":125,"column":51},"end":{"line":125,"column":68}},"31":{"start":{"line":130,"column":24},"end":{"line":130,"column":48}},"32":{"start":{"line":132,"column":31},"end":{"line":132,"column":49}},"33":{"start":{"line":134,"column":35},"end":{"line":134,"column":68}},"34":{"start":{"line":136,"column":23},"end":{"line":136,"column":37}},"35":{"start":{"line":138,"column":33},"end":{"line":167,"column":4}},"36":{"start":{"line":139,"column":4},"end":{"line":139,"column":53}},"37":{"start":{"line":139,"column":40},"end":{"line":139,"column":53}},"38":{"start":{"line":141,"column":27},"end":{"line":143,"column":5}},"39":{"start":{"line":142,"column":6},"end":{"line":142,"column":42}},"40":{"start":{"line":145,"column":29},"end":{"line":153,"column":6}},"41":{"start":{"line":146,"column":17},"end":{"line":146,"column":25}},"42":{"start":{"line":147,"column":6},"end":{"line":152,"column":8}},"43":{"start":{"line":155,"column":22},"end":{"line":155,"column":60}},"44":{"start":{"line":156,"column":27},"end":{"line":156,"column":66}},"45":{"start":{"line":156,"column":57},"end":{"line":156,"column":65}},"46":{"start":{"line":158,"column":23},"end":{"line":158,"column":69}},"47":{"start":{"line":159,"column":4},"end":{"line":159,"column":31}},"48":{"start":{"line":161,"column":4},"end":{"line":166,"column":6}},"49":{"start":{"line":169,"column":24},"end":{"line":181,"column":4}},"50":{"start":{"line":170,"column":4},"end":{"line":170,"column":46}},"51":{"start":{"line":170,"column":33},"end":{"line":170,"column":46}},"52":{"start":{"line":172,"column":28},"end":{"line":172,"column":50}},"53":{"start":{"line":173,"column":27},"end":{"line":173,"column":57}},"54":{"start":{"line":175,"column":4},"end":{"line":180,"column":6}}},"fnMap":{"0":{"name":"(anonymous_0)","decl":{"start":{"line":53,"column":58},"end":{"line":53,"column":59}},"loc":{"start":{"line":53,"column":73},"end":{"line":182,"column":1}},"line":53},"1":{"name":"(anonymous_1)","decl":{"start":{"line":64,"column":18},"end":{"line":64,"column":19}},"loc":{"start":{"line":64,"column":28},"end":{"line":64,"column":54}},"line":64},"2":{"name":"(anonymous_2)","decl":{"start":{"line":65,"column":19},"end":{"line":65,"column":20}},"loc":{"start":{"line":65,"column":30},"end":{"line":65,"column":58}},"line":65},"3":{"name":"(anonymous_3)","decl":{"start":{"line":67,"column":12},"end":{"line":67,"column":13}},"loc":{"start":{"line":67,"column":27},"end":{"line":81,"column":3}},"line":67},"4":{"name":"(anonymous_4)","decl":{"start":{"line":69,"column":8},"end":{"line":69,"column":9}},"loc":{"start":{"line":69,"column":19},"end":{"line":79,"column":5}},"line":69},"5":{"name":"(anonymous_5)","decl":{"start":{"line":83,"column":15},"end":{"line":83,"column":16}},"loc":{"start":{"line":83,"column":34},"end":{"line":105,"column":4}},"line":83},"6":{"name":"(anonymous_6)","decl":{"start":{"line":83,"column":38},"end":{"line":83,"column":39}},"loc":{"start":{"line":83,"column":49},"end":{"line":105,"column":3}},"line":83},"7":{"name":"(anonymous_7)","decl":{"start":{"line":84,"column":39},"end":{"line":84,"column":40}},"loc":{"start":{"line":85,"column":6},"end":{"line":85,"column":58}},"line":85},"8":{"name":"(anonymous_8)","decl":{"start":{"line":107,"column":15},"end":{"line":107,"column":16}},"loc":{"start":{"line":107,"column":23},"end":{"line":120,"column":4}},"line":107},"9":{"name":"(anonymous_9)","decl":{"start":{"line":107,"column":27},"end":{"line":107,"column":28}},"loc":{"start":{"line":107,"column":38},"end":{"line":120,"column":3}},"line":107},"10":{"name":"(anonymous_10)","decl":{"start":{"line":108,"column":42},"end":{"line":108,"column":43}},"loc":{"start":{"line":108,"column":53},"end":{"line":108,"column":68}},"line":108},"11":{"name":"(anonymous_11)","decl":{"start":{"line":109,"column":52},"end":{"line":109,"column":53}},"loc":{"start":{"line":109,"column":68},"end":{"line":109,"column":85}},"line":109},"12":{"name":"(anonymous_12)","decl":{"start":{"line":122,"column":15},"end":{"line":122,"column":16}},"loc":{"start":{"line":122,"column":46},"end":{"line":128,"column":5}},"line":122},"13":{"name":"(anonymous_13)","decl":{"start":{"line":122,"column":50},"end":{"line":122,"column":51}},"loc":{"start":{"line":122,"column":62},"end":{"line":128,"column":3}},"line":122},"14":{"name":"(anonymous_14)","decl":{"start":{"line":125,"column":35},"end":{"line":125,"column":36}},"loc":{"start":{"line":125,"column":51},"end":{"line":125,"column":68}},"line":125},"15":{"name":"(anonymous_15)","decl":{"start":{"line":130,"column":18},"end":{"line":130,"column":19}},"loc":{"start":{"line":130,"column":24},"end":{"line":130,"column":48}},"line":130},"16":{"name":"(anonymous_16)","decl":{"start":{"line":132,"column":16},"end":{"line":132,"column":17}},"loc":{"start":{"line":132,"column":31},"end":{"line":132,"column":49}},"line":132},"17":{"name":"(anonymous_17)","decl":{"start":{"line":134,"column":21},"end":{"line":134,"column":22}},"loc":{"start":{"line":134,"column":35},"end":{"line":134,"column":68}},"line":134},"18":{"name":"(anonymous_18)","decl":{"start":{"line":136,"column":12},"end":{"line":136,"column":13}},"loc":{"start":{"line":136,"column":23},"end":{"line":136,"column":37}},"line":136},"19":{"name":"(anonymous_19)","decl":{"start":{"line":138,"column":27},"end":{"line":138,"column":28}},"loc":{"start":{"line":138,"column":33},"end":{"line":167,"column":4}},"line":138},"20":{"name":"(anonymous_20)","decl":{"start":{"line":138,"column":37},"end":{"line":138,"column":38}},"loc":{"start":{"line":138,"column":48},"end":{"line":167,"column":3}},"line":138},"21":{"name":"(anonymous_21)","decl":{"start":{"line":141,"column":47},"end":{"line":141,"column":48}},"loc":{"start":{"line":142,"column":6},"end":{"line":142,"column":42}},"line":142},"22":{"name":"(anonymous_22)","decl":{"start":{"line":145,"column":48},"end":{"line":145,"column":49}},"loc":{"start":{"line":145,"column":57},"end":{"line":153,"column":5}},"line":145},"23":{"name":"(anonymous_23)","decl":{"start":{"line":156,"column":48},"end":{"line":156,"column":49}},"loc":{"start":{"line":156,"column":57},"end":{"line":156,"column":65}},"line":156},"24":{"name":"(anonymous_24)","decl":{"start":{"line":169,"column":18},"end":{"line":169,"column":19}},"loc":{"start":{"line":169,"column":24},"end":{"line":181,"column":4}},"line":169},"25":{"name":"(anonymous_25)","decl":{"start":{"line":169,"column":28},"end":{"line":169,"column":29}},"loc":{"start":{"line":169,"column":39},"end":{"line":181,"column":3}},"line":169}},"branchMap":{"0":{"loc":{"start":{"line":85,"column":6},"end":{"line":85,"column":58}},"type":"cond-expr","locations":[{"start":{"line":85,"column":24},"end":{"line":85,"column":50}},{"start":{"line":85,"column":53},"end":{"line":85,"column":58}}],"line":85},"1":{"loc":{"start":{"line":89,"column":30},"end":{"line":91,"column":93}},"type":"binary-expr","locations":[{"start":{"line":89,"column":30},"end":{"line":89,"column":46}},{"start":{"line":90,"column":7},"end":{"line":90,"column":27}},{"start":{"line":90,"column":31},"end":{"line":90,"column":66}},{"start":{"line":90,"column":70},"end":{"line":90,"column":89}},{"start":{"line":91,"column":7},"end":{"line":91,"column":28}},{"start":{"line":91,"column":32},"end":{"line":91,"column":68}},{"start":{"line":91,"column":72},"end":{"line":91,"column":92}}],"line":89},"2":{"loc":{"start":{"line":93,"column":4},"end":{"line":102,"column":5}},"type":"if","locations":[{"start":{"line":93,"column":4},"end":{"line":102,"column":5}},{"start":{},"end":{}}],"line":93},"3":{"loc":{"start":{"line":122,"column":20},"end":{"line":122,"column":41}},"type":"default-arg","locations":[{"start":{"line":122,"column":36},"end":{"line":122,"column":41}}],"line":122},"4":{"loc":{"start":{"line":123,"column":17},"end":{"line":127,"column":12}},"type":"cond-expr","locations":[{"start":{"line":124,"column":8},"end":{"line":126,"column":36}},{"start":{"line":127,"column":8},"end":{"line":127,"column":12}}],"line":123},"5":{"loc":{"start":{"line":124,"column":8},"end":{"line":126,"column":36}},"type":"cond-expr","locations":[{"start":{"line":125,"column":10},"end":{"line":125,"column":69}},{"start":{"line":126,"column":10},"end":{"line":126,"column":36}}],"line":124},"6":{"loc":{"start":{"line":139,"column":4},"end":{"line":139,"column":53}},"type":"if","locations":[{"start":{"line":139,"column":4},"end":{"line":139,"column":53}},{"start":{},"end":{}}],"line":139},"7":{"loc":{"start":{"line":170,"column":4},"end":{"line":170,"column":46}},"type":"if","locations":[{"start":{"line":170,"column":4},"end":{"line":170,"column":46}},{"start":{},"end":{}}],"line":170}},"s":{"0":0,"1":0,"2":0,"3":0,"4":0,"5":0,"6":0,"7":0,"8":0,"9":0,"10":0,"11":0,"12":0,"13":0,"14":0,"15":0,"16":0,"17":0,"18":0,"19":0,"20":0,"21":0,"22":0,"23":0,"24":0,"25":0,"26":0,"27":0,"28":0,"29":0,"30":0,"31":0,"32":0,"33":0,"34":0,"35":0,"36":0,"37":0,"38":0,"39":0,"40":0,"41":0,"42":0,"43":0,"44":0,"45":0,"46":0,"47":0,"48":0,"49":0,"50":0,"51":0,"52":0,"53":0,"54":0},"f":{"0":0,"1":0,"2":0,"3":0,"4":0,"5":0,"6":0,"7":0,"8":0,"9":0,"10":0,"11":0,"12":0,"13":0,"14":0,"15":0,"16":0,"17":0,"18":0,"19":0,"20":0,"21":0,"22":0,"23":0,"24":0,"25":0},"b":{"0":[0,0],"1":[0,0,0,0,0,0,0],"2":[0,0],"3":[0],"4":[0,0],"5":[0,0],"6":[0,0],"7":[0,0]}}
}
