TN:
SF:app\error.tsx
FN:6,Error
FN:13,(anonymous_1)
FN:18,(anonymous_2)
FN:24,(anonymous_3)
FN:25,(anonymous_4)
FN:59,(anonymous_5)
FNF:6
FNH:0
FNDA:0,Error
FNDA:0,(anonymous_1)
FNDA:0,(anonymous_2)
FNDA:0,(anonymous_3)
FNDA:0,(anonymous_4)
FNDA:0,(anonymous_5)
DA:13,0
DA:15,0
DA:18,0
DA:20,0
DA:22,0
DA:23,0
DA:24,0
DA:25,0
DA:26,0
DA:27,0
DA:32,0
DA:38,0
DA:41,0
DA:59,0
LF:14
LH:0
BRDA:20,0,0,0
BRDA:20,0,1,0
BRDA:22,1,0,0
BRDA:22,1,1,0
BRDA:26,2,0,0
BRDA:26,2,1,0
BRF:6
BRH:0
end_of_record
TN:
SF:app\fonts.ts
FNF:0
FNH:0
DA:3,0
DA:9,0
LF:2
LH:0
BRF:0
BRH:0
end_of_record
TN:
SF:app\layout.tsx
FN:24,RootLayout
FNF:1
FNH:0
FNDA:0,RootLayout
DA:12,0
DA:19,0
DA:25,0
LF:3
LH:0
BRF:0
BRH:0
end_of_record
TN:
SF:app\page.tsx
FN:9,Home
FN:13,(anonymous_1)
FNF:2
FNH:0
FNDA:0,Home
FNDA:0,(anonymous_1)
DA:10,0
DA:11,0
DA:13,0
DA:14,0
DA:15,0
DA:19,0
DA:20,0
DA:27,0
DA:28,0
DA:51,0
LF:10
LH:0
BRDA:14,0,0,0
BRDA:14,0,1,0
BRDA:14,1,0,0
BRDA:14,1,1,0
BRDA:19,2,0,0
BRDA:19,2,1,0
BRDA:27,3,0,0
BRDA:27,3,1,0
BRF:8
BRH:0
end_of_record
TN:
SF:app\providers.tsx
FN:9,(anonymous_0)
FN:12,(anonymous_1)
FN:17,(anonymous_2)
FN:21,Providers
FN:25,(anonymous_4)
FNF:5
FNH:0
FNDA:0,(anonymous_0)
FNDA:0,(anonymous_1)
FNDA:0,(anonymous_2)
FNDA:0,Providers
FNDA:0,(anonymous_4)
DA:8,0
DA:9,0
DA:12,0
DA:17,0
DA:18,0
DA:23,0
DA:25,0
DA:26,0
DA:29,0
LF:9
LH:0
BRDA:35,0,0,0
BRDA:35,0,1,0
BRF:2
BRH:0
end_of_record
TN:
SF:app\test-subscription.tsx
FN:6,TestSubscription
FN:11,(anonymous_1)
FNF:2
FNH:0
FNDA:0,TestSubscription
FNDA:0,(anonymous_1)
DA:7,0
DA:8,0
DA:11,0
DA:12,0
DA:13,0
DA:16,0
DA:19,0
DA:20,0
DA:21,0
DA:24,0
DA:25,0
DA:26,0
DA:29,0
DA:30,0
DA:34,0
LF:15
LH:0
BRDA:19,0,0,0
BRDA:19,0,1,0
BRDA:30,1,0,0
BRDA:30,1,1,0
BRDA:43,2,0,0
BRDA:43,2,1,0
BRF:6
BRH:0
end_of_record
TN:
SF:app\account\page.tsx
FN:8,AccountPage
FNF:1
FNH:0
FNDA:0,AccountPage
DA:9,0
DA:10,0
DA:13,0
DA:14,0
DA:18,0
DA:20,0
LF:6
LH:0
BRDA:13,0,0,0
BRDA:13,0,1,0
BRDA:13,1,0,0
BRDA:13,1,1,0
BRDA:47,2,0,0
BRDA:47,2,1,0
BRDA:55,3,0,0
BRDA:55,3,1,0
BRDA:65,4,0,0
BRDA:65,4,1,0
BRDA:89,5,0,0
BRDA:89,5,1,0
BRDA:98,6,0,0
BRDA:98,6,1,0
BRDA:108,7,0,0
BRDA:108,7,1,0
BRDA:108,7,2,0
BRDA:129,8,0,0
BRDA:129,8,1,0
BRDA:144,9,0,0
BRDA:144,9,1,0
BRDA:152,10,0,0
BRDA:152,10,1,0
BRDA:161,11,0,0
BRDA:161,11,1,0
BRF:25
BRH:0
end_of_record
TN:
SF:app\account\cancel-subscription\cancel-subscription-form.tsx
FN:22,CancelSubscriptionForm
FN:31,handleSubmit
FN:45,handleConfirmCancellation
FN:70,(anonymous_3)
FN:101,(anonymous_4)
FN:134,(anonymous_5)
FN:153,(anonymous_6)
FN:162,(anonymous_7)
FNF:8
FNH:0
FNDA:0,CancelSubscriptionForm
FNDA:0,handleSubmit
FNDA:0,handleConfirmCancellation
FNDA:0,(anonymous_3)
FNDA:0,(anonymous_4)
FNDA:0,(anonymous_5)
FNDA:0,(anonymous_6)
FNDA:0,(anonymous_7)
DA:13,0
DA:23,0
DA:24,0
DA:25,0
DA:26,0
DA:27,0
DA:28,0
DA:32,0
DA:33,0
DA:34,0
DA:39,0
DA:41,0
DA:46,0
DA:47,0
DA:49,0
DA:60,0
DA:61,0
DA:64,0
DA:70,0
DA:71,0
DA:72,0
DA:76,0
DA:77,0
DA:83,0
DA:87,0
DA:88,0
DA:101,0
DA:125,0
DA:135,0
DA:153,0
DA:162,0
LF:31
LH:0
BRDA:33,0,0,0
BRDA:33,0,1,0
BRDA:60,1,0,0
BRDA:60,1,1,0
BRDA:87,2,0,0
BRDA:87,2,1,0
BRDA:111,3,0,0
BRDA:111,3,1,0
BRF:8
BRH:0
end_of_record
TN:
SF:app\account\cancel-subscription\page.tsx
FN:12,CancelSubscriptionPage
FNF:1
FNH:0
FNDA:0,CancelSubscriptionPage
DA:7,0
DA:13,0
LF:2
LH:0
BRF:0
BRH:0
end_of_record
TN:
SF:app\account\subscription\page.tsx
FN:9,SubscriptionPage
FNF:1
FNH:0
FNDA:0,SubscriptionPage
DA:4,0
DA:10,0
LF:2
LH:0
BRF:0
BRH:0
end_of_record
TN:
SF:app\api\account\cancel-subscription\route.ts
FN:8,GET
FN:113,POST
FNF:2
FNH:0
FNDA:0,GET
FNDA:0,POST
DA:6,0
DA:9,0
DA:10,0
DA:12,0
DA:13,0
DA:17,0
DA:108,0
DA:109,0
DA:114,0
DA:115,0
DA:117,0
DA:118,0
DA:121,0
DA:123,0
DA:124,0
DA:126,0
DA:129,0
DA:130,0
LF:18
LH:0
BRDA:12,0,0,0
BRDA:12,0,1,0
BRDA:13,1,0,0
BRDA:13,1,1,0
BRDA:109,2,0,0
BRDA:109,2,1,0
BRDA:117,3,0,0
BRDA:117,3,1,0
BRDA:123,4,0,0
BRDA:123,4,1,0
BRDA:124,5,0,0
BRDA:124,5,1,0
BRDA:126,6,0,0
BRDA:126,6,1,0
BRF:14
BRH:0
end_of_record
TN:
SF:app\api\account\subscription\route.ts
FN:8,GET
FNF:1
FNH:0
FNDA:0,GET
DA:6,0
DA:9,0
DA:11,0
DA:14,0
DA:15,0
DA:38,0
DA:41,0
DA:43,0
DA:46,0
LF:9
LH:0
BRDA:14,0,0,0
BRDA:14,0,1,0
BRF:2
BRH:0
end_of_record
TN:
SF:app\api\admin\subscription\route.ts
FN:14,GET
FN:70,POST
FNF:2
FNH:0
FNDA:0,GET
FNDA:0,POST
DA:8,0
DA:15,0
DA:17,0
DA:19,0
DA:20,0
DA:24,0
DA:25,0
DA:26,0
DA:30,0
DA:31,0
DA:32,0
DA:34,0
DA:36,0
DA:37,0
DA:40,0
DA:41,0
DA:44,0
DA:45,0
DA:51,0
DA:52,0
DA:55,0
DA:58,0
DA:59,0
DA:71,0
DA:73,0
DA:75,0
DA:76,0
DA:80,0
DA:81,0
DA:82,0
DA:86,0
DA:87,0
DA:89,0
DA:90,0
DA:93,0
DA:95,0
DA:96,0
DA:98,0
DA:103,0
DA:109,0
DA:110,0
DA:116,0
DA:117,0
DA:123,0
DA:124,0
DA:130,0
DA:133,0
DA:134,0
LF:48
LH:0
BRDA:19,0,0,0
BRDA:19,0,1,0
BRDA:25,1,0,0
BRDA:25,1,1,0
BRDA:31,2,0,0
BRDA:31,2,1,0
BRDA:32,3,0,0
BRDA:32,3,1,0
BRDA:34,4,0,0
BRDA:34,4,1,0
BRDA:34,4,2,0
BRDA:34,4,3,0
BRDA:34,4,4,0
BRDA:47,5,0,0
BRDA:47,5,1,0
BRDA:75,6,0,0
BRDA:75,6,1,0
BRDA:81,7,0,0
BRDA:81,7,1,0
BRDA:89,8,0,0
BRDA:89,8,1,0
BRDA:89,9,0,0
BRDA:89,9,1,0
BRDA:93,10,0,0
BRDA:93,10,1,0
BRDA:93,10,2,0
BRDA:93,10,3,0
BRDA:93,10,4,0
BRDA:95,11,0,0
BRDA:95,11,1,0
BRDA:105,12,0,0
BRDA:105,12,1,0
BRDA:112,13,0,0
BRDA:112,13,1,0
BRDA:119,14,0,0
BRDA:119,14,1,0
BRDA:126,15,0,0
BRDA:126,15,1,0
BRF:38
BRH:0
end_of_record
TN:
SF:app\api\chat\route.ts
FN:22,POST
FN:70,(anonymous_1)
FN:81,(anonymous_2)
FN:205,formatTimestamp
FNF:4
FNH:0
FNDA:0,POST
FNDA:0,(anonymous_1)
FNDA:0,(anonymous_2)
FNDA:0,formatTimestamp
DA:7,0
DA:10,0
DA:14,0
DA:15,0
DA:18,0
DA:23,0
DA:25,0
DA:27,0
DA:28,0
DA:35,0
DA:36,0
DA:37,0
DA:44,0
DA:45,0
DA:46,0
DA:47,0
DA:48,0
DA:49,0
DA:50,0
DA:55,0
DA:56,0
DA:57,0
DA:58,0
DA:66,0
DA:67,0
DA:68,0
DA:70,0
DA:71,0
DA:72,0
DA:76,0
DA:81,0
DA:87,0
DA:120,0
DA:121,0
DA:133,0
DA:134,0
DA:136,0
DA:141,0
DA:144,0
DA:145,0
DA:156,0
DA:157,0
DA:159,0
DA:164,0
DA:168,0
DA:171,0
DA:172,0
DA:180,0
DA:181,0
DA:182,0
DA:189,0
DA:190,0
DA:191,0
DA:197,0
DA:206,0
DA:207,0
DA:208,0
LF:57
LH:0
BRDA:14,0,0,0
BRDA:14,0,1,0
BRDA:15,1,0,0
BRDA:15,1,1,0
BRDA:27,2,0,0
BRDA:27,2,1,0
BRDA:35,3,0,0
BRDA:35,3,1,0
BRDA:46,4,0,0
BRDA:46,4,1,0
BRDA:46,5,0,0
BRDA:46,5,1,0
BRDA:49,6,0,0
BRDA:49,6,1,0
BRDA:55,7,0,0
BRDA:55,7,1,0
BRDA:57,8,0,0
BRDA:57,8,1,0
BRDA:67,9,0,0
BRDA:67,9,1,0
BRDA:67,10,0,0
BRDA:67,10,1,0
BRDA:67,10,2,0
BRDA:72,11,0,0
BRDA:72,11,1,0
BRDA:72,11,2,0
BRDA:76,12,0,0
BRDA:76,12,1,0
BRDA:93,13,0,0
BRDA:93,13,1,0
BRDA:95,14,0,0
BRDA:95,14,1,0
BRDA:133,15,0,0
BRDA:133,15,1,0
BRDA:156,16,0,0
BRDA:156,16,1,0
BRDA:171,17,0,0
BRDA:171,17,1,0
BRDA:180,18,0,0
BRDA:180,18,1,0
BRDA:180,19,0,0
BRDA:180,19,1,0
BRDA:189,20,0,0
BRDA:189,20,1,0
BRDA:189,21,0,0
BRDA:189,21,1,0
BRF:46
BRH:0
end_of_record
TN:
SF:app\api\chat\history\route.ts
FN:6,GET
FN:54,POST
FNF:2
FNH:0
FNDA:0,GET
FNDA:0,POST
DA:7,0
DA:9,0
DA:10,0
DA:11,0
DA:14,0
DA:17,0
DA:19,0
DA:20,0
DA:24,0
DA:25,0
DA:28,0
DA:34,0
DA:35,0
DA:39,0
DA:41,0
DA:42,0
DA:43,0
DA:46,0
DA:48,0
DA:49,0
DA:55,0
DA:57,0
DA:58,0
DA:59,0
DA:62,0
DA:65,0
DA:67,0
DA:68,0
DA:72,0
DA:75,0
DA:83,0
DA:84,0
DA:91,0
DA:92,0
DA:97,0
DA:103,0
DA:104,0
DA:105,0
DA:108,0
DA:110,0
DA:111,0
LF:41
LH:0
BRDA:10,0,0,0
BRDA:10,0,1,0
BRDA:10,1,0,0
BRDA:10,1,1,0
BRDA:19,2,0,0
BRDA:19,2,1,0
BRDA:19,3,0,0
BRDA:19,3,1,0
BRDA:34,4,0,0
BRDA:34,4,1,0
BRDA:41,5,0,0
BRDA:41,5,1,0
BRDA:58,6,0,0
BRDA:58,6,1,0
BRDA:58,7,0,0
BRDA:58,7,1,0
BRDA:67,8,0,0
BRDA:67,8,1,0
BRDA:67,9,0,0
BRDA:67,9,1,0
BRDA:83,10,0,0
BRDA:83,10,1,0
BRDA:91,11,0,0
BRDA:91,11,1,0
BRDA:103,12,0,0
BRDA:103,12,1,0
BRF:26
BRH:0
end_of_record
TN:
SF:app\api\chat\history\[id]\route.ts
FN:6,GET
FN:52,PATCH
FN:121,DELETE
FNF:3
FNH:0
FNDA:0,GET
FNDA:0,PATCH
FNDA:0,DELETE
DA:10,0
DA:11,0
DA:14,0
DA:15,0
DA:16,0
DA:19,0
DA:22,0
DA:24,0
DA:25,0
DA:29,0
DA:36,0
DA:37,0
DA:38,0
DA:40,0
DA:41,0
DA:44,0
DA:46,0
DA:47,0
DA:56,0
DA:57,0
DA:60,0
DA:61,0
DA:62,0
DA:65,0
DA:68,0
DA:70,0
DA:71,0
DA:75,0
DA:78,0
DA:84,0
DA:91,0
DA:92,0
DA:93,0
DA:95,0
DA:96,0
DA:100,0
DA:108,0
DA:109,0
DA:110,0
DA:113,0
DA:115,0
DA:116,0
DA:125,0
DA:126,0
DA:129,0
DA:130,0
DA:131,0
DA:134,0
DA:137,0
DA:139,0
DA:140,0
DA:144,0
DA:151,0
DA:152,0
DA:153,0
DA:155,0
DA:156,0
DA:160,0
DA:166,0
DA:167,0
DA:168,0
DA:171,0
DA:173,0
DA:174,0
LF:64
LH:0
BRDA:15,0,0,0
BRDA:15,0,1,0
BRDA:15,1,0,0
BRDA:15,1,1,0
BRDA:24,2,0,0
BRDA:24,2,1,0
BRDA:24,3,0,0
BRDA:24,3,1,0
BRDA:36,4,0,0
BRDA:36,4,1,0
BRDA:37,5,0,0
BRDA:37,5,1,0
BRDA:61,6,0,0
BRDA:61,6,1,0
BRDA:61,7,0,0
BRDA:61,7,1,0
BRDA:70,8,0,0
BRDA:70,8,1,0
BRDA:70,9,0,0
BRDA:70,9,1,0
BRDA:91,10,0,0
BRDA:91,10,1,0
BRDA:92,11,0,0
BRDA:92,11,1,0
BRDA:108,12,0,0
BRDA:108,12,1,0
BRDA:130,13,0,0
BRDA:130,13,1,0
BRDA:130,14,0,0
BRDA:130,14,1,0
BRDA:139,15,0,0
BRDA:139,15,1,0
BRDA:139,16,0,0
BRDA:139,16,1,0
BRDA:151,17,0,0
BRDA:151,17,1,0
BRDA:152,18,0,0
BRDA:152,18,1,0
BRDA:166,19,0,0
BRDA:166,19,1,0
BRF:40
BRH:0
end_of_record
TN:
SF:app\api\clerk-webhook\route.ts
FN:7,POST
FNF:1
FNH:0
FNDA:0,POST
DA:9,0
DA:10,0
DA:11,0
DA:12,0
DA:15,0
DA:16,0
DA:22,0
DA:23,0
DA:26,0
DA:28,0
DA:29,0
DA:30,0
DA:36,0
DA:41,0
DA:42,0
DA:48,0
DA:49,0
DA:55,0
DA:57,0
DA:58,0
DA:60,0
DA:62,0
DA:65,0
DA:80,0
DA:81,0
DA:85,0
DA:87,0
DA:89,0
DA:97,0
DA:98,0
DA:102,0
DA:104,0
DA:105,0
LF:33
LH:0
BRDA:15,0,0,0
BRDA:15,0,1,0
BRDA:15,1,0,0
BRDA:15,1,1,0
BRDA:15,1,2,0
BRDA:28,2,0,0
BRDA:28,2,1,0
BRDA:58,3,0,0
BRDA:58,3,1,0
BRDA:58,4,0,0
BRDA:58,4,1,0
BRDA:70,5,0,0
BRDA:70,5,1,0
BRDA:71,6,0,0
BRDA:71,6,1,0
BRDA:72,7,0,0
BRDA:72,7,1,0
BRDA:80,8,0,0
BRDA:80,8,1,0
BRDA:85,9,0,0
BRDA:85,9,1,0
BRDA:97,10,0,0
BRDA:97,10,1,0
BRF:23
BRH:0
end_of_record
TN:
SF:app\api\health\route.ts
FN:38,GET
FNF:1
FNH:0
FNDA:0,GET
DA:39,0
DA:41,0
DA:70,0
DA:71,0
DA:72,0
DA:73,0
DA:79,0
DA:82,0
DA:84,0
DA:85,0
LF:10
LH:0
BRDA:45,0,0,0
BRDA:45,0,1,0
BRF:2
BRH:0
end_of_record
TN:
SF:app\api\lemonsqueezy-webhook\route.ts
FN:52,POST
FN:137,handleSubscriptionCreated
FN:168,handleSubscriptionUpdated
FN:191,handleSubscriptionCancelled
FN:210,handleSubscriptionResumed
FN:232,handleSubscriptionExpired
FN:251,handleSubscriptionPaused
FN:270,handleSubscriptionUnpaused
FN:292,handleOrderRefunded
FNF:9
FNH:0
FNDA:0,POST
FNDA:0,handleSubscriptionCreated
FNDA:0,handleSubscriptionUpdated
FNDA:0,handleSubscriptionCancelled
FNDA:0,handleSubscriptionResumed
FNDA:0,handleSubscriptionExpired
FNDA:0,handleSubscriptionPaused
FNDA:0,handleSubscriptionUnpaused
FNDA:0,handleOrderRefunded
DA:7,0
DA:53,0
DA:55,0
DA:56,0
DA:59,0
DA:60,0
DA:61,0
DA:62,0
DA:66,0
DA:67,0
DA:68,0
DA:69,0
DA:73,0
DA:74,0
DA:75,0
DA:78,0
DA:79,0
DA:80,0
DA:84,0
DA:87,0
DA:88,0
DA:89,0
DA:90,0
DA:94,0
DA:96,0
DA:97,0
DA:99,0
DA:100,0
DA:102,0
DA:103,0
DA:105,0
DA:106,0
DA:108,0
DA:109,0
DA:111,0
DA:112,0
DA:114,0
DA:115,0
DA:118,0
DA:119,0
DA:122,0
DA:123,0
DA:125,0
DA:129,0
DA:131,0
DA:132,0
DA:138,0
DA:139,0
DA:140,0
DA:141,0
DA:142,0
DA:143,0
DA:147,0
DA:148,0
DA:151,0
DA:160,0
DA:162,0
DA:163,0
DA:169,0
DA:170,0
DA:171,0
DA:172,0
DA:173,0
DA:176,0
DA:183,0
DA:185,0
DA:186,0
DA:192,0
DA:193,0
DA:196,0
DA:202,0
DA:204,0
DA:205,0
DA:211,0
DA:212,0
DA:213,0
DA:214,0
DA:217,0
DA:224,0
DA:226,0
DA:227,0
DA:233,0
DA:234,0
DA:237,0
DA:243,0
DA:245,0
DA:246,0
DA:252,0
DA:253,0
DA:256,0
DA:262,0
DA:264,0
DA:265,0
DA:271,0
DA:272,0
DA:273,0
DA:274,0
DA:277,0
DA:284,0
DA:286,0
DA:287,0
DA:293,0
DA:294,0
DA:297,0
DA:300,0
DA:301,0
DA:307,0
DA:310,0
DA:311,0
LF:109
LH:0
BRDA:60,0,0,0
BRDA:60,0,1,0
BRDA:67,1,0,0
BRDA:67,1,1,0
BRDA:78,2,0,0
BRDA:78,2,1,0
BRDA:88,3,0,0
BRDA:88,3,1,0
BRDA:94,4,0,0
BRDA:94,4,1,0
BRDA:94,4,2,0
BRDA:94,4,3,0
BRDA:94,4,4,0
BRDA:94,4,5,0
BRDA:94,4,6,0
BRDA:94,4,7,0
BRDA:94,4,8,0
BRDA:94,4,9,0
BRDA:147,5,0,0
BRDA:147,5,1,0
BRDA:148,6,0,0
BRDA:148,6,1,0
BRDA:157,7,0,0
BRDA:157,7,1,0
BRDA:180,8,0,0
BRDA:180,8,1,0
BRDA:221,9,0,0
BRDA:221,9,1,0
BRDA:281,10,0,0
BRDA:281,10,1,0
BRDA:300,11,0,0
BRDA:300,11,1,0
BRDA:300,12,0,0
BRDA:300,12,1,0
BRF:34
BRH:0
end_of_record
TN:
SF:app\api\notes\route.ts
FN:6,GET
FN:54,POST
FNF:2
FNH:0
FNDA:0,GET
FNDA:0,POST
DA:7,0
DA:9,0
DA:10,0
DA:11,0
DA:14,0
DA:17,0
DA:19,0
DA:20,0
DA:24,0
DA:25,0
DA:28,0
DA:34,0
DA:35,0
DA:39,0
DA:41,0
DA:42,0
DA:43,0
DA:46,0
DA:48,0
DA:49,0
DA:55,0
DA:57,0
DA:58,0
DA:59,0
DA:62,0
DA:65,0
DA:67,0
DA:68,0
DA:72,0
DA:75,0
DA:84,0
DA:85,0
DA:92,0
DA:93,0
DA:98,0
DA:104,0
DA:105,0
DA:106,0
DA:109,0
DA:111,0
DA:112,0
LF:41
LH:0
BRDA:10,0,0,0
BRDA:10,0,1,0
BRDA:10,1,0,0
BRDA:10,1,1,0
BRDA:19,2,0,0
BRDA:19,2,1,0
BRDA:19,3,0,0
BRDA:19,3,1,0
BRDA:34,4,0,0
BRDA:34,4,1,0
BRDA:41,5,0,0
BRDA:41,5,1,0
BRDA:58,6,0,0
BRDA:58,6,1,0
BRDA:58,7,0,0
BRDA:58,7,1,0
BRDA:67,8,0,0
BRDA:67,8,1,0
BRDA:67,9,0,0
BRDA:67,9,1,0
BRDA:80,10,0,0
BRDA:80,10,1,0
BRDA:84,11,0,0
BRDA:84,11,1,0
BRDA:92,12,0,0
BRDA:92,12,1,0
BRDA:104,13,0,0
BRDA:104,13,1,0
BRF:28
BRH:0
end_of_record
TN:
SF:app\api\notes\[id]\route.ts
FN:6,GET
FN:52,PATCH
FN:122,DELETE
FNF:3
FNH:0
FNDA:0,GET
FNDA:0,PATCH
FNDA:0,DELETE
DA:10,0
DA:11,0
DA:14,0
DA:15,0
DA:16,0
DA:19,0
DA:22,0
DA:24,0
DA:25,0
DA:29,0
DA:36,0
DA:37,0
DA:38,0
DA:40,0
DA:41,0
DA:44,0
DA:46,0
DA:47,0
DA:56,0
DA:57,0
DA:60,0
DA:61,0
DA:62,0
DA:65,0
DA:68,0
DA:70,0
DA:71,0
DA:75,0
DA:78,0
DA:85,0
DA:92,0
DA:93,0
DA:94,0
DA:96,0
DA:97,0
DA:101,0
DA:109,0
DA:110,0
DA:111,0
DA:114,0
DA:116,0
DA:117,0
DA:126,0
DA:127,0
DA:130,0
DA:131,0
DA:132,0
DA:135,0
DA:138,0
DA:140,0
DA:141,0
DA:145,0
DA:152,0
DA:153,0
DA:154,0
DA:156,0
DA:157,0
DA:161,0
DA:167,0
DA:168,0
DA:169,0
DA:172,0
DA:174,0
DA:175,0
LF:64
LH:0
BRDA:15,0,0,0
BRDA:15,0,1,0
BRDA:15,1,0,0
BRDA:15,1,1,0
BRDA:24,2,0,0
BRDA:24,2,1,0
BRDA:24,3,0,0
BRDA:24,3,1,0
BRDA:36,4,0,0
BRDA:36,4,1,0
BRDA:37,5,0,0
BRDA:37,5,1,0
BRDA:61,6,0,0
BRDA:61,6,1,0
BRDA:61,7,0,0
BRDA:61,7,1,0
BRDA:70,8,0,0
BRDA:70,8,1,0
BRDA:70,9,0,0
BRDA:70,9,1,0
BRDA:92,10,0,0
BRDA:92,10,1,0
BRDA:93,11,0,0
BRDA:93,11,1,0
BRDA:109,12,0,0
BRDA:109,12,1,0
BRDA:131,13,0,0
BRDA:131,13,1,0
BRDA:131,14,0,0
BRDA:131,14,1,0
BRDA:140,15,0,0
BRDA:140,15,1,0
BRDA:140,16,0,0
BRDA:140,16,1,0
BRDA:152,17,0,0
BRDA:152,17,1,0
BRDA:153,18,0,0
BRDA:153,18,1,0
BRDA:167,19,0,0
BRDA:167,19,1,0
BRF:40
BRH:0
end_of_record
TN:
SF:app\api\projects\route.ts
FN:7,GET
FN:44,POST
FNF:2
FNH:0
FNDA:0,GET
FNDA:0,POST
DA:8,0
DA:10,0
DA:11,0
DA:12,0
DA:15,0
DA:18,0
DA:20,0
DA:21,0
DA:25,0
DA:31,0
DA:32,0
DA:33,0
DA:36,0
DA:38,0
DA:39,0
DA:45,0
DA:47,0
DA:48,0
DA:49,0
DA:52,0
DA:55,0
DA:57,0
DA:58,0
DA:62,0
DA:65,0
DA:72,0
DA:78,0
DA:79,0
DA:80,0
DA:83,0
DA:85,0
DA:86,0
LF:32
LH:0
BRDA:11,0,0,0
BRDA:11,0,1,0
BRDA:11,1,0,0
BRDA:11,1,1,0
BRDA:20,2,0,0
BRDA:20,2,1,0
BRDA:20,3,0,0
BRDA:20,3,1,0
BRDA:31,4,0,0
BRDA:31,4,1,0
BRDA:48,5,0,0
BRDA:48,5,1,0
BRDA:48,6,0,0
BRDA:48,6,1,0
BRDA:57,7,0,0
BRDA:57,7,1,0
BRDA:57,8,0,0
BRDA:57,8,1,0
BRDA:78,9,0,0
BRDA:78,9,1,0
BRF:20
BRH:0
end_of_record
TN:
SF:app\api\projects\[id]\route.ts
FN:6,GET
FN:52,PATCH
FN:115,DELETE
FNF:3
FNH:0
FNDA:0,GET
FNDA:0,PATCH
FNDA:0,DELETE
DA:10,0
DA:11,0
DA:14,0
DA:15,0
DA:16,0
DA:19,0
DA:22,0
DA:24,0
DA:25,0
DA:29,0
DA:36,0
DA:37,0
DA:38,0
DA:40,0
DA:41,0
DA:44,0
DA:46,0
DA:47,0
DA:56,0
DA:57,0
DA:60,0
DA:61,0
DA:62,0
DA:65,0
DA:68,0
DA:70,0
DA:71,0
DA:75,0
DA:78,0
DA:85,0
DA:86,0
DA:87,0
DA:89,0
DA:90,0
DA:94,0
DA:102,0
DA:103,0
DA:104,0
DA:107,0
DA:109,0
DA:110,0
DA:119,0
DA:120,0
DA:123,0
DA:124,0
DA:125,0
DA:128,0
DA:131,0
DA:133,0
DA:134,0
DA:138,0
DA:145,0
DA:146,0
DA:147,0
DA:149,0
DA:150,0
DA:154,0
DA:160,0
DA:161,0
DA:162,0
DA:165,0
DA:167,0
DA:168,0
LF:63
LH:0
BRDA:15,0,0,0
BRDA:15,0,1,0
BRDA:15,1,0,0
BRDA:15,1,1,0
BRDA:24,2,0,0
BRDA:24,2,1,0
BRDA:24,3,0,0
BRDA:24,3,1,0
BRDA:36,4,0,0
BRDA:36,4,1,0
BRDA:37,5,0,0
BRDA:37,5,1,0
BRDA:61,6,0,0
BRDA:61,6,1,0
BRDA:61,7,0,0
BRDA:61,7,1,0
BRDA:70,8,0,0
BRDA:70,8,1,0
BRDA:70,9,0,0
BRDA:70,9,1,0
BRDA:85,10,0,0
BRDA:85,10,1,0
BRDA:86,11,0,0
BRDA:86,11,1,0
BRDA:102,12,0,0
BRDA:102,12,1,0
BRDA:124,13,0,0
BRDA:124,13,1,0
BRDA:124,14,0,0
BRDA:124,14,1,0
BRDA:133,15,0,0
BRDA:133,15,1,0
BRDA:133,16,0,0
BRDA:133,16,1,0
BRDA:145,17,0,0
BRDA:145,17,1,0
BRDA:146,18,0,0
BRDA:146,18,1,0
BRDA:160,19,0,0
BRDA:160,19,1,0
BRF:40
BRH:0
end_of_record
TN:
SF:app\api\subscription\route.ts
FN:8,GET
FNF:1
FNH:0
FNDA:0,GET
DA:6,0
DA:9,0
DA:11,0
DA:12,0
DA:13,0
DA:15,0
DA:16,0
DA:17,0
DA:21,0
DA:22,0
DA:23,0
DA:25,0
DA:28,0
DA:30,0
DA:33,0
LF:15
LH:0
BRDA:13,0,0,0
BRDA:13,0,1,0
BRDA:15,1,0,0
BRDA:15,1,1,0
BRDA:17,2,0,0
BRDA:17,2,1,0
BRDA:35,3,0,0
BRDA:35,3,1,0
BRDA:36,4,0,0
BRDA:36,4,1,0
BRDA:36,5,0,0
BRDA:36,5,1,0
BRF:12
BRH:0
end_of_record
TN:
SF:app\api\subscription\cancel\route.ts
FN:17,POST
FNF:1
FNH:0
FNDA:0,POST
DA:10,0
DA:18,0
DA:19,0
DA:21,0
DA:22,0
DA:26,0
DA:29,0
DA:31,0
DA:32,0
DA:39,0
DA:40,0
DA:42,0
DA:43,0
DA:51,0
DA:57,0
DA:58,0
DA:66,0
DA:68,0
DA:69,0
LF:19
LH:0
BRDA:21,0,0,0
BRDA:21,0,1,0
BRDA:31,1,0,0
BRDA:31,1,1,0
BRDA:31,2,0,0
BRDA:31,2,1,0
BRDA:39,3,0,0
BRDA:39,3,1,0
BRDA:42,4,0,0
BRDA:42,4,1,0
BRDA:57,5,0,0
BRDA:57,5,1,0
BRDA:62,6,0,0
BRDA:62,6,1,0
BRF:14
BRH:0
end_of_record
TN:
SF:app\api\subscription\checkout-url\route.ts
FN:11,GET
FNF:1
FNH:0
FNDA:0,GET
DA:6,0
DA:12,0
DA:14,0
DA:15,0
DA:16,0
DA:20,0
DA:21,0
DA:22,0
DA:24,0
DA:25,0
DA:26,0
DA:30,0
DA:58,0
DA:59,0
DA:60,0
DA:63,0
DA:64,0
DA:66,0
DA:67,0
DA:70,0
DA:72,0
DA:73,0
LF:22
LH:0
BRDA:15,0,0,0
BRDA:15,0,1,0
BRDA:24,1,0,0
BRDA:24,1,1,0
BRDA:24,2,0,0
BRDA:24,2,1,0
BRDA:24,2,2,0
BRDA:58,3,0,0
BRDA:58,3,1,0
BRDA:66,4,0,0
BRDA:66,4,1,0
BRF:11
BRH:0
end_of_record
TN:
SF:app\api\test\route.ts
FN:7,GET
FNF:1
FNH:0
FNDA:0,GET
DA:5,0
DA:8,0
DA:10,0
DA:13,0
DA:19,0
LF:5
LH:0
BRDA:16,0,0,0
BRDA:16,0,1,0
BRDA:20,1,0,0
BRDA:20,1,1,0
BRF:4
BRH:0
end_of_record
TN:
SF:app\api\transcribe\route.ts
FN:10,POST
FN:71,(anonymous_1)
FNF:2
FNH:0
FNDA:0,POST
FNDA:0,(anonymous_1)
DA:8,0
DA:11,0
DA:12,0
DA:16,0
DA:17,0
DA:18,0
DA:20,0
DA:21,0
DA:28,0
DA:29,0
DA:31,0
DA:32,0
DA:33,0
DA:39,0
DA:42,0
DA:46,0
DA:47,0
DA:48,0
DA:54,0
DA:57,0
DA:58,0
DA:61,0
DA:68,0
DA:71,0
DA:72,0
DA:80,0
DA:84,0
DA:86,0
DA:87,0
DA:89,0
DA:91,0
DA:92,0
DA:93,0
DA:94,0
DA:95,0
DA:100,0
DA:101,0
DA:108,0
DA:109,0
DA:115,0
DA:116,0
DA:128,0
DA:129,0
DA:131,0
DA:132,0
DA:135,0
DA:136,0
DA:137,0
DA:141,0
DA:146,0
DA:152,0
DA:153,0
LF:52
LH:0
BRDA:31,0,0,0
BRDA:31,0,1,0
BRDA:31,1,0,0
BRDA:31,1,1,0
BRDA:46,2,0,0
BRDA:46,2,1,0
BRDA:71,3,0,0
BRDA:71,3,1,0
BRDA:86,4,0,0
BRDA:86,4,1,0
BRDA:91,5,0,0
BRDA:91,5,1,0
BRDA:91,6,0,0
BRDA:91,6,1,0
BRDA:94,7,0,0
BRDA:94,7,1,0
BRDA:100,8,0,0
BRDA:100,8,1,0
BRDA:108,9,0,0
BRDA:108,9,1,0
BRDA:128,10,0,0
BRDA:128,10,1,0
BRDA:135,11,0,0
BRDA:135,11,1,0
BRDA:137,12,0,0
BRDA:137,12,1,0
BRF:26
BRH:0
end_of_record
TN:
SF:app\api\transcribe\public\[id]\route.ts
FN:5,GET
FNF:1
FNH:0
FNDA:0,GET
DA:9,0
DA:10,0
DA:13,0
DA:19,0
DA:20,0
DA:21,0
DA:23,0
DA:24,0
DA:27,0
DA:29,0
DA:30,0
LF:11
LH:0
BRDA:19,0,0,0
BRDA:19,0,1,0
BRDA:20,1,0,0
BRDA:20,1,1,0
BRF:4
BRH:0
end_of_record
TN:
SF:app\app\page.tsx
FN:7,AppPage
FN:11,(anonymous_1)
FNF:2
FNH:0
FNDA:0,AppPage
FNDA:0,(anonymous_1)
DA:8,0
DA:9,0
DA:11,0
DA:12,0
DA:14,0
DA:18,0
LF:6
LH:0
BRDA:12,0,0,0
BRDA:12,0,1,0
BRDA:12,1,0,0
BRDA:12,1,1,0
BRF:4
BRH:0
end_of_record
TN:
SF:app\components\App.tsx
FN:16,(anonymous_0)
FN:40,(anonymous_1)
FN:45,(anonymous_2)
FN:54,(anonymous_3)
FN:55,(anonymous_4)
FN:85,(anonymous_5)
FN:101,(anonymous_6)
FN:102,(anonymous_7)
FN:108,(anonymous_8)
FN:129,(anonymous_9)
FN:130,(anonymous_10)
FN:151,(anonymous_11)
FN:180,(anonymous_12)
FN:181,(anonymous_13)
FN:203,(anonymous_14)
FN:207,(anonymous_15)
FN:211,(anonymous_16)
FN:212,(anonymous_17)
FN:237,(anonymous_18)
FN:241,(anonymous_19)
FN:250,(anonymous_20)
FN:256,(anonymous_21)
FN:268,(anonymous_22)
FNF:23
FNH:0
FNDA:0,(anonymous_0)
FNDA:0,(anonymous_1)
FNDA:0,(anonymous_2)
FNDA:0,(anonymous_3)
FNDA:0,(anonymous_4)
FNDA:0,(anonymous_5)
FNDA:0,(anonymous_6)
FNDA:0,(anonymous_7)
FNDA:0,(anonymous_8)
FNDA:0,(anonymous_9)
FNDA:0,(anonymous_10)
FNDA:0,(anonymous_11)
FNDA:0,(anonymous_12)
FNDA:0,(anonymous_13)
FNDA:0,(anonymous_14)
FNDA:0,(anonymous_15)
FNDA:0,(anonymous_16)
FNDA:0,(anonymous_17)
FNDA:0,(anonymous_18)
FNDA:0,(anonymous_19)
FNDA:0,(anonymous_20)
FNDA:0,(anonymous_21)
FNDA:0,(anonymous_22)
DA:16,0
DA:18,0
DA:19,0
DA:20,0
DA:23,0
DA:24,0
DA:27,0
DA:30,0
DA:33,0
DA:36,0
DA:37,0
DA:40,0
DA:41,0
DA:45,0
DA:46,0
DA:47,0
DA:49,0
DA:54,0
DA:55,0
DA:56,0
DA:57,0
DA:58,0
DA:59,0
DA:63,0
DA:64,0
DA:65,0
DA:67,0
DA:68,0
DA:69,0
DA:70,0
DA:74,0
DA:79,0
DA:80,0
DA:81,0
DA:82,0
DA:84,0
DA:85,0
DA:95,0
DA:97,0
DA:101,0
DA:102,0
DA:103,0
DA:105,0
DA:106,0
DA:107,0
DA:108,0
DA:118,0
DA:119,0
DA:122,0
DA:125,0
DA:129,0
DA:130,0
DA:131,0
DA:132,0
DA:133,0
DA:134,0
DA:137,0
DA:138,0
DA:139,0
DA:141,0
DA:142,0
DA:144,0
DA:148,0
DA:151,0
DA:152,0
DA:158,0
DA:159,0
DA:162,0
DA:163,0
DA:164,0
DA:175,0
DA:180,0
DA:181,0
DA:182,0
DA:185,0
DA:186,0
DA:187,0
DA:193,0
DA:198,0
DA:199,0
DA:203,0
DA:204,0
DA:207,0
DA:208,0
DA:211,0
DA:212,0
DA:213,0
DA:215,0
DA:218,0
DA:219,0
DA:220,0
DA:232,0
DA:237,0
DA:238,0
DA:241,0
DA:242,0
DA:245,0
DA:246,0
DA:250,0
DA:251,0
DA:255,0
DA:256,0
DA:259,0
DA:260,0
DA:268,0
DA:270,0
LF:106
LH:0
BRDA:46,0,0,0
BRDA:46,0,1,0
BRDA:56,1,0,0
BRDA:56,1,1,0
BRDA:56,2,0,0
BRDA:56,2,1,0
BRDA:65,3,0,0
BRDA:65,3,1,0
BRDA:68,4,0,0
BRDA:68,4,1,0
BRDA:79,5,0,0
BRDA:79,5,1,0
BRDA:82,6,0,0
BRDA:82,6,1,0
BRDA:103,7,0,0
BRDA:103,7,1,0
BRDA:103,8,0,0
BRDA:103,8,1,0
BRDA:103,8,2,0
BRDA:103,8,3,0
BRDA:106,9,0,0
BRDA:106,9,1,0
BRDA:131,10,0,0
BRDA:131,10,1,0
BRDA:131,11,0,0
BRDA:131,11,1,0
BRDA:162,12,0,0
BRDA:162,12,1,0
BRDA:162,13,0,0
BRDA:162,13,1,0
BRDA:185,14,0,0
BRDA:185,14,1,0
BRDA:185,15,0,0
BRDA:185,15,1,0
BRDA:198,16,0,0
BRDA:198,16,1,0
BRDA:213,17,0,0
BRDA:213,17,1,0
BRDA:218,18,0,0
BRDA:218,18,1,0
BRDA:218,19,0,0
BRDA:218,19,1,0
BRDA:245,20,0,0
BRDA:245,20,1,0
BRDA:245,21,0,0
BRDA:245,21,1,0
BRDA:255,22,0,0
BRDA:255,22,1,0
BRDA:259,23,0,0
BRDA:259,23,1,0
BRDA:271,24,0,0
BRDA:271,24,1,0
BRDA:282,25,0,0
BRDA:282,25,1,0
BRDA:297,26,0,0
BRDA:297,26,1,0
BRDA:297,26,2,0
BRDA:306,27,0,0
BRDA:306,27,1,0
BRDA:306,27,2,0
BRDA:306,27,3,0
BRDA:315,28,0,0
BRDA:315,28,1,0
BRDA:321,29,0,0
BRDA:321,29,1,0
BRF:65
BRH:0
end_of_record
TN:
SF:app\components\ChatPanel.tsx
FN:22,(anonymous_0)
FN:35,(anonymous_1)
FN:42,(anonymous_2)
FN:54,(anonymous_3)
FN:61,(anonymous_4)
FN:82,(anonymous_5)
FN:116,(anonymous_6)
FNF:7
FNH:0
FNDA:0,(anonymous_0)
FNDA:0,(anonymous_1)
FNDA:0,(anonymous_2)
FNDA:0,(anonymous_3)
FNDA:0,(anonymous_4)
FNDA:0,(anonymous_5)
FNDA:0,(anonymous_6)
DA:22,0
DA:28,0
DA:29,0
DA:30,0
DA:31,0
DA:32,0
DA:33,0
DA:35,0
DA:36,0
DA:37,0
DA:38,0
DA:42,0
DA:43,0
DA:46,0
DA:47,0
DA:48,0
DA:49,0
DA:50,0
DA:54,0
DA:55,0
DA:56,0
DA:57,0
DA:61,0
DA:62,0
DA:63,0
DA:65,0
DA:66,0
DA:67,0
DA:68,0
DA:71,0
DA:72,0
DA:73,0
DA:76,0
DA:77,0
DA:82,0
DA:83,0
DA:86,0
DA:117,0
LF:38
LH:0
BRDA:46,0,0,0
BRDA:46,0,1,0
BRDA:55,1,0,0
BRDA:55,1,1,0
BRDA:55,2,0,0
BRDA:55,2,1,0
BRDA:63,3,0,0
BRDA:63,3,1,0
BRDA:63,4,0,0
BRDA:63,4,1,0
BRDA:63,4,2,0
BRDA:71,5,0,0
BRDA:71,5,1,0
BRDA:98,6,0,0
BRDA:98,6,1,0
BRDA:105,7,0,0
BRDA:105,7,1,0
BRDA:108,8,0,0
BRDA:108,8,1,0
BRDA:120,9,0,0
BRDA:120,9,1,0
BRDA:125,10,0,0
BRDA:125,10,1,0
BRDA:131,11,0,0
BRDA:131,11,1,0
BRDA:139,12,0,0
BRDA:139,12,1,0
BRDA:144,13,0,0
BRDA:144,13,1,0
BRDA:168,14,0,0
BRDA:168,14,1,0
BRDA:175,15,0,0
BRDA:175,15,1,0
BRDA:175,15,2,0
BRDA:177,16,0,0
BRDA:177,16,1,0
BRF:36
BRH:0
end_of_record
TN:
SF:app\components\ChunkErrorBoundary.tsx
FN:16,ChunkErrorBoundary
FN:21,(anonymous_1)
FN:25,(anonymous_2)
FN:39,(anonymous_3)
FN:46,(anonymous_4)
FN:61,(anonymous_5)
FN:67,(anonymous_6)
FN:78,(anonymous_7)
FN:100,(anonymous_8)
FN:109,(anonymous_9)
FN:115,(anonymous_10)
FN:124,(anonymous_11)
FNF:12
FNH:0
FNDA:0,ChunkErrorBoundary
FNDA:0,(anonymous_1)
FNDA:0,(anonymous_2)
FNDA:0,(anonymous_3)
FNDA:0,(anonymous_4)
FNDA:0,(anonymous_5)
FNDA:0,(anonymous_6)
FNDA:0,(anonymous_7)
FNDA:0,(anonymous_8)
FNDA:0,(anonymous_9)
FNDA:0,(anonymous_10)
FNDA:0,(anonymous_11)
DA:17,0
DA:18,0
DA:19,0
DA:21,0
DA:23,0
DA:25,0
DA:27,0
DA:32,0
DA:33,0
DA:36,0
DA:39,0
DA:42,0
DA:44,0
DA:45,0
DA:46,0
DA:47,0
DA:48,0
DA:55,0
DA:58,0
DA:60,0
DA:61,0
DA:62,0
DA:66,0
DA:67,0
DA:68,0
DA:75,0
DA:78,0
DA:79,0
DA:81,0
DA:93,0
DA:94,0
DA:97,0
DA:100,0
DA:103,0
DA:106,0
DA:108,0
DA:109,0
DA:110,0
DA:114,0
DA:115,0
DA:116,0
DA:122,0
DA:124,0
DA:125,0
DA:126,0
DA:130,0
DA:131,0
DA:144,0
LF:48
LH:0
BRDA:23,0,0,0
BRDA:23,0,1,0
BRDA:27,1,0,0
BRDA:27,1,1,0
BRDA:27,1,2,0
BRDA:27,1,3,0
BRDA:32,2,0,0
BRDA:32,2,1,0
BRDA:42,3,0,0
BRDA:42,3,1,0
BRDA:45,4,0,0
BRDA:45,4,1,0
BRDA:47,5,0,0
BRDA:47,5,1,0
BRDA:47,6,0,0
BRDA:47,6,1,0
BRDA:58,7,0,0
BRDA:58,7,1,0
BRDA:81,8,0,0
BRDA:81,8,1,0
BRDA:81,8,2,0
BRDA:81,8,3,0
BRDA:81,8,4,0
BRDA:81,8,5,0
BRDA:81,8,6,0
BRDA:81,8,7,0
BRDA:93,9,0,0
BRDA:93,9,1,0
BRDA:106,10,0,0
BRDA:106,10,1,0
BRDA:130,11,0,0
BRDA:130,11,1,0
BRDA:136,12,0,0
BRDA:136,12,1,0
BRF:34
BRH:0
end_of_record
TN:
SF:app\components\ChunkRetryScript.tsx
FN:5,ChunkRetryScript
FN:6,(anonymous_1)
FN:165,(anonymous_2)
FNF:3
FNH:0
FNDA:0,ChunkRetryScript
FNDA:0,(anonymous_1)
FNDA:0,(anonymous_2)
DA:6,0
DA:8,0
DA:11,0
DA:12,0
DA:13,0
DA:161,0
DA:162,0
DA:165,0
DA:167,0
DA:168,0
DA:169,0
DA:174,0
LF:12
LH:0
BRDA:8,0,0,0
BRDA:8,0,1,0
BRDA:161,1,0,0
BRDA:161,1,1,0
BRDA:168,2,0,0
BRDA:168,2,1,0
BRF:6
BRH:0
end_of_record
TN:
SF:app\components\CircleProgress.tsx
FN:14,(anonymous_0)
FN:34,(anonymous_1)
FNF:2
FNH:0
FNDA:0,(anonymous_0)
FNDA:0,(anonymous_1)
DA:14,0
DA:23,0
DA:26,0
DA:27,0
DA:28,0
DA:31,0
DA:34,0
DA:35,0
DA:37,0
DA:39,0
DA:41,0
DA:43,0
DA:45,0
DA:47,0
DA:51,0
LF:15
LH:0
BRDA:16,0,0,0
BRDA:17,1,0,0
BRDA:18,2,0,0
BRDA:19,3,0,0
BRDA:35,4,0,0
BRDA:35,4,1,0
BRDA:35,4,2,0
BRDA:35,4,3,0
BRDA:35,4,4,0
BRDA:35,4,5,0
BRF:10
BRH:0
end_of_record
TN:
SF:app\components\DesignReviewModal.tsx
FN:15,(anonymous_0)
FN:27,(anonymous_1)
FN:28,(anonymous_2)
FN:30,(anonymous_3)
FN:35,(anonymous_4)
FN:86,(anonymous_5)
FN:104,(anonymous_6)
FN:115,(anonymous_7)
FN:130,(anonymous_8)
FN:142,(anonymous_9)
FN:142,(anonymous_10)
FN:160,(anonymous_11)
FN:164,(anonymous_12)
FN:176,(anonymous_13)
FN:180,(anonymous_14)
FN:186,(anonymous_15)
FN:187,(anonymous_16)
FNF:17
FNH:0
FNDA:0,(anonymous_0)
FNDA:0,(anonymous_1)
FNDA:0,(anonymous_2)
FNDA:0,(anonymous_3)
FNDA:0,(anonymous_4)
FNDA:0,(anonymous_5)
FNDA:0,(anonymous_6)
FNDA:0,(anonymous_7)
FNDA:0,(anonymous_8)
FNDA:0,(anonymous_9)
FNDA:0,(anonymous_10)
FNDA:0,(anonymous_11)
FNDA:0,(anonymous_12)
FNDA:0,(anonymous_13)
FNDA:0,(anonymous_14)
FNDA:0,(anonymous_15)
FNDA:0,(anonymous_16)
DA:15,0
DA:21,0
DA:22,0
DA:23,0
DA:24,0
DA:25,0
DA:27,0
DA:28,0
DA:29,0
DA:30,0
DA:35,0
DA:36,0
DA:39,0
DA:50,0
DA:53,0
DA:54,0
DA:55,0
DA:56,0
DA:57,0
DA:60,0
DA:62,0
DA:86,0
DA:104,0
DA:115,0
DA:130,0
DA:142,0
DA:161,0
DA:162,0
DA:164,0
DA:177,0
DA:180,0
DA:186,0
DA:187,0
LF:33
LH:0
BRDA:29,0,0,0
BRDA:29,0,1,0
BRDA:60,1,0,0
BRDA:60,1,1,0
BRDA:161,2,0,0
BRDA:161,2,1,0
BRDA:199,3,0,0
BRDA:199,3,1,0
BRDA:200,4,0,0
BRDA:200,4,1,0
BRDA:201,5,0,0
BRDA:201,5,1,0
BRDA:202,6,0,0
BRDA:202,6,1,0
BRDA:214,7,0,0
BRDA:214,7,1,0
BRDA:233,8,0,0
BRDA:233,8,1,0
BRDA:235,9,0,0
BRDA:235,9,1,0
BRDA:235,10,0,0
BRDA:235,10,1,0
BRF:22
BRH:0
end_of_record
TN:
SF:app\components\DragDropDebug.tsx
FN:10,(anonymous_0)
FN:19,(anonymous_1)
FNF:2
FNH:0
FNDA:0,(anonymous_0)
FNDA:0,(anonymous_1)
DA:10,0
DA:11,0
DA:13,0
DA:20,0
LF:4
LH:0
BRDA:10,0,0,0
BRDA:11,1,0,0
BRDA:11,1,1,0
BRF:3
BRH:0
end_of_record
TN:
SF:app\components\EnhancedNotesPanel.tsx
FN:34,(anonymous_0)
FN:56,(anonymous_1)
FN:62,(anonymous_2)
FN:67,(anonymous_3)
FN:74,(anonymous_4)
FN:78,(anonymous_5)
FN:84,(anonymous_6)
FN:92,(anonymous_7)
FN:98,(anonymous_8)
FN:106,(anonymous_9)
FN:113,(anonymous_10)
FN:136,(anonymous_11)
FN:146,(anonymous_12)
FN:157,(anonymous_13)
FN:167,(anonymous_14)
FN:175,(anonymous_15)
FN:183,(anonymous_16)
FN:191,(anonymous_17)
FN:206,(anonymous_18)
FN:207,(anonymous_19)
FN:237,(anonymous_20)
FN:242,(anonymous_21)
FN:262,(anonymous_22)
FN:265,(anonymous_23)
FN:269,(anonymous_24)
FN:283,(anonymous_25)
FN:287,(anonymous_26)
FN:289,(anonymous_27)
FN:303,(anonymous_28)
FN:311,(anonymous_29)
FNF:30
FNH:0
FNDA:0,(anonymous_0)
FNDA:0,(anonymous_1)
FNDA:0,(anonymous_2)
FNDA:0,(anonymous_3)
FNDA:0,(anonymous_4)
FNDA:0,(anonymous_5)
FNDA:0,(anonymous_6)
FNDA:0,(anonymous_7)
FNDA:0,(anonymous_8)
FNDA:0,(anonymous_9)
FNDA:0,(anonymous_10)
FNDA:0,(anonymous_11)
FNDA:0,(anonymous_12)
FNDA:0,(anonymous_13)
FNDA:0,(anonymous_14)
FNDA:0,(anonymous_15)
FNDA:0,(anonymous_16)
FNDA:0,(anonymous_17)
FNDA:0,(anonymous_18)
FNDA:0,(anonymous_19)
FNDA:0,(anonymous_20)
FNDA:0,(anonymous_21)
FNDA:0,(anonymous_22)
FNDA:0,(anonymous_23)
FNDA:0,(anonymous_24)
FNDA:0,(anonymous_25)
FNDA:0,(anonymous_26)
FNDA:0,(anonymous_27)
FNDA:0,(anonymous_28)
FNDA:0,(anonymous_29)
DA:34,0
DA:47,0
DA:48,0
DA:49,0
DA:50,0
DA:51,0
DA:52,0
DA:53,0
DA:56,0
DA:57,0
DA:58,0
DA:59,0
DA:62,0
DA:63,0
DA:64,0
DA:67,0
DA:68,0
DA:69,0
DA:70,0
DA:74,0
DA:75,0
DA:78,0
DA:79,0
DA:80,0
DA:81,0
DA:84,0
DA:85,0
DA:86,0
DA:87,0
DA:88,0
DA:92,0
DA:93,0
DA:94,0
DA:95,0
DA:98,0
DA:99,0
DA:100,0
DA:101,0
DA:102,0
DA:106,0
DA:107,0
DA:108,0
DA:113,0
DA:114,0
DA:115,0
DA:118,0
DA:137,0
DA:146,0
DA:157,0
DA:167,0
DA:175,0
DA:183,0
DA:191,0
DA:208,0
DA:209,0
DA:238,0
DA:242,0
DA:262,0
DA:265,0
DA:269,0
DA:284,0
DA:288,0
DA:289,0
DA:303,0
DA:311,0
LF:65
LH:0
BRDA:59,0,0,0
BRDA:59,0,1,0
BRDA:64,1,0,0
BRDA:64,1,1,0
BRDA:68,2,0,0
BRDA:68,2,1,0
BRDA:68,3,0,0
BRDA:68,3,1,0
BRDA:85,4,0,0
BRDA:85,4,1,0
BRDA:85,5,0,0
BRDA:85,5,1,0
BRDA:99,6,0,0
BRDA:99,6,1,0
BRDA:99,7,0,0
BRDA:99,7,1,0
BRDA:107,8,0,0
BRDA:107,8,1,0
BRDA:107,9,0,0
BRDA:107,9,1,0
BRDA:115,10,0,0
BRDA:115,10,1,0
BRDA:122,11,0,0
BRDA:122,11,1,0
BRDA:122,11,2,0
BRDA:134,12,0,0
BRDA:134,12,1,0
BRDA:140,13,0,0
BRDA:140,13,1,0
BRDA:156,14,0,0
BRDA:156,14,1,0
BRDA:158,15,0,0
BRDA:158,15,1,0
BRDA:160,16,0,0
BRDA:160,16,1,0
BRDA:200,17,0,0
BRDA:200,17,1,0
BRDA:224,18,0,0
BRDA:224,18,1,0
BRDA:235,19,0,0
BRDA:235,19,1,0
BRDA:235,19,2,0
BRDA:251,20,0,0
BRDA:251,20,1,0
BRDA:257,21,0,0
BRDA:257,21,1,0
BRDA:257,21,2,0
BRDA:265,22,0,0
BRDA:265,22,1,0
BRDA:279,23,0,0
BRDA:279,23,1,0
BRDA:279,23,2,0
BRDA:279,23,3,0
BRDA:299,24,0,0
BRDA:299,24,1,0
BRDA:299,24,2,0
BRDA:333,25,0,0
BRDA:333,25,1,0
BRDA:333,25,2,0
BRF:59
BRH:0
end_of_record
TN:
SF:app\components\FileUploadStep.tsx
FN:16,(anonymous_0)
FN:28,(anonymous_1)
FN:38,(anonymous_2)
FN:39,(anonymous_3)
FN:41,(anonymous_4)
FN:42,(anonymous_5)
FN:55,(anonymous_6)
FN:60,(anonymous_7)
FN:67,(anonymous_8)
FN:76,(anonymous_9)
FN:96,(anonymous_10)
FN:101,(anonymous_11)
FN:107,(anonymous_12)
FN:113,(anonymous_13)
FN:125,(anonymous_14)
FN:134,(anonymous_15)
FN:153,(anonymous_16)
FN:159,(anonymous_17)
FN:160,(anonymous_18)
FN:170,(anonymous_19)
FN:178,(anonymous_20)
FN:236,(anonymous_21)
FN:269,(anonymous_22)
FNF:23
FNH:0
FNDA:0,(anonymous_0)
FNDA:0,(anonymous_1)
FNDA:0,(anonymous_2)
FNDA:0,(anonymous_3)
FNDA:0,(anonymous_4)
FNDA:0,(anonymous_5)
FNDA:0,(anonymous_6)
FNDA:0,(anonymous_7)
FNDA:0,(anonymous_8)
FNDA:0,(anonymous_9)
FNDA:0,(anonymous_10)
FNDA:0,(anonymous_11)
FNDA:0,(anonymous_12)
FNDA:0,(anonymous_13)
FNDA:0,(anonymous_14)
FNDA:0,(anonymous_15)
FNDA:0,(anonymous_16)
FNDA:0,(anonymous_17)
FNDA:0,(anonymous_18)
FNDA:0,(anonymous_19)
FNDA:0,(anonymous_20)
FNDA:0,(anonymous_21)
FNDA:0,(anonymous_22)
DA:16,0
DA:20,0
DA:21,0
DA:22,0
DA:23,0
DA:24,0
DA:25,0
DA:28,0
DA:29,0
DA:30,0
DA:31,0
DA:32,0
DA:33,0
DA:38,0
DA:39,0
DA:40,0
DA:41,0
DA:42,0
DA:43,0
DA:44,0
DA:45,0
DA:46,0
DA:48,0
DA:55,0
DA:60,0
DA:61,0
DA:62,0
DA:65,0
DA:67,0
DA:68,0
DA:69,0
DA:70,0
DA:76,0
DA:81,0
DA:85,0
DA:86,0
DA:87,0
DA:90,0
DA:91,0
DA:96,0
DA:97,0
DA:98,0
DA:101,0
DA:102,0
DA:103,0
DA:104,0
DA:107,0
DA:108,0
DA:109,0
DA:110,0
DA:113,0
DA:114,0
DA:115,0
DA:116,0
DA:118,0
DA:119,0
DA:122,0
DA:123,0
DA:125,0
DA:126,0
DA:127,0
DA:128,0
DA:134,0
DA:139,0
DA:143,0
DA:144,0
DA:147,0
DA:148,0
DA:149,0
DA:153,0
DA:154,0
DA:155,0
DA:159,0
DA:160,0
DA:161,0
DA:162,0
DA:165,0
DA:166,0
DA:170,0
DA:171,0
DA:172,0
DA:173,0
DA:178,0
DA:179,0
DA:180,0
DA:181,0
DA:184,0
DA:237,0
DA:270,0
DA:271,0
LF:90
LH:0
BRDA:18,0,0,0
BRDA:29,1,0,0
BRDA:29,1,1,0
BRDA:32,2,0,0
BRDA:32,2,1,0
BRDA:40,3,0,0
BRDA:40,3,1,0
BRDA:40,4,0,0
BRDA:40,4,1,0
BRDA:43,5,0,0
BRDA:43,5,1,0
BRDA:44,6,0,0
BRDA:44,6,1,0
BRDA:62,7,0,0
BRDA:62,7,1,0
BRDA:62,8,0,0
BRDA:62,8,1,0
BRDA:68,9,0,0
BRDA:68,9,1,0
BRDA:90,10,0,0
BRDA:90,10,1,0
BRDA:119,11,0,0
BRDA:119,11,1,0
BRDA:126,12,0,0
BRDA:126,12,1,0
BRDA:143,13,0,0
BRDA:143,13,1,0
BRDA:154,14,0,0
BRDA:154,14,1,0
BRDA:165,15,0,0
BRDA:165,15,1,0
BRDA:179,16,0,0
BRDA:179,16,1,0
BRDA:180,17,0,0
BRDA:180,17,1,0
BRDA:187,18,0,0
BRDA:187,18,1,0
BRDA:195,19,0,0
BRDA:195,19,1,0
BRDA:198,20,0,0
BRDA:198,20,1,0
BRDA:200,21,0,0
BRDA:200,21,1,0
BRDA:218,22,0,0
BRDA:218,22,1,0
BRDA:234,23,0,0
BRDA:234,23,1,0
BRDA:255,24,0,0
BRDA:255,24,1,0
BRDA:263,25,0,0
BRDA:263,25,1,0
BRDA:281,26,0,0
BRDA:281,26,1,0
BRDA:281,26,2,0
BRDA:310,27,0,0
BRDA:310,27,1,0
BRF:56
BRH:0
end_of_record
TN:
SF:app\components\FixedKanbanBoard.tsx
FN:11,(anonymous_0)
FN:12,(anonymous_1)
FN:16,(anonymous_2)
FN:27,(anonymous_3)
FN:33,(anonymous_4)
FN:40,(anonymous_5)
FN:49,(anonymous_6)
FN:162,(anonymous_7)
FN:164,(anonymous_8)
FN:176,(anonymous_9)
FN:185,(anonymous_10)
FN:197,(anonymous_11)
FN:200,(anonymous_12)
FN:202,(anonymous_13)
FN:214,(anonymous_14)
FN:263,(anonymous_15)
FN:268,(anonymous_16)
FN:273,(anonymous_17)
FN:286,(anonymous_18)
FN:294,(anonymous_19)
FN:304,(anonymous_20)
FN:380,(anonymous_21)
FN:395,(anonymous_22)
FN:421,(anonymous_23)
FN:449,(anonymous_24)
FN:462,(anonymous_25)
FN:484,(anonymous_26)
FN:500,(anonymous_27)
FN:524,(anonymous_28)
FN:543,(anonymous_29)
FN:545,(anonymous_30)
FN:547,(anonymous_31)
FN:551,(anonymous_32)
FN:598,(anonymous_33)
FN:602,(anonymous_34)
FN:612,(anonymous_35)
FN:649,(anonymous_36)
FN:650,(anonymous_37)
FN:653,(anonymous_38)
FN:661,(anonymous_39)
FN:662,(anonymous_40)
FN:664,(anonymous_41)
FN:671,(anonymous_42)
FN:672,(anonymous_43)
FN:674,(anonymous_44)
FN:681,(anonymous_45)
FN:682,(anonymous_46)
FN:684,(anonymous_47)
FN:690,(anonymous_48)
FN:695,(anonymous_49)
FN:712,(anonymous_50)
FN:732,(anonymous_51)
FN:736,(anonymous_52)
FN:746,(anonymous_53)
FN:776,(anonymous_54)
FN:785,(anonymous_55)
FN:797,(anonymous_56)
FN:870,(anonymous_57)
FN:886,(anonymous_58)
FN:899,(anonymous_59)
FN:910,(anonymous_60)
FN:937,(anonymous_61)
FN:957,(anonymous_62)
FN:972,(anonymous_63)
FN:1002,(anonymous_64)
FN:1047,(anonymous_65)
FN:1061,(anonymous_66)
FN:1068,(anonymous_67)
FN:1090,(anonymous_68)
FN:1118,(anonymous_69)
FN:1131,(anonymous_70)
FN:1140,(anonymous_71)
FN:1183,(anonymous_72)
FN:1202,(anonymous_73)
FN:1217,(anonymous_74)
FN:1234,(anonymous_75)
FN:1246,(anonymous_76)
FN:1267,(anonymous_77)
FN:1284,(anonymous_78)
FN:1303,(anonymous_79)
FN:1307,(anonymous_80)
FN:1319,(anonymous_81)
FN:1323,(anonymous_82)
FN:1336,(anonymous_83)
FN:1344,(anonymous_84)
FN:1354,(anonymous_85)
FN:1354,(anonymous_86)
FN:1358,(anonymous_87)
FN:1376,(anonymous_88)
FN:1379,(anonymous_89)
FN:1392,(anonymous_90)
FN:1435,(anonymous_91)
FN:1452,(anonymous_92)
FN:1464,(anonymous_93)
FN:1478,(anonymous_94)
FN:1492,(anonymous_95)
FN:1506,(anonymous_96)
FN:1523,(anonymous_97)
FN:1532,(anonymous_98)
FN:1541,(anonymous_99)
FN:1550,(anonymous_100)
FN:1559,(anonymous_101)
FN:1574,(anonymous_102)
FN:1583,(anonymous_103)
FN:1592,(anonymous_104)
FN:1602,(anonymous_105)
FN:1608,(anonymous_106)
FN:1619,(anonymous_107)
FN:1625,(anonymous_108)
FN:1635,(anonymous_109)
FN:1647,(anonymous_110)
FN:1662,(anonymous_111)
FNF:112
FNH:0
FNDA:0,(anonymous_0)
FNDA:0,(anonymous_1)
FNDA:0,(anonymous_2)
FNDA:0,(anonymous_3)
FNDA:0,(anonymous_4)
FNDA:0,(anonymous_5)
FNDA:0,(anonymous_6)
FNDA:0,(anonymous_7)
FNDA:0,(anonymous_8)
FNDA:0,(anonymous_9)
FNDA:0,(anonymous_10)
FNDA:0,(anonymous_11)
FNDA:0,(anonymous_12)
FNDA:0,(anonymous_13)
FNDA:0,(anonymous_14)
FNDA:0,(anonymous_15)
FNDA:0,(anonymous_16)
FNDA:0,(anonymous_17)
FNDA:0,(anonymous_18)
FNDA:0,(anonymous_19)
FNDA:0,(anonymous_20)
FNDA:0,(anonymous_21)
FNDA:0,(anonymous_22)
FNDA:0,(anonymous_23)
FNDA:0,(anonymous_24)
FNDA:0,(anonymous_25)
FNDA:0,(anonymous_26)
FNDA:0,(anonymous_27)
FNDA:0,(anonymous_28)
FNDA:0,(anonymous_29)
FNDA:0,(anonymous_30)
FNDA:0,(anonymous_31)
FNDA:0,(anonymous_32)
FNDA:0,(anonymous_33)
FNDA:0,(anonymous_34)
FNDA:0,(anonymous_35)
FNDA:0,(anonymous_36)
FNDA:0,(anonymous_37)
FNDA:0,(anonymous_38)
FNDA:0,(anonymous_39)
FNDA:0,(anonymous_40)
FNDA:0,(anonymous_41)
FNDA:0,(anonymous_42)
FNDA:0,(anonymous_43)
FNDA:0,(anonymous_44)
FNDA:0,(anonymous_45)
FNDA:0,(anonymous_46)
FNDA:0,(anonymous_47)
FNDA:0,(anonymous_48)
FNDA:0,(anonymous_49)
FNDA:0,(anonymous_50)
FNDA:0,(anonymous_51)
FNDA:0,(anonymous_52)
FNDA:0,(anonymous_53)
FNDA:0,(anonymous_54)
FNDA:0,(anonymous_55)
FNDA:0,(anonymous_56)
FNDA:0,(anonymous_57)
FNDA:0,(anonymous_58)
FNDA:0,(anonymous_59)
FNDA:0,(anonymous_60)
FNDA:0,(anonymous_61)
FNDA:0,(anonymous_62)
FNDA:0,(anonymous_63)
FNDA:0,(anonymous_64)
FNDA:0,(anonymous_65)
FNDA:0,(anonymous_66)
FNDA:0,(anonymous_67)
FNDA:0,(anonymous_68)
FNDA:0,(anonymous_69)
FNDA:0,(anonymous_70)
FNDA:0,(anonymous_71)
FNDA:0,(anonymous_72)
FNDA:0,(anonymous_73)
FNDA:0,(anonymous_74)
FNDA:0,(anonymous_75)
FNDA:0,(anonymous_76)
FNDA:0,(anonymous_77)
FNDA:0,(anonymous_78)
FNDA:0,(anonymous_79)
FNDA:0,(anonymous_80)
FNDA:0,(anonymous_81)
FNDA:0,(anonymous_82)
FNDA:0,(anonymous_83)
FNDA:0,(anonymous_84)
FNDA:0,(anonymous_85)
FNDA:0,(anonymous_86)
FNDA:0,(anonymous_87)
FNDA:0,(anonymous_88)
FNDA:0,(anonymous_89)
FNDA:0,(anonymous_90)
FNDA:0,(anonymous_91)
FNDA:0,(anonymous_92)
FNDA:0,(anonymous_93)
FNDA:0,(anonymous_94)
FNDA:0,(anonymous_95)
FNDA:0,(anonymous_96)
FNDA:0,(anonymous_97)
FNDA:0,(anonymous_98)
FNDA:0,(anonymous_99)
FNDA:0,(anonymous_100)
FNDA:0,(anonymous_101)
FNDA:0,(anonymous_102)
FNDA:0,(anonymous_103)
FNDA:0,(anonymous_104)
FNDA:0,(anonymous_105)
FNDA:0,(anonymous_106)
FNDA:0,(anonymous_107)
FNDA:0,(anonymous_108)
FNDA:0,(anonymous_109)
FNDA:0,(anonymous_110)
FNDA:0,(anonymous_111)
DA:11,0
DA:12,0
DA:14,0
DA:16,0
DA:18,0
DA:22,0
DA:23,0
DA:24,0
DA:27,0
DA:28,0
DA:33,0
DA:34,0
DA:38,0
DA:39,0
DA:40,0
DA:41,0
DA:46,0
DA:47,0
DA:49,0
DA:50,0
DA:51,0
DA:55,0
DA:59,0
DA:104,0
DA:127,0
DA:134,0
DA:143,0
DA:151,0
DA:160,0
DA:162,0
DA:164,0
DA:166,0
DA:167,0
DA:168,0
DA:171,0
DA:172,0
DA:173,0
DA:176,0
DA:178,0
DA:179,0
DA:180,0
DA:185,0
DA:186,0
DA:187,0
DA:188,0
DA:189,0
DA:192,0
DA:194,0
DA:197,0
DA:200,0
DA:202,0
DA:203,0
DA:204,0
DA:206,0
DA:211,0
DA:214,0
DA:215,0
DA:216,0
DA:220,0
DA:221,0
DA:222,0
DA:223,0
DA:231,0
DA:251,0
DA:253,0
DA:256,0
DA:257,0
DA:260,0
DA:263,0
DA:267,0
DA:268,0
DA:269,0
DA:273,0
DA:274,0
DA:280,0
DA:286,0
DA:287,0
DA:289,0
DA:290,0
DA:292,0
DA:295,0
DA:304,0
DA:305,0
DA:308,0
DA:309,0
DA:313,0
DA:317,0
DA:321,0
DA:322,0
DA:324,0
DA:325,0
DA:326,0
DA:330,0
DA:331,0
DA:332,0
DA:333,0
DA:335,0
DA:340,0
DA:348,0
DA:349,0
DA:353,0
DA:354,0
DA:355,0
DA:360,0
DA:361,0
DA:362,0
DA:367,0
DA:376,0
DA:380,0
DA:381,0
DA:382,0
DA:386,0
DA:388,0
DA:389,0
DA:390,0
DA:391,0
DA:395,0
DA:405,0
DA:409,0
DA:410,0
DA:411,0
DA:415,0
DA:416,0
DA:421,0
DA:437,0
DA:440,0
DA:443,0
DA:444,0
DA:449,0
DA:451,0
DA:452,0
DA:453,0
DA:454,0
DA:455,0
DA:459,0
DA:462,0
DA:463,0
DA:469,0
DA:471,0
DA:480,0
DA:484,0
DA:486,0
DA:488,0
DA:489,0
DA:497,0
DA:498,0
DA:501,0
DA:504,0
DA:508,0
DA:511,0
DA:514,0
DA:517,0
DA:520,0
DA:523,0
DA:524,0
DA:526,0
DA:529,0
DA:532,0
DA:534,0
DA:539,0
DA:543,0
DA:545,0
DA:547,0
DA:548,0
DA:551,0
DA:552,0
DA:554,0
DA:574,0
DA:575,0
DA:594,0
DA:595,0
DA:598,0
DA:599,0
DA:600,0
DA:602,0
DA:605,0
DA:612,0
DA:613,0
DA:616,0
DA:619,0
DA:620,0
DA:621,0
DA:622,0
DA:626,0
DA:645,0
DA:649,0
DA:650,0
DA:651,0
DA:652,0
DA:653,0
DA:656,0
DA:661,0
DA:662,0
DA:663,0
DA:664,0
DA:666,0
DA:671,0
DA:672,0
DA:673,0
DA:674,0
DA:676,0
DA:681,0
DA:682,0
DA:683,0
DA:684,0
DA:686,0
DA:690,0
DA:691,0
DA:695,0
DA:696,0
DA:712,0
DA:714,0
DA:716,0
DA:733,0
DA:736,0
DA:746,0
DA:776,0
DA:777,0
DA:778,0
DA:779,0
DA:780,0
DA:785,0
DA:797,0
DA:822,0
DA:871,0
DA:886,0
DA:900,0
DA:901,0
DA:911,0
DA:912,0
DA:940,0
DA:954,0
DA:957,0
DA:958,0
DA:973,0
DA:974,0
DA:999,0
DA:1002,0
DA:1022,0
DA:1027,0
DA:1029,0
DA:1048,0
DA:1062,0
DA:1063,0
DA:1064,0
DA:1066,0
DA:1068,0
DA:1087,0
DA:1090,0
DA:1107,0
DA:1118,0
DA:1132,0
DA:1141,0
DA:1142,0
DA:1162,0
DA:1165,0
DA:1183,0
DA:1202,0
DA:1217,0
DA:1234,0
DA:1246,0
DA:1267,0
DA:1284,0
DA:1303,0
DA:1308,0
DA:1319,0
DA:1324,0
DA:1337,0
DA:1344,0
DA:1354,0
DA:1355,0
DA:1358,0
DA:1376,0
DA:1380,0
DA:1392,0
DA:1435,0
DA:1452,0
DA:1464,0
DA:1478,0
DA:1492,0
DA:1506,0
DA:1523,0
DA:1532,0
DA:1541,0
DA:1550,0
DA:1559,0
DA:1574,0
DA:1583,0
DA:1592,0
DA:1603,0
DA:1608,0
DA:1620,0
DA:1625,0
DA:1635,0
DA:1647,0
DA:1662,0
LF:296
LH:0
BRDA:14,0,0,0
BRDA:14,0,1,0
BRDA:18,1,0,0
BRDA:18,1,1,0
BRDA:18,1,2,0
BRDA:22,2,0,0
BRDA:22,2,1,0
BRDA:34,3,0,0
BRDA:34,3,1,0
BRDA:34,4,0,0
BRDA:34,4,1,0
BRDA:34,4,2,0
BRDA:171,5,0,0
BRDA:171,5,1,0
BRDA:188,6,0,0
BRDA:188,6,1,0
BRDA:267,7,0,0
BRDA:267,7,1,0
BRDA:274,8,0,0
BRDA:274,8,1,0
BRDA:280,9,0,0
BRDA:280,9,1,0
BRDA:281,10,0,0
BRDA:281,10,1,0
BRDA:282,11,0,0
BRDA:282,11,1,0
BRDA:283,12,0,0
BRDA:283,12,1,0
BRDA:287,13,0,0
BRDA:287,13,1,0
BRDA:295,14,0,0
BRDA:295,14,1,0
BRDA:308,15,0,0
BRDA:308,15,1,0
BRDA:313,16,0,0
BRDA:313,16,1,0
BRDA:314,17,0,0
BRDA:314,17,1,0
BRDA:324,18,0,0
BRDA:324,18,1,0
BRDA:324,19,0,0
BRDA:324,19,1,0
BRDA:330,20,0,0
BRDA:330,20,1,0
BRDA:382,21,0,0
BRDA:382,21,1,0
BRDA:389,22,0,0
BRDA:389,22,1,0
BRDA:405,23,0,0
BRDA:405,23,1,0
BRDA:409,24,0,0
BRDA:409,24,1,0
BRDA:453,25,0,0
BRDA:453,25,1,0
BRDA:459,26,0,0
BRDA:459,26,1,0
BRDA:486,27,0,0
BRDA:486,27,1,0
BRDA:486,28,0,0
BRDA:486,28,1,0
BRDA:504,29,0,0
BRDA:504,29,1,0
BRDA:504,29,2,0
BRDA:504,29,3,0
BRDA:508,30,0,0
BRDA:508,30,1,0
BRDA:511,31,0,0
BRDA:511,31,1,0
BRDA:514,32,0,0
BRDA:514,32,1,0
BRDA:514,33,0,0
BRDA:514,33,1,0
BRDA:517,34,0,0
BRDA:517,34,1,0
BRDA:520,35,0,0
BRDA:520,35,1,0
BRDA:520,36,0,0
BRDA:520,36,1,0
BRDA:523,37,0,0
BRDA:523,37,1,0
BRDA:526,38,0,0
BRDA:526,38,1,0
BRDA:526,39,0,0
BRDA:526,39,1,0
BRDA:529,40,0,0
BRDA:529,40,1,0
BRDA:529,40,2,0
BRDA:532,41,0,0
BRDA:532,41,1,0
BRDA:532,42,0,0
BRDA:532,42,1,0
BRDA:551,43,0,0
BRDA:552,44,0,0
BRDA:552,44,1,0
BRDA:557,45,0,0
BRDA:557,45,1,0
BRDA:559,46,0,0
BRDA:559,46,1,0
BRDA:560,47,0,0
BRDA:560,47,1,0
BRDA:562,48,0,0
BRDA:562,48,1,0
BRDA:564,49,0,0
BRDA:564,49,1,0
BRDA:565,50,0,0
BRDA:565,50,1,0
BRDA:566,51,0,0
BRDA:566,51,1,0
BRDA:567,52,0,0
BRDA:567,52,1,0
BRDA:569,53,0,0
BRDA:569,53,1,0
BRDA:599,54,0,0
BRDA:599,54,1,0
BRDA:619,55,0,0
BRDA:619,55,1,0
BRDA:629,56,0,0
BRDA:629,56,1,0
BRDA:631,57,0,0
BRDA:631,57,1,0
BRDA:632,58,0,0
BRDA:632,58,1,0
BRDA:634,59,0,0
BRDA:634,59,1,0
BRDA:636,60,0,0
BRDA:636,60,1,0
BRDA:637,61,0,0
BRDA:637,61,1,0
BRDA:638,62,0,0
BRDA:638,62,1,0
BRDA:652,63,0,0
BRDA:652,63,1,0
BRDA:663,64,0,0
BRDA:663,64,1,0
BRDA:673,65,0,0
BRDA:673,65,1,0
BRDA:683,66,0,0
BRDA:683,66,1,0
BRDA:739,67,0,0
BRDA:739,67,1,0
BRDA:750,68,0,0
BRDA:750,68,1,0
BRDA:753,69,0,0
BRDA:753,69,1,0
BRDA:756,70,0,0
BRDA:756,70,1,0
BRDA:759,71,0,0
BRDA:759,71,1,0
BRDA:759,72,0,0
BRDA:759,72,1,0
BRDA:777,73,0,0
BRDA:777,73,1,0
BRDA:779,74,0,0
BRDA:779,74,1,0
BRDA:779,75,0,0
BRDA:779,75,1,0
BRDA:789,76,0,0
BRDA:789,76,1,0
BRDA:790,77,0,0
BRDA:790,77,1,0
BRDA:828,78,0,0
BRDA:828,78,1,0
BRDA:842,79,0,0
BRDA:842,79,1,0
BRDA:843,80,0,0
BRDA:843,80,1,0
BRDA:849,81,0,0
BRDA:849,81,1,0
BRDA:862,82,0,0
BRDA:862,82,1,0
BRDA:864,83,0,0
BRDA:864,83,1,0
BRDA:868,84,0,0
BRDA:868,84,1,0
BRDA:888,85,0,0
BRDA:888,85,1,0
BRDA:921,86,0,0
BRDA:921,86,1,0
BRDA:921,86,2,0
BRDA:927,87,0,0
BRDA:927,87,1,0
BRDA:927,87,2,0
BRDA:941,88,0,0
BRDA:941,88,1,0
BRDA:941,88,2,0
BRDA:941,88,3,0
BRDA:941,88,4,0
BRDA:941,88,5,0
BRDA:941,88,6,0
BRDA:941,88,7,0
BRDA:941,88,8,0
BRDA:959,89,0,0
BRDA:959,89,1,0
BRDA:964,90,0,0
BRDA:964,90,1,0
BRDA:1035,91,0,0
BRDA:1035,91,1,0
BRDA:1036,92,0,0
BRDA:1036,92,1,0
BRDA:1052,93,0,0
BRDA:1052,93,1,0
BRDA:1058,94,0,0
BRDA:1058,94,1,0
BRDA:1059,95,0,0
BRDA:1059,95,1,0
BRDA:1059,96,0,0
BRDA:1059,96,1,0
BRDA:1063,97,0,0
BRDA:1063,97,1,0
BRDA:1074,98,0,0
BRDA:1074,98,1,0
BRDA:1171,99,0,0
BRDA:1171,99,1,0
BRDA:1180,100,0,0
BRDA:1180,100,1,0
BRDA:1368,101,0,0
BRDA:1368,101,1,0
BRDA:1403,102,0,0
BRDA:1403,102,1,0
BRDA:1406,103,0,0
BRDA:1406,103,1,0
BRDA:1409,104,0,0
BRDA:1409,104,1,0
BRDA:1433,105,0,0
BRDA:1433,105,1,0
BRDA:1448,106,0,0
BRDA:1448,106,1,0
BRDA:1460,107,0,0
BRDA:1460,107,1,0
BRDA:1474,108,0,0
BRDA:1474,108,1,0
BRDA:1479,109,0,0
BRDA:1479,109,1,0
BRDA:1483,110,0,0
BRDA:1483,110,1,0
BRDA:1501,111,0,0
BRDA:1501,111,1,0
BRDA:1656,112,0,0
BRDA:1656,112,1,0
BRDA:1669,113,0,0
BRDA:1669,113,1,0
BRF:241
BRH:0
end_of_record
TN:
SF:app\components\IconPack.tsx
FNF:0
FNH:0
LF:0
LH:0
BRF:0
BRH:0
end_of_record
TN:
SF:app\components\KanbanColumn.tsx
FN:15,(anonymous_0)
FN:27,(anonymous_1)
FN:35,(anonymous_2)
FN:43,(anonymous_3)
FNF:4
FNH:0
FNDA:0,(anonymous_0)
FNDA:0,(anonymous_1)
FNDA:0,(anonymous_2)
FNDA:0,(anonymous_3)
DA:15,0
DA:16,0
DA:27,0
DA:36,0
DA:44,0
LF:5
LH:0
BRDA:40,0,0,0
BRDA:40,0,1,0
BRF:2
BRH:0
end_of_record
TN:
SF:app\components\KanbanFilters.tsx
FN:22,(anonymous_0)
FN:38,(anonymous_1)
FN:39,(anonymous_2)
FN:45,(anonymous_3)
FN:47,(anonymous_4)
FN:53,(anonymous_5)
FN:55,(anonymous_6)
FN:61,(anonymous_7)
FN:63,(anonymous_8)
FN:69,(anonymous_9)
FN:71,(anonymous_10)
FN:77,(anonymous_11)
FN:89,(anonymous_12)
FN:103,(anonymous_13)
FN:111,(anonymous_14)
FN:135,(anonymous_15)
FN:141,(anonymous_16)
FN:153,(anonymous_17)
FN:159,(anonymous_18)
FN:171,(anonymous_19)
FN:177,(anonymous_20)
FN:197,(anonymous_21)
FN:198,(anonymous_22)
FNF:23
FNH:0
FNDA:0,(anonymous_0)
FNDA:0,(anonymous_1)
FNDA:0,(anonymous_2)
FNDA:0,(anonymous_3)
FNDA:0,(anonymous_4)
FNDA:0,(anonymous_5)
FNDA:0,(anonymous_6)
FNDA:0,(anonymous_7)
FNDA:0,(anonymous_8)
FNDA:0,(anonymous_9)
FNDA:0,(anonymous_10)
FNDA:0,(anonymous_11)
FNDA:0,(anonymous_12)
FNDA:0,(anonymous_13)
FNDA:0,(anonymous_14)
FNDA:0,(anonymous_15)
FNDA:0,(anonymous_16)
FNDA:0,(anonymous_17)
FNDA:0,(anonymous_18)
FNDA:0,(anonymous_19)
FNDA:0,(anonymous_20)
FNDA:0,(anonymous_21)
FNDA:0,(anonymous_22)
DA:22,0
DA:36,0
DA:38,0
DA:39,0
DA:45,0
DA:46,0
DA:47,0
DA:49,0
DA:53,0
DA:54,0
DA:55,0
DA:57,0
DA:61,0
DA:62,0
DA:63,0
DA:65,0
DA:69,0
DA:70,0
DA:71,0
DA:73,0
DA:77,0
DA:78,0
DA:79,0
DA:81,0
DA:89,0
DA:103,0
DA:111,0
DA:118,0
DA:136,0
DA:141,0
DA:154,0
DA:159,0
DA:172,0
DA:177,0
DA:197,0
DA:198,0
LF:36
LH:0
BRDA:46,0,0,0
BRDA:46,0,1,0
BRDA:54,1,0,0
BRDA:54,1,1,0
BRDA:62,2,0,0
BRDA:62,2,1,0
BRDA:70,3,0,0
BRDA:70,3,1,0
BRDA:77,4,0,0
BRDA:78,5,0,0
BRDA:78,5,1,0
BRDA:87,6,0,0
BRDA:87,6,1,0
BRDA:92,7,0,0
BRDA:92,7,1,0
BRDA:109,8,0,0
BRDA:109,8,1,0
BRDA:109,8,2,0
BRDA:181,9,0,0
BRDA:181,9,1,0
BRF:20
BRH:0
end_of_record
TN:
SF:app\components\KanbanHeader.tsx
FN:14,(anonymous_0)
FN:65,(anonymous_1)
FN:76,(anonymous_2)
FNF:3
FNH:0
FNDA:0,(anonymous_0)
FNDA:0,(anonymous_1)
FNDA:0,(anonymous_2)
DA:14,0
DA:21,0
DA:65,0
DA:76,0
LF:4
LH:0
BRDA:53,0,0,0
BRDA:53,0,1,0
BRDA:67,1,0,0
BRDA:67,1,1,0
BRDA:78,2,0,0
BRDA:78,2,1,0
BRF:6
BRH:0
end_of_record
TN:
SF:app\components\LoadingIndicator.tsx
FN:17,(anonymous_0)
FN:35,(anonymous_1)
FN:53,(anonymous_2)
FNF:3
FNH:0
FNDA:0,(anonymous_0)
FNDA:0,(anonymous_1)
FNDA:0,(anonymous_2)
DA:17,0
DA:26,0
DA:33,0
DA:35,0
DA:36,0
DA:38,0
DA:51,0
DA:54,0
DA:69,0
DA:82,0
DA:98,0
DA:112,0
LF:12
LH:0
BRDA:18,0,0,0
BRDA:19,1,0,0
BRDA:20,2,0,0
BRDA:21,3,0,0
BRDA:22,4,0,0
BRDA:33,5,0,0
BRDA:33,5,1,0
BRDA:36,6,0,0
BRDA:36,6,1,0
BRDA:36,6,2,0
BRDA:36,6,3,0
BRDA:36,6,4,0
BRDA:44,7,0,0
BRDA:44,7,1,0
BRDA:60,8,0,0
BRDA:60,8,1,0
BRDA:75,9,0,0
BRDA:75,9,1,0
BRDA:90,10,0,0
BRDA:90,10,1,0
BRDA:115,11,0,0
BRDA:115,11,1,0
BRDA:117,12,0,0
BRDA:117,12,1,0
BRDA:117,13,0,0
BRDA:117,13,1,0
BRF:26
BRH:0
end_of_record
TN:
SF:app\components\MultiStepFlow.tsx
FN:21,(anonymous_0)
FN:31,(anonymous_1)
FN:77,(anonymous_2)
FNF:3
FNH:0
FNDA:0,(anonymous_0)
FNDA:0,(anonymous_1)
FNDA:0,(anonymous_2)
DA:21,0
DA:22,0
DA:23,0
DA:24,0
DA:25,0
DA:27,0
DA:28,0
DA:29,0
DA:31,0
DA:33,0
DA:36,0
DA:39,0
DA:41,0
DA:42,0
DA:43,0
DA:46,0
DA:47,0
DA:48,0
DA:51,0
DA:52,0
DA:53,0
DA:60,0
DA:63,0
DA:64,0
DA:65,0
DA:69,0
DA:70,0
DA:74,0
DA:77,0
DA:78,0
DA:79,0
DA:80,0
DA:81,0
DA:86,0
DA:95,0
LF:35
LH:0
BRDA:21,0,0,0
BRDA:41,1,0,0
BRDA:41,1,1,0
BRDA:46,2,0,0
BRDA:46,2,1,0
BRDA:63,3,0,0
BRDA:63,3,1,0
BRDA:69,4,0,0
BRDA:69,4,1,0
BRDA:80,5,0,0
BRDA:80,5,1,0
BRDA:86,6,0,0
BRDA:86,6,1,0
BRDA:89,7,0,0
BRDA:89,7,1,0
BRDA:96,8,0,0
BRDA:96,8,1,0
BRDA:98,9,0,0
BRDA:98,9,1,0
BRDA:111,10,0,0
BRDA:111,10,1,0
BRDA:121,11,0,0
BRDA:121,11,1,0
BRDA:136,12,0,0
BRDA:136,12,1,0
BRF:25
BRH:0
end_of_record
TN:
SF:app\components\MyNotesPanel.tsx
FN:23,(anonymous_0)
FN:30,(anonymous_1)
FN:36,(anonymous_2)
FN:49,(anonymous_3)
FN:63,(anonymous_4)
FN:72,(anonymous_5)
FN:73,(anonymous_6)
FN:91,(anonymous_7)
FN:101,(anonymous_8)
FN:105,(anonymous_9)
FN:137,(anonymous_10)
FN:147,(anonymous_11)
FNF:12
FNH:0
FNDA:0,(anonymous_0)
FNDA:0,(anonymous_1)
FNDA:0,(anonymous_2)
FNDA:0,(anonymous_3)
FNDA:0,(anonymous_4)
FNDA:0,(anonymous_5)
FNDA:0,(anonymous_6)
FNDA:0,(anonymous_7)
FNDA:0,(anonymous_8)
FNDA:0,(anonymous_9)
FNDA:0,(anonymous_10)
FNDA:0,(anonymous_11)
DA:23,0
DA:30,0
DA:31,0
DA:32,0
DA:33,0
DA:36,0
DA:37,0
DA:39,0
DA:41,0
DA:43,0
DA:45,0
DA:49,0
DA:50,0
DA:52,0
DA:54,0
DA:56,0
DA:58,0
DA:63,0
DA:64,0
DA:65,0
DA:66,0
DA:67,0
DA:71,0
DA:72,0
DA:73,0
DA:75,0
DA:92,0
DA:102,0
DA:105,0
DA:138,0
DA:139,0
DA:148,0
DA:149,0
LF:33
LH:0
BRDA:33,0,0,0
BRDA:33,0,1,0
BRDA:37,1,0,0
BRDA:37,1,1,0
BRDA:37,1,2,0
BRDA:37,1,3,0
BRDA:50,2,0,0
BRDA:50,2,1,0
BRDA:50,2,2,0
BRDA:50,2,3,0
BRDA:65,3,0,0
BRDA:65,3,1,0
BRDA:82,4,0,0
BRDA:82,4,1,0
BRDA:126,5,0,0
BRDA:126,5,1,0
BRDA:126,5,2,0
BRF:17
BRH:0
end_of_record
TN:
SF:app\components\NewNoteEditor.tsx
FN:13,(anonymous_0)
FN:21,(anonymous_1)
FN:26,(anonymous_2)
FN:34,(anonymous_3)
FN:58,(anonymous_4)
FNF:5
FNH:0
FNDA:0,(anonymous_0)
FNDA:0,(anonymous_1)
FNDA:0,(anonymous_2)
FNDA:0,(anonymous_3)
FNDA:0,(anonymous_4)
DA:13,0
DA:18,0
DA:21,0
DA:22,0
DA:23,0
DA:26,0
DA:27,0
DA:28,0
DA:29,0
DA:34,0
DA:35,0
DA:36,0
DA:37,0
DA:40,0
LF:14
LH:0
BRDA:23,0,0,0
BRDA:23,0,1,0
BRDA:27,1,0,0
BRDA:27,1,1,0
BRDA:37,2,0,0
BRDA:37,2,1,0
BRF:6
BRH:0
end_of_record
TN:
SF:app\components\NonCriticalProviders.tsx
FN:9,NonCriticalProviders
FNF:1
FNH:0
FNDA:0,NonCriticalProviders
DA:10,0
LF:1
LH:0
BRF:0
BRH:0
end_of_record
TN:
SF:app\components\NotesPanel.tsx
FN:26,(anonymous_0)
FN:50,(anonymous_1)
FN:56,(anonymous_2)
FN:59,(anonymous_3)
FN:64,(anonymous_4)
FN:71,(anonymous_5)
FN:75,(anonymous_6)
FN:79,(anonymous_7)
FN:84,(anonymous_8)
FN:92,(anonymous_9)
FN:96,(anonymous_10)
FN:101,(anonymous_11)
FN:113,(anonymous_12)
FN:119,(anonymous_13)
FN:129,(anonymous_14)
FN:141,(anonymous_15)
FN:149,(anonymous_16)
FN:157,(anonymous_17)
FN:165,(anonymous_18)
FN:179,(anonymous_19)
FN:199,(anonymous_20)
FN:204,(anonymous_21)
FN:225,(anonymous_22)
FN:228,(anonymous_23)
FN:232,(anonymous_24)
FN:244,(anonymous_25)
FN:248,(anonymous_26)
FN:267,(anonymous_27)
FN:273,(anonymous_28)
FNF:29
FNH:0
FNDA:0,(anonymous_0)
FNDA:0,(anonymous_1)
FNDA:0,(anonymous_2)
FNDA:0,(anonymous_3)
FNDA:0,(anonymous_4)
FNDA:0,(anonymous_5)
FNDA:0,(anonymous_6)
FNDA:0,(anonymous_7)
FNDA:0,(anonymous_8)
FNDA:0,(anonymous_9)
FNDA:0,(anonymous_10)
FNDA:0,(anonymous_11)
FNDA:0,(anonymous_12)
FNDA:0,(anonymous_13)
FNDA:0,(anonymous_14)
FNDA:0,(anonymous_15)
FNDA:0,(anonymous_16)
FNDA:0,(anonymous_17)
FNDA:0,(anonymous_18)
FNDA:0,(anonymous_19)
FNDA:0,(anonymous_20)
FNDA:0,(anonymous_21)
FNDA:0,(anonymous_22)
FNDA:0,(anonymous_23)
FNDA:0,(anonymous_24)
FNDA:0,(anonymous_25)
FNDA:0,(anonymous_26)
FNDA:0,(anonymous_27)
FNDA:0,(anonymous_28)
DA:26,0
DA:37,0
DA:38,0
DA:39,0
DA:40,0
DA:41,0
DA:42,0
DA:43,0
DA:45,0
DA:46,0
DA:47,0
DA:50,0
DA:51,0
DA:52,0
DA:53,0
DA:56,0
DA:57,0
DA:58,0
DA:59,0
DA:60,0
DA:64,0
DA:65,0
DA:66,0
DA:67,0
DA:71,0
DA:72,0
DA:75,0
DA:76,0
DA:77,0
DA:78,0
DA:79,0
DA:80,0
DA:84,0
DA:85,0
DA:86,0
DA:87,0
DA:88,0
DA:92,0
DA:93,0
DA:94,0
DA:95,0
DA:96,0
DA:97,0
DA:101,0
DA:102,0
DA:103,0
DA:104,0
DA:105,0
DA:109,0
DA:114,0
DA:119,0
DA:129,0
DA:141,0
DA:149,0
DA:157,0
DA:165,0
DA:179,0
DA:200,0
DA:204,0
DA:225,0
DA:228,0
DA:232,0
DA:245,0
DA:249,0
DA:250,0
DA:267,0
DA:273,0
LF:67
LH:0
BRDA:53,0,0,0
BRDA:53,0,1,0
BRDA:65,1,0,0
BRDA:65,1,1,0
BRDA:65,2,0,0
BRDA:65,2,1,0
BRDA:85,3,0,0
BRDA:85,3,1,0
BRDA:85,4,0,0
BRDA:85,4,1,0
BRDA:102,5,0,0
BRDA:102,5,1,0
BRDA:102,6,0,0
BRDA:102,6,1,0
BRDA:111,7,0,0
BRDA:111,7,1,0
BRDA:114,8,0,0
BRDA:114,8,1,0
BRDA:128,9,0,0
BRDA:128,9,1,0
BRDA:130,10,0,0
BRDA:130,10,1,0
BRDA:133,11,0,0
BRDA:133,11,1,0
BRDA:174,12,0,0
BRDA:174,12,1,0
BRDA:192,13,0,0
BRDA:192,13,1,0
BRDA:197,14,0,0
BRDA:197,14,1,0
BRDA:197,14,2,0
BRDA:213,15,0,0
BRDA:213,15,1,0
BRDA:219,16,0,0
BRDA:219,16,1,0
BRDA:219,16,2,0
BRDA:228,17,0,0
BRDA:228,17,1,0
BRDA:240,18,0,0
BRDA:240,18,1,0
BRDA:262,19,0,0
BRDA:262,19,1,0
BRDA:262,19,2,0
BRF:43
BRH:0
end_of_record
TN:
SF:app\components\ProgressCard.tsx
FN:19,(anonymous_0)
FN:51,(anonymous_1)
FN:63,(anonymous_2)
FNF:3
FNH:0
FNDA:0,(anonymous_0)
FNDA:0,(anonymous_1)
FNDA:0,(anonymous_2)
DA:19,0
DA:29,0
DA:32,0
DA:37,0
DA:46,0
DA:51,0
DA:52,0
DA:54,0
DA:56,0
DA:58,0
DA:63,0
DA:64,0
DA:66,0
DA:67,0
DA:71,0
DA:78,0
LF:16
LH:0
BRDA:24,0,0,0
BRDA:25,1,0,0
BRDA:26,2,0,0
BRDA:32,3,0,0
BRDA:32,3,1,0
BRDA:37,4,0,0
BRDA:37,4,1,0
BRDA:39,5,0,0
BRDA:39,5,1,0
BRDA:41,6,0,0
BRDA:41,6,1,0
BRDA:46,7,0,0
BRDA:46,7,1,0
BRDA:52,8,0,0
BRDA:52,8,1,0
BRDA:52,8,2,0
BRDA:64,9,0,0
BRDA:64,9,1,0
BRDA:67,10,0,0
BRDA:67,10,1,0
BRDA:72,11,0,0
BRDA:72,11,1,0
BRDA:72,12,0,0
BRDA:72,12,1,0
BRDA:91,13,0,0
BRDA:91,13,1,0
BRDA:98,14,0,0
BRDA:98,14,1,0
BRF:28
BRH:0
end_of_record
TN:
SF:app\components\ProjectFileView.tsx
FN:46,(anonymous_0)
FN:103,(anonymous_1)
FN:112,(anonymous_2)
FN:158,(anonymous_3)
FN:159,(anonymous_4)
FN:164,(anonymous_5)
FN:187,(anonymous_6)
FN:194,(anonymous_7)
FN:201,(anonymous_8)
FN:208,(anonymous_9)
FN:234,(anonymous_10)
FN:250,(anonymous_11)
FN:271,(anonymous_12)
FN:287,(anonymous_13)
FN:307,(anonymous_14)
FN:311,(anonymous_15)
FN:315,(anonymous_16)
FN:319,(anonymous_17)
FN:323,(anonymous_18)
FN:330,(anonymous_19)
FN:339,(anonymous_20)
FN:340,(anonymous_21)
FN:348,(anonymous_22)
FN:353,(anonymous_23)
FN:361,(anonymous_24)
FN:420,(anonymous_25)
FN:522,(anonymous_26)
FN:529,(anonymous_27)
FN:536,(anonymous_28)
FN:548,(anonymous_29)
FN:576,(anonymous_30)
FN:596,(anonymous_31)
FN:600,(anonymous_32)
FN:604,(anonymous_33)
FN:608,(anonymous_34)
FN:611,(anonymous_35)
FN:614,(anonymous_36)
FN:614,(anonymous_37)
FN:620,(anonymous_38)
FN:631,(anonymous_39)
FN:636,(anonymous_40)
FN:642,(anonymous_41)
FN:648,(anonymous_42)
FN:652,(anonymous_43)
FN:664,(anonymous_44)
FN:671,(anonymous_45)
FN:675,(anonymous_46)
FN:687,(anonymous_47)
FN:694,(anonymous_48)
FN:700,(anonymous_49)
FN:703,(anonymous_50)
FN:710,(anonymous_51)
FN:711,(anonymous_52)
FN:725,(anonymous_53)
FN:727,(anonymous_54)
FN:727,(anonymous_55)
FN:732,(anonymous_56)
FN:732,(anonymous_57)
FN:736,(anonymous_58)
FN:786,(anonymous_59)
FN:806,(anonymous_60)
FN:808,(anonymous_61)
FN:823,(anonymous_62)
FN:835,(anonymous_63)
FN:843,(anonymous_64)
FN:853,(anonymous_65)
FN:868,(anonymous_66)
FN:873,(anonymous_67)
FN:880,(anonymous_68)
FN:896,(anonymous_69)
FN:905,(anonymous_70)
FN:993,(anonymous_71)
FN:1041,(anonymous_72)
FN:1049,(anonymous_73)
FN:1075,(anonymous_74)
FN:1083,(anonymous_75)
FN:1104,(anonymous_76)
FN:1123,(anonymous_77)
FN:1137,(anonymous_78)
FN:1144,(anonymous_79)
FN:1207,(anonymous_80)
FN:1213,(anonymous_81)
FN:1233,(anonymous_82)
FN:1243,(anonymous_83)
FNF:84
FNH:0
FNDA:0,(anonymous_0)
FNDA:0,(anonymous_1)
FNDA:0,(anonymous_2)
FNDA:0,(anonymous_3)
FNDA:0,(anonymous_4)
FNDA:0,(anonymous_5)
FNDA:0,(anonymous_6)
FNDA:0,(anonymous_7)
FNDA:0,(anonymous_8)
FNDA:0,(anonymous_9)
FNDA:0,(anonymous_10)
FNDA:0,(anonymous_11)
FNDA:0,(anonymous_12)
FNDA:0,(anonymous_13)
FNDA:0,(anonymous_14)
FNDA:0,(anonymous_15)
FNDA:0,(anonymous_16)
FNDA:0,(anonymous_17)
FNDA:0,(anonymous_18)
FNDA:0,(anonymous_19)
FNDA:0,(anonymous_20)
FNDA:0,(anonymous_21)
FNDA:0,(anonymous_22)
FNDA:0,(anonymous_23)
FNDA:0,(anonymous_24)
FNDA:0,(anonymous_25)
FNDA:0,(anonymous_26)
FNDA:0,(anonymous_27)
FNDA:0,(anonymous_28)
FNDA:0,(anonymous_29)
FNDA:0,(anonymous_30)
FNDA:0,(anonymous_31)
FNDA:0,(anonymous_32)
FNDA:0,(anonymous_33)
FNDA:0,(anonymous_34)
FNDA:0,(anonymous_35)
FNDA:0,(anonymous_36)
FNDA:0,(anonymous_37)
FNDA:0,(anonymous_38)
FNDA:0,(anonymous_39)
FNDA:0,(anonymous_40)
FNDA:0,(anonymous_41)
FNDA:0,(anonymous_42)
FNDA:0,(anonymous_43)
FNDA:0,(anonymous_44)
FNDA:0,(anonymous_45)
FNDA:0,(anonymous_46)
FNDA:0,(anonymous_47)
FNDA:0,(anonymous_48)
FNDA:0,(anonymous_49)
FNDA:0,(anonymous_50)
FNDA:0,(anonymous_51)
FNDA:0,(anonymous_52)
FNDA:0,(anonymous_53)
FNDA:0,(anonymous_54)
FNDA:0,(anonymous_55)
FNDA:0,(anonymous_56)
FNDA:0,(anonymous_57)
FNDA:0,(anonymous_58)
FNDA:0,(anonymous_59)
FNDA:0,(anonymous_60)
FNDA:0,(anonymous_61)
FNDA:0,(anonymous_62)
FNDA:0,(anonymous_63)
FNDA:0,(anonymous_64)
FNDA:0,(anonymous_65)
FNDA:0,(anonymous_66)
FNDA:0,(anonymous_67)
FNDA:0,(anonymous_68)
FNDA:0,(anonymous_69)
FNDA:0,(anonymous_70)
FNDA:0,(anonymous_71)
FNDA:0,(anonymous_72)
FNDA:0,(anonymous_73)
FNDA:0,(anonymous_74)
FNDA:0,(anonymous_75)
FNDA:0,(anonymous_76)
FNDA:0,(anonymous_77)
FNDA:0,(anonymous_78)
FNDA:0,(anonymous_79)
FNDA:0,(anonymous_80)
FNDA:0,(anonymous_81)
FNDA:0,(anonymous_82)
FNDA:0,(anonymous_83)
DA:46,0
DA:53,0
DA:54,0
DA:57,0
DA:58,0
DA:59,0
DA:60,0
DA:61,0
DA:64,0
DA:71,0
DA:72,0
DA:73,0
DA:76,0
DA:77,0
DA:78,0
DA:81,0
DA:82,0
DA:83,0
DA:84,0
DA:85,0
DA:86,0
DA:87,0
DA:88,0
DA:90,0
DA:92,0
DA:93,0
DA:94,0
DA:95,0
DA:96,0
DA:97,0
DA:99,0
DA:100,0
DA:103,0
DA:106,0
DA:107,0
DA:112,0
DA:113,0
DA:114,0
DA:117,0
DA:123,0
DA:124,0
DA:125,0
DA:126,0
DA:129,0
DA:133,0
DA:139,0
DA:140,0
DA:145,0
DA:150,0
DA:151,0
DA:152,0
DA:153,0
DA:154,0
DA:157,0
DA:158,0
DA:161,0
DA:162,0
DA:164,0
DA:166,0
DA:170,0
DA:175,0
DA:176,0
DA:177,0
DA:178,0
DA:179,0
DA:182,0
DA:187,0
DA:188,0
DA:189,0
DA:194,0
DA:195,0
DA:196,0
DA:201,0
DA:202,0
DA:203,0
DA:208,0
DA:209,0
DA:210,0
DA:212,0
DA:223,0
DA:224,0
DA:226,0
DA:229,0
DA:234,0
DA:235,0
DA:236,0
DA:239,0
DA:244,0
DA:245,0
DA:246,0
DA:250,0
DA:256,0
DA:260,0
DA:261,0
DA:263,0
DA:266,0
DA:271,0
DA:272,0
DA:273,0
DA:276,0
DA:281,0
DA:282,0
DA:283,0
DA:287,0
DA:293,0
DA:297,0
DA:298,0
DA:300,0
DA:303,0
DA:307,0
DA:308,0
DA:311,0
DA:312,0
DA:315,0
DA:316,0
DA:319,0
DA:320,0
DA:323,0
DA:324,0
DA:325,0
DA:326,0
DA:330,0
DA:331,0
DA:332,0
DA:333,0
DA:334,0
DA:339,0
DA:340,0
DA:341,0
DA:343,0
DA:346,0
DA:347,0
DA:348,0
DA:349,0
DA:350,0
DA:351,0
DA:353,0
DA:354,0
DA:355,0
DA:361,0
DA:362,0
DA:364,0
DA:369,0
DA:371,0
DA:372,0
DA:374,0
DA:375,0
DA:379,0
DA:380,0
DA:383,0
DA:384,0
DA:393,0
DA:396,0
DA:397,0
DA:398,0
DA:399,0
DA:400,0
DA:401,0
DA:403,0
DA:405,0
DA:409,0
DA:410,0
DA:412,0
DA:413,0
DA:414,0
DA:417,0
DA:420,0
DA:427,0
DA:430,0
DA:437,0
DA:438,0
DA:441,0
DA:444,0
DA:445,0
DA:448,0
DA:449,0
DA:452,0
DA:453,0
DA:455,0
DA:456,0
DA:457,0
DA:460,0
DA:463,0
DA:487,0
DA:488,0
DA:491,0
DA:492,0
DA:493,0
DA:496,0
DA:497,0
DA:499,0
DA:507,0
DA:513,0
DA:514,0
DA:522,0
DA:524,0
DA:525,0
DA:526,0
DA:529,0
DA:530,0
DA:531,0
DA:533,0
DA:534,0
DA:536,0
DA:537,0
DA:538,0
DA:539,0
DA:542,0
DA:543,0
DA:544,0
DA:548,0
DA:556,0
DA:562,0
DA:564,0
DA:565,0
DA:569,0
DA:573,0
DA:576,0
DA:577,0
DA:579,0
DA:584,0
DA:588,0
DA:589,0
DA:590,0
DA:591,0
DA:592,0
DA:593,0
DA:596,0
DA:597,0
DA:600,0
DA:601,0
DA:604,0
DA:605,0
DA:608,0
DA:609,0
DA:611,0
DA:614,0
DA:617,0
DA:620,0
DA:621,0
DA:623,0
DA:631,0
DA:636,0
DA:637,0
DA:638,0
DA:639,0
DA:642,0
DA:643,0
DA:644,0
DA:645,0
DA:648,0
DA:649,0
DA:652,0
DA:653,0
DA:655,0
DA:664,0
DA:667,0
DA:668,0
DA:671,0
DA:672,0
DA:675,0
DA:676,0
DA:678,0
DA:687,0
DA:690,0
DA:691,0
DA:694,0
DA:695,0
DA:700,0
DA:703,0
DA:704,0
DA:705,0
DA:706,0
DA:710,0
DA:711,0
DA:712,0
DA:714,0
DA:715,0
DA:716,0
DA:717,0
DA:718,0
DA:719,0
DA:720,0
DA:721,0
DA:725,0
DA:727,0
DA:730,0
DA:731,0
DA:732,0
DA:736,0
DA:737,0
DA:739,0
DA:746,0
DA:752,0
DA:754,0
DA:755,0
DA:758,0
DA:766,0
DA:776,0
DA:777,0
DA:778,0
DA:781,0
DA:782,0
DA:785,0
DA:786,0
DA:796,0
DA:799,0
DA:800,0
DA:803,0
DA:805,0
DA:806,0
DA:808,0
DA:810,0
DA:823,0
DA:824,0
DA:825,0
DA:835,0
DA:836,0
DA:843,0
DA:844,0
DA:850,0
DA:853,0
DA:854,0
DA:865,0
DA:868,0
DA:869,0
DA:870,0
DA:873,0
DA:874,0
DA:877,0
DA:880,0
DA:881,0
DA:896,0
DA:905,0
DA:906,0
DA:993,0
DA:994,0
DA:1041,0
DA:1050,0
DA:1051,0
DA:1075,0
DA:1084,0
DA:1085,0
DA:1104,0
DA:1105,0
DA:1123,0
DA:1124,0
DA:1126,0
DA:1128,0
DA:1130,0
DA:1132,0
DA:1137,0
DA:1138,0
DA:1139,0
DA:1144,0
DA:1145,0
DA:1147,0
DA:1148,0
DA:1150,0
DA:1157,0
DA:1158,0
DA:1159,0
DA:1161,0
DA:1164,0
DA:1166,0
DA:1170,0
DA:1207,0
DA:1213,0
DA:1233,0
DA:1244,0
DA:1245,0
LF:371
LH:0
BRDA:106,0,0,0
BRDA:106,0,1,0
BRDA:123,1,0,0
BRDA:123,1,1,0
BRDA:123,2,0,0
BRDA:123,2,1,0
BRDA:125,3,0,0
BRDA:125,3,1,0
BRDA:129,4,0,0
BRDA:129,4,1,0
BRDA:139,5,0,0
BRDA:139,5,1,0
BRDA:150,6,0,0
BRDA:150,6,1,0
BRDA:152,7,0,0
BRDA:152,7,1,0
BRDA:162,8,0,0
BRDA:162,8,1,0
BRDA:175,9,0,0
BRDA:175,9,1,0
BRDA:177,10,0,0
BRDA:177,10,1,0
BRDA:188,11,0,0
BRDA:188,11,1,0
BRDA:188,12,0,0
BRDA:188,12,1,0
BRDA:188,12,2,0
BRDA:195,13,0,0
BRDA:195,13,1,0
BRDA:195,14,0,0
BRDA:195,14,1,0
BRDA:202,15,0,0
BRDA:202,15,1,0
BRDA:202,16,0,0
BRDA:202,16,1,0
BRDA:223,17,0,0
BRDA:223,17,1,0
BRDA:244,18,0,0
BRDA:244,18,1,0
BRDA:260,19,0,0
BRDA:260,19,1,0
BRDA:281,20,0,0
BRDA:281,20,1,0
BRDA:297,21,0,0
BRDA:297,21,1,0
BRDA:325,22,0,0
BRDA:325,22,1,0
BRDA:332,23,0,0
BRDA:332,23,1,0
BRDA:341,24,0,0
BRDA:341,24,1,0
BRDA:362,25,0,0
BRDA:362,25,1,0
BRDA:374,26,0,0
BRDA:374,26,1,0
BRDA:388,27,0,0
BRDA:388,27,1,0
BRDA:396,28,0,0
BRDA:396,28,1,0
BRDA:401,29,0,0
BRDA:401,29,1,0
BRDA:412,30,0,0
BRDA:412,30,1,0
BRDA:412,31,0,0
BRDA:412,31,1,0
BRDA:437,32,0,0
BRDA:437,32,1,0
BRDA:437,33,0,0
BRDA:437,33,1,0
BRDA:444,34,0,0
BRDA:444,34,1,0
BRDA:449,35,0,0
BRDA:449,35,1,0
BRDA:531,36,0,0
BRDA:531,36,1,0
BRDA:531,37,0,0
BRDA:531,37,1,0
BRDA:542,38,0,0
BRDA:542,38,1,0
BRDA:542,39,0,0
BRDA:542,39,1,0
BRDA:549,40,0,0
BRDA:549,40,1,0
BRDA:551,41,0,0
BRDA:551,41,1,0
BRDA:552,42,0,0
BRDA:552,42,1,0
BRDA:577,43,0,0
BRDA:577,43,1,0
BRDA:609,44,0,0
BRDA:609,44,1,0
BRDA:614,45,0,0
BRDA:614,45,1,0
BRDA:621,46,0,0
BRDA:621,46,1,0
BRDA:649,47,0,0
BRDA:649,47,1,0
BRDA:649,48,0,0
BRDA:649,48,1,0
BRDA:653,49,0,0
BRDA:653,49,1,0
BRDA:672,50,0,0
BRDA:672,50,1,0
BRDA:672,51,0,0
BRDA:672,51,1,0
BRDA:676,52,0,0
BRDA:676,52,1,0
BRDA:705,53,0,0
BRDA:705,53,1,0
BRDA:712,54,0,0
BRDA:712,54,1,0
BRDA:714,55,0,0
BRDA:714,55,1,0
BRDA:715,56,0,0
BRDA:715,56,1,0
BRDA:718,57,0,0
BRDA:718,57,1,0
BRDA:719,58,0,0
BRDA:719,58,1,0
BRDA:731,59,0,0
BRDA:731,59,1,0
BRDA:731,60,0,0
BRDA:731,60,1,0
BRDA:770,61,0,0
BRDA:770,61,1,0
BRDA:776,62,0,0
BRDA:776,62,1,0
BRDA:778,63,0,0
BRDA:778,63,1,0
BRDA:799,64,0,0
BRDA:799,64,1,0
BRDA:869,65,0,0
BRDA:869,65,1,0
BRDA:874,66,0,0
BRDA:874,66,1,0
BRDA:877,67,0,0
BRDA:877,67,1,0
BRDA:882,68,0,0
BRDA:882,68,1,0
BRDA:911,69,0,0
BRDA:911,69,1,0
BRDA:940,70,0,0
BRDA:940,70,1,0
BRDA:942,71,0,0
BRDA:942,71,1,0
BRDA:942,72,0,0
BRDA:942,72,1,0
BRDA:947,73,0,0
BRDA:947,73,1,0
BRDA:977,74,0,0
BRDA:977,74,1,0
BRDA:1034,75,0,0
BRDA:1034,75,1,0
BRDA:1069,76,0,0
BRDA:1069,76,1,0
BRDA:1124,77,0,0
BRDA:1124,77,1,0
BRDA:1124,77,2,0
BRDA:1124,77,3,0
BRDA:1138,78,0,0
BRDA:1138,78,1,0
BRDA:1145,79,0,0
BRDA:1145,79,1,0
BRDA:1153,80,0,0
BRDA:1153,80,1,0
BRDA:1157,81,0,0
BRDA:1157,81,1,0
BRDA:1171,82,0,0
BRDA:1171,82,1,0
BRDA:1183,83,0,0
BRDA:1183,83,1,0
BRDA:1205,84,0,0
BRDA:1205,84,1,0
BRDA:1239,85,0,0
BRDA:1239,85,1,0
BRDA:1244,86,0,0
BRDA:1244,86,1,0
BRF:177
BRH:0
end_of_record
TN:
SF:app\components\ProjectInfoForm.tsx
FN:16,(anonymous_0)
FN:21,(anonymous_1)
FN:35,(anonymous_2)
FN:35,(anonymous_3)
FNF:4
FNH:0
FNDA:0,(anonymous_0)
FNDA:0,(anonymous_1)
FNDA:0,(anonymous_2)
FNDA:0,(anonymous_3)
DA:16,0
DA:17,0
DA:18,0
DA:19,0
DA:21,0
DA:22,0
DA:23,0
DA:26,0
DA:35,0
LF:9
LH:0
BRDA:19,0,0,0
BRDA:19,0,1,0
BRDA:19,0,2,0
BRDA:37,1,0,0
BRDA:37,1,1,0
BRDA:40,2,0,0
BRDA:40,2,1,0
BRF:7
BRH:0
end_of_record
TN:
SF:app\components\ProjectPage.tsx
FN:25,(anonymous_0)
FN:38,(anonymous_1)
FN:43,(anonymous_2)
FN:47,(anonymous_3)
FN:60,(anonymous_4)
FN:66,(anonymous_5)
FN:74,(anonymous_6)
FN:79,(anonymous_7)
FN:84,(anonymous_8)
FN:98,(anonymous_9)
FN:103,(anonymous_10)
FN:112,(anonymous_11)
FN:134,(anonymous_12)
FN:136,(anonymous_13)
FN:140,(anonymous_14)
FN:156,(anonymous_15)
FN:168,(anonymous_16)
FN:180,(anonymous_17)
FN:187,(anonymous_18)
FN:204,(anonymous_19)
FN:236,(anonymous_20)
FN:244,(anonymous_21)
FN:250,(anonymous_22)
FNF:23
FNH:0
FNDA:0,(anonymous_0)
FNDA:0,(anonymous_1)
FNDA:0,(anonymous_2)
FNDA:0,(anonymous_3)
FNDA:0,(anonymous_4)
FNDA:0,(anonymous_5)
FNDA:0,(anonymous_6)
FNDA:0,(anonymous_7)
FNDA:0,(anonymous_8)
FNDA:0,(anonymous_9)
FNDA:0,(anonymous_10)
FNDA:0,(anonymous_11)
FNDA:0,(anonymous_12)
FNDA:0,(anonymous_13)
FNDA:0,(anonymous_14)
FNDA:0,(anonymous_15)
FNDA:0,(anonymous_16)
FNDA:0,(anonymous_17)
FNDA:0,(anonymous_18)
FNDA:0,(anonymous_19)
FNDA:0,(anonymous_20)
FNDA:0,(anonymous_21)
FNDA:0,(anonymous_22)
DA:25,0
DA:31,0
DA:32,0
DA:33,0
DA:34,0
DA:35,0
DA:36,0
DA:38,0
DA:39,0
DA:40,0
DA:43,0
DA:44,0
DA:47,0
DA:49,0
DA:56,0
DA:57,0
DA:60,0
DA:61,0
DA:62,0
DA:63,0
DA:66,0
DA:67,0
DA:68,0
DA:70,0
DA:71,0
DA:74,0
DA:75,0
DA:76,0
DA:79,0
DA:80,0
DA:84,0
DA:85,0
DA:90,0
DA:98,0
DA:103,0
DA:104,0
DA:105,0
DA:112,0
DA:113,0
DA:134,0
DA:135,0
DA:137,0
DA:140,0
DA:156,0
DA:168,0
DA:169,0
DA:181,0
DA:187,0
DA:204,0
DA:217,0
DA:236,0
DA:244,0
DA:250,0
LF:53
LH:0
BRDA:67,0,0,0
BRDA:67,0,1,0
BRDA:85,1,0,0
BRDA:85,1,1,0
BRDA:147,2,0,0
BRDA:147,2,1,0
BRDA:185,3,0,0
BRDA:185,3,1,0
BRDA:193,4,0,0
BRDA:193,4,1,0
BRDA:243,5,0,0
BRDA:243,5,1,0
BRDA:249,6,0,0
BRDA:249,6,1,0
BRDA:268,7,0,0
BRDA:268,7,1,0
BRDA:271,8,0,0
BRDA:271,8,1,0
BRDA:276,9,0,0
BRDA:276,9,1,0
BRDA:291,10,0,0
BRDA:291,10,1,0
BRF:22
BRH:0
end_of_record
TN:
SF:app\components\ProtectedWrapper.tsx
FN:11,ProtectedWrapper
FN:15,(anonymous_1)
FNF:2
FNH:0
FNDA:0,ProtectedWrapper
FNDA:0,(anonymous_1)
DA:12,0
DA:13,0
DA:15,0
DA:16,0
DA:17,0
DA:21,0
DA:22,0
DA:29,0
DA:30,0
DA:33,0
LF:10
LH:0
BRDA:16,0,0,0
BRDA:16,0,1,0
BRDA:16,1,0,0
BRDA:16,1,1,0
BRDA:21,2,0,0
BRDA:21,2,1,0
BRDA:29,3,0,0
BRDA:29,3,1,0
BRF:8
BRH:0
end_of_record
TN:
SF:app\components\RequirementCard.tsx
FN:21,(anonymous_0)
FN:26,(anonymous_1)
FN:34,(anonymous_2)
FN:69,(anonymous_3)
FNF:4
FNH:0
FNDA:0,(anonymous_0)
FNDA:0,(anonymous_1)
FNDA:0,(anonymous_2)
FNDA:0,(anonymous_3)
DA:13,0
DA:21,0
DA:22,0
DA:24,0
DA:27,0
DA:34,0
DA:70,0
LF:7
LH:0
BRDA:32,0,0,0
BRDA:32,0,1,0
BRDA:41,1,0,0
BRDA:41,1,1,0
BRDA:45,2,0,0
BRDA:45,2,1,0
BRDA:48,3,0,0
BRDA:48,3,1,0
BRDA:61,4,0,0
BRDA:61,4,1,0
BRDA:69,5,0,0
BRDA:69,5,1,0
BRDA:73,6,0,0
BRDA:73,6,1,0
BRDA:81,7,0,0
BRDA:81,7,1,0
BRDA:81,7,2,0
BRF:17
BRH:0
end_of_record
TN:
SF:app\components\RequirementModal.tsx
FN:27,(anonymous_0)
FN:47,(anonymous_1)
FN:54,(anonymous_2)
FN:68,(anonymous_3)
FN:89,(anonymous_4)
FN:91,(anonymous_5)
FN:92,(anonymous_6)
FN:92,(anonymous_7)
FN:102,(anonymous_8)
FN:103,(anonymous_9)
FN:105,(anonymous_10)
FN:136,(anonymous_11)
FN:148,(anonymous_12)
FN:160,(anonymous_13)
FN:179,(anonymous_14)
FN:191,(anonymous_15)
FN:195,(anonymous_16)
FN:209,(anonymous_17)
FN:213,(anonymous_18)
FN:226,(anonymous_19)
FN:229,(anonymous_20)
FN:247,(anonymous_21)
FNF:22
FNH:0
FNDA:0,(anonymous_0)
FNDA:0,(anonymous_1)
FNDA:0,(anonymous_2)
FNDA:0,(anonymous_3)
FNDA:0,(anonymous_4)
FNDA:0,(anonymous_5)
FNDA:0,(anonymous_6)
FNDA:0,(anonymous_7)
FNDA:0,(anonymous_8)
FNDA:0,(anonymous_9)
FNDA:0,(anonymous_10)
FNDA:0,(anonymous_11)
FNDA:0,(anonymous_12)
FNDA:0,(anonymous_13)
FNDA:0,(anonymous_14)
FNDA:0,(anonymous_15)
FNDA:0,(anonymous_16)
FNDA:0,(anonymous_17)
FNDA:0,(anonymous_18)
FNDA:0,(anonymous_19)
FNDA:0,(anonymous_20)
FNDA:0,(anonymous_21)
DA:27,0
DA:39,0
DA:40,0
DA:41,0
DA:42,0
DA:43,0
DA:44,0
DA:45,0
DA:47,0
DA:48,0
DA:49,0
DA:50,0
DA:51,0
DA:52,0
DA:53,0
DA:54,0
DA:55,0
DA:58,0
DA:59,0
DA:60,0
DA:61,0
DA:62,0
DA:63,0
DA:64,0
DA:68,0
DA:69,0
DA:72,0
DA:75,0
DA:76,0
DA:77,0
DA:78,0
DA:79,0
DA:83,0
DA:89,0
DA:91,0
DA:92,0
DA:99,0
DA:102,0
DA:103,0
DA:104,0
DA:105,0
DA:110,0
DA:112,0
DA:136,0
DA:148,0
DA:160,0
DA:179,0
DA:191,0
DA:196,0
DA:209,0
DA:214,0
DA:227,0
DA:229,0
DA:247,0
LF:54
LH:0
BRDA:37,0,0,0
BRDA:48,1,0,0
BRDA:48,1,1,0
BRDA:50,2,0,0
BRDA:50,2,1,0
BRDA:52,3,0,0
BRDA:52,3,1,0
BRDA:53,4,0,0
BRDA:53,4,1,0
BRDA:54,5,0,0
BRDA:54,5,1,0
BRDA:55,6,0,0
BRDA:55,6,1,0
BRDA:72,7,0,0
BRDA:72,7,1,0
BRDA:76,8,0,0
BRDA:76,8,1,0
BRDA:76,9,0,0
BRDA:76,9,1,0
BRDA:77,10,0,0
BRDA:77,10,1,0
BRDA:78,11,0,0
BRDA:78,11,1,0
BRDA:79,12,0,0
BRDA:79,12,1,0
BRDA:88,13,0,0
BRDA:88,13,1,0
BRDA:89,14,0,0
BRDA:89,14,1,0
BRDA:90,15,0,0
BRDA:90,15,1,0
BRDA:91,16,0,0
BRDA:91,16,1,0
BRDA:93,17,0,0
BRDA:93,17,1,0
BRDA:94,18,0,0
BRDA:94,18,1,0
BRDA:104,19,0,0
BRDA:104,19,1,0
BRDA:110,20,0,0
BRDA:110,20,1,0
BRDA:117,21,0,0
BRDA:117,21,1,0
BRDA:231,22,0,0
BRDA:231,22,1,0
BRDA:232,23,0,0
BRDA:232,23,1,0
BRDA:232,24,0,0
BRDA:232,24,1,0
BRDA:232,25,0,0
BRDA:232,25,1,0
BRDA:232,26,0,0
BRDA:232,26,1,0
BRDA:232,27,0,0
BRDA:232,27,1,0
BRDA:244,28,0,0
BRDA:244,28,1,0
BRDA:244,28,2,0
BRDA:264,29,0,0
BRDA:264,29,1,0
BRF:60
BRH:0
end_of_record
TN:
SF:app\components\SideNavigation.tsx
FN:21,(anonymous_0)
FN:33,(anonymous_1)
FN:37,(anonymous_2)
FN:43,(anonymous_3)
FN:94,(anonymous_4)
FN:123,(anonymous_5)
FN:128,(anonymous_6)
FN:132,(anonymous_7)
FN:144,(anonymous_8)
FN:154,(anonymous_9)
FNF:10
FNH:0
FNDA:0,(anonymous_0)
FNDA:0,(anonymous_1)
FNDA:0,(anonymous_2)
FNDA:0,(anonymous_3)
FNDA:0,(anonymous_4)
FNDA:0,(anonymous_5)
FNDA:0,(anonymous_6)
FNDA:0,(anonymous_7)
FNDA:0,(anonymous_8)
FNDA:0,(anonymous_9)
DA:21,0
DA:31,0
DA:33,0
DA:34,0
DA:37,0
DA:38,0
DA:39,0
DA:43,0
DA:44,0
DA:45,0
DA:46,0
DA:50,0
DA:94,0
DA:123,0
DA:129,0
DA:132,0
DA:144,0
DA:154,0
LF:18
LH:0
BRDA:29,0,0,0
BRDA:38,1,0,0
BRDA:38,1,1,0
BRDA:45,2,0,0
BRDA:45,2,1,0
BRDA:51,3,0,0
BRDA:51,3,1,0
BRDA:59,4,0,0
BRDA:59,4,1,0
BRDA:93,5,0,0
BRDA:93,5,1,0
BRDA:107,6,0,0
BRDA:107,6,1,0
BRDA:119,7,0,0
BRDA:119,7,1,0
BRDA:122,8,0,0
BRDA:122,8,1,0
BRDA:122,9,0,0
BRDA:122,9,1,0
BRDA:143,10,0,0
BRDA:143,10,1,0
BRDA:153,11,0,0
BRDA:153,11,1,0
BRF:23
BRH:0
end_of_record
TN:
SF:app\components\SimpleDragAndDrop.tsx
FN:23,(anonymous_0)
FN:45,(anonymous_1)
FN:111,(anonymous_2)
FN:114,(anonymous_3)
FN:114,(anonymous_4)
FN:121,(anonymous_5)
FN:129,(anonymous_6)
FN:131,(anonymous_7)
FNF:8
FNH:0
FNDA:0,(anonymous_0)
FNDA:0,(anonymous_1)
FNDA:0,(anonymous_2)
FNDA:0,(anonymous_3)
FNDA:0,(anonymous_4)
FNDA:0,(anonymous_5)
FNDA:0,(anonymous_6)
FNDA:0,(anonymous_7)
DA:23,0
DA:24,0
DA:30,0
DA:43,0
DA:45,0
DA:46,0
DA:49,0
DA:52,0
DA:56,0
DA:59,0
DA:62,0
DA:63,0
DA:66,0
DA:67,0
DA:68,0
DA:69,0
DA:71,0
DA:76,0
DA:80,0
DA:84,0
DA:85,0
DA:86,0
DA:91,0
DA:92,0
DA:93,0
DA:98,0
DA:105,0
DA:112,0
DA:113,0
DA:114,0
DA:117,0
DA:122,0
DA:130,0
DA:132,0
LF:34
LH:0
BRDA:49,0,0,0
BRDA:49,0,1,0
BRDA:52,1,0,0
BRDA:52,1,1,0
BRDA:53,2,0,0
BRDA:53,2,1,0
BRDA:66,3,0,0
BRDA:66,3,1,0
BRDA:126,4,0,0
BRDA:126,4,1,0
BRDA:130,5,0,0
BRDA:130,5,1,0
BRDA:137,6,0,0
BRDA:137,6,1,0
BRF:14
BRH:0
end_of_record
TN:
SF:app\components\SubscriptionStatus.tsx
FN:12,(anonymous_0)
FNF:1
FNH:0
FNDA:0,(anonymous_0)
DA:12,0
DA:16,0
DA:17,0
DA:25,0
DA:26,0
DA:34,0
DA:36,0
LF:7
LH:0
BRDA:16,0,0,0
BRDA:16,0,1,0
BRDA:25,1,0,0
BRDA:25,1,1,0
BRDA:40,2,0,0
BRDA:40,2,1,0
BRDA:51,3,0,0
BRDA:51,3,1,0
BRDA:70,4,0,0
BRDA:70,4,1,0
BRDA:83,5,0,0
BRDA:83,5,1,0
BRF:12
BRH:0
end_of_record
TN:
SF:app\components\SummaryStep.tsx
FN:13,(anonymous_0)
FN:49,(anonymous_1)
FNF:2
FNH:0
FNDA:0,(anonymous_0)
FNDA:0,(anonymous_1)
DA:13,0
DA:17,0
DA:50,0
LF:3
LH:0
BRDA:31,0,0,0
BRDA:31,0,1,0
BRDA:37,1,0,0
BRDA:37,1,1,0
BRDA:47,2,0,0
BRDA:47,2,1,0
BRF:6
BRH:0
end_of_record
TN:
SF:app\components\TabMenu.tsx
FN:13,(anonymous_0)
FN:28,(anonymous_1)
FN:42,(anonymous_2)
FN:56,(anonymous_3)
FNF:4
FNH:0
FNDA:0,(anonymous_0)
FNDA:0,(anonymous_1)
FNDA:0,(anonymous_2)
FNDA:0,(anonymous_3)
DA:13,0
DA:19,0
DA:28,0
DA:42,0
DA:56,0
LF:5
LH:0
BRDA:24,0,0,0
BRDA:24,0,1,0
BRDA:38,1,0,0
BRDA:38,1,1,0
BRDA:52,2,0,0
BRDA:52,2,1,0
BRDA:66,3,0,0
BRDA:66,3,1,0
BRF:8
BRH:0
end_of_record
TN:
SF:app\components\TimelineSegments.tsx
FN:14,(anonymous_0)
FN:24,(anonymous_1)
FN:31,(anonymous_2)
FN:40,(anonymous_3)
FN:83,(anonymous_4)
FN:92,(anonymous_5)
FN:112,(anonymous_6)
FN:128,(anonymous_7)
FN:134,(anonymous_8)
FNF:9
FNH:0
FNDA:0,(anonymous_0)
FNDA:0,(anonymous_1)
FNDA:0,(anonymous_2)
FNDA:0,(anonymous_3)
FNDA:0,(anonymous_4)
FNDA:0,(anonymous_5)
FNDA:0,(anonymous_6)
FNDA:0,(anonymous_7)
FNDA:0,(anonymous_8)
DA:14,0
DA:20,0
DA:21,0
DA:24,0
DA:25,0
DA:26,0
DA:27,0
DA:31,0
DA:32,0
DA:34,0
DA:35,0
DA:40,0
DA:41,0
DA:43,0
DA:44,0
DA:46,0
DA:47,0
DA:53,0
DA:56,0
DA:58,0
DA:84,0
DA:92,0
DA:113,0
DA:129,0
DA:134,0
LF:25
LH:0
BRDA:27,0,0,0
BRDA:27,0,1,0
BRDA:32,1,0,0
BRDA:32,1,1,0
BRDA:32,2,0,0
BRDA:32,2,1,0
BRDA:32,2,2,0
BRDA:41,3,0,0
BRDA:41,3,1,0
BRDA:90,4,0,0
BRDA:90,4,1,0
BRDA:90,5,0,0
BRDA:90,5,1,0
BRDA:103,6,0,0
BRDA:103,6,1,0
BRDA:103,7,0,0
BRDA:103,7,1,0
BRDA:132,8,0,0
BRDA:132,8,1,0
BRDA:132,9,0,0
BRDA:132,9,1,0
BRDA:142,10,0,0
BRDA:142,10,1,0
BRDA:142,10,2,0
BRDA:147,11,0,0
BRDA:147,11,1,0
BRF:26
BRH:0
end_of_record
TN:
SF:app\components\TiptapEditor.tsx
FN:35,TiptapEditor
FN:47,(anonymous_1)
FN:78,(anonymous_2)
FN:84,(anonymous_3)
FN:90,(anonymous_4)
FN:106,(anonymous_5)
FN:113,(anonymous_6)
FN:120,(anonymous_7)
FN:130,(anonymous_8)
FN:137,(anonymous_9)
FN:144,(anonymous_10)
FN:151,(anonymous_11)
FN:192,(anonymous_12)
FN:198,(anonymous_13)
FN:204,(anonymous_14)
FN:210,(anonymous_15)
FNF:16
FNH:0
FNDA:0,TiptapEditor
FNDA:0,(anonymous_1)
FNDA:0,(anonymous_2)
FNDA:0,(anonymous_3)
FNDA:0,(anonymous_4)
FNDA:0,(anonymous_5)
FNDA:0,(anonymous_6)
FNDA:0,(anonymous_7)
FNDA:0,(anonymous_8)
FNDA:0,(anonymous_9)
FNDA:0,(anonymous_10)
FNDA:0,(anonymous_11)
FNDA:0,(anonymous_12)
FNDA:0,(anonymous_13)
FNDA:0,(anonymous_14)
FNDA:0,(anonymous_15)
DA:47,0
DA:48,0
DA:49,0
DA:50,0
DA:54,0
DA:79,0
DA:84,0
DA:85,0
DA:86,0
DA:90,0
DA:91,0
DA:92,0
DA:93,0
DA:97,0
DA:98,0
DA:101,0
DA:106,0
DA:113,0
DA:120,0
DA:130,0
DA:137,0
DA:144,0
DA:151,0
DA:192,0
DA:198,0
DA:204,0
DA:212,0
DA:213,0
DA:214,0
LF:29
LH:0
BRDA:38,0,0,0
BRDA:39,1,0,0
BRDA:44,2,0,0
BRDA:50,3,0,0
BRDA:50,3,1,0
BRDA:85,4,0,0
BRDA:85,4,1,0
BRDA:85,5,0,0
BRDA:85,5,1,0
BRDA:91,6,0,0
BRDA:91,6,1,0
BRDA:91,7,0,0
BRDA:91,7,1,0
BRDA:91,7,2,0
BRDA:97,8,0,0
BRDA:97,8,1,0
BRDA:103,9,0,0
BRDA:103,9,1,0
BRDA:107,10,0,0
BRDA:107,10,1,0
BRDA:114,11,0,0
BRDA:114,11,1,0
BRDA:121,12,0,0
BRDA:121,12,1,0
BRDA:131,13,0,0
BRDA:131,13,1,0
BRDA:138,14,0,0
BRDA:138,14,1,0
BRDA:145,15,0,0
BRDA:145,15,1,0
BRDA:152,16,0,0
BRDA:152,16,1,0
BRDA:160,17,0,0
BRDA:160,17,1,0
BRDA:171,18,0,0
BRDA:171,18,1,0
BRDA:188,19,0,0
BRDA:188,19,1,0
BRDA:193,20,0,0
BRDA:193,20,1,0
BRDA:199,21,0,0
BRDA:199,21,1,0
BRDA:205,22,0,0
BRDA:205,22,1,0
BRDA:213,23,0,0
BRDA:213,23,1,0
BRDA:217,24,0,0
BRDA:217,24,1,0
BRDA:226,25,0,0
BRDA:226,25,1,0
BRDA:226,25,2,0
BRF:51
BRH:0
end_of_record
TN:
SF:app\components\TraceabilityView.tsx
FN:12,(anonymous_0)
FN:18,(anonymous_1)
FN:19,(anonymous_2)
FN:25,(anonymous_3)
FN:30,(anonymous_4)
FN:81,(anonymous_5)
FN:86,(anonymous_6)
FN:92,(anonymous_7)
FN:141,(anonymous_8)
FN:188,(anonymous_9)
FNF:10
FNH:0
FNDA:0,(anonymous_0)
FNDA:0,(anonymous_1)
FNDA:0,(anonymous_2)
FNDA:0,(anonymous_3)
FNDA:0,(anonymous_4)
FNDA:0,(anonymous_5)
FNDA:0,(anonymous_6)
FNDA:0,(anonymous_7)
FNDA:0,(anonymous_8)
FNDA:0,(anonymous_9)
DA:12,0
DA:16,0
DA:18,0
DA:19,0
DA:25,0
DA:27,0
DA:30,0
DA:32,0
DA:33,0
DA:37,0
DA:40,0
DA:82,0
DA:86,0
DA:93,0
DA:94,0
DA:142,0
DA:189,0
LF:17
LH:0
BRDA:32,0,0,0
BRDA:32,0,1,0
BRDA:32,1,0,0
BRDA:32,1,1,0
BRDA:90,2,0,0
BRDA:90,2,1,0
BRDA:90,3,0,0
BRDA:90,3,1,0
BRDA:98,4,0,0
BRDA:98,4,1,0
BRDA:111,5,0,0
BRDA:111,5,1,0
BRDA:112,6,0,0
BRDA:112,6,1,0
BRDA:113,7,0,0
BRDA:113,7,1,0
BRDA:114,8,0,0
BRDA:114,8,1,0
BRDA:121,9,0,0
BRDA:121,9,1,0
BRDA:124,10,0,0
BRDA:124,10,1,0
BRDA:127,11,0,0
BRDA:127,11,1,0
BRDA:141,12,0,0
BRDA:141,12,1,0
BRDA:145,13,0,0
BRDA:145,13,1,0
BRDA:151,14,0,0
BRDA:151,14,1,0
BRDA:151,14,2,0
BRDA:155,15,0,0
BRDA:155,15,1,0
BRDA:155,16,0,0
BRDA:155,16,1,0
BRDA:167,17,0,0
BRDA:167,17,1,0
BRDA:167,17,2,0
BRDA:167,17,3,0
BRDA:197,18,0,0
BRDA:197,18,1,0
BRF:41
BRH:0
end_of_record
TN:
SF:app\components\TranscriptList.tsx
FN:33,(anonymous_0)
FN:48,(anonymous_1)
FN:56,(anonymous_2)
FN:61,(anonymous_3)
FN:88,(anonymous_4)
FN:97,(anonymous_5)
FN:115,(anonymous_6)
FN:127,(anonymous_7)
FN:135,(anonymous_8)
FN:143,(anonymous_9)
FNF:10
FNH:0
FNDA:0,(anonymous_0)
FNDA:0,(anonymous_1)
FNDA:0,(anonymous_2)
FNDA:0,(anonymous_3)
FNDA:0,(anonymous_4)
FNDA:0,(anonymous_5)
FNDA:0,(anonymous_6)
FNDA:0,(anonymous_7)
FNDA:0,(anonymous_8)
FNDA:0,(anonymous_9)
DA:33,0
DA:44,0
DA:45,0
DA:48,0
DA:49,0
DA:50,0
DA:51,0
DA:55,0
DA:56,0
DA:61,0
DA:62,0
DA:64,0
DA:65,0
DA:68,0
DA:69,0
DA:72,0
DA:73,0
DA:75,0
DA:77,0
DA:85,0
DA:89,0
DA:97,0
DA:115,0
DA:127,0
DA:135,0
DA:143,0
LF:26
LH:0
BRDA:51,0,0,0
BRDA:51,0,1,0
BRDA:56,1,0,0
BRDA:56,1,1,0
BRDA:57,2,0,0
BRDA:57,2,1,0
BRDA:62,3,0,0
BRDA:62,3,1,0
BRDA:62,4,0,0
BRDA:62,4,1,0
BRDA:62,4,2,0
BRDA:75,5,0,0
BRDA:75,5,1,0
BRDA:75,6,0,0
BRDA:75,6,1,0
BRDA:91,7,0,0
BRDA:91,7,1,0
BRDA:92,8,0,0
BRDA:92,8,1,0
BRDA:104,9,0,0
BRDA:104,9,1,0
BRF:21
BRH:0
end_of_record
TN:
SF:app\components\TranscriptPlayer.tsx
FN:28,(anonymous_0)
FN:52,(anonymous_1)
FN:53,(anonymous_2)
FN:59,(anonymous_3)
FN:66,(anonymous_4)
FN:71,(anonymous_5)
FN:73,(anonymous_6)
FN:81,(anonymous_7)
FN:87,(anonymous_8)
FN:93,(anonymous_9)
FN:100,(anonymous_10)
FN:103,(anonymous_11)
FN:116,(anonymous_12)
FN:120,(anonymous_13)
FN:124,(anonymous_14)
FN:196,(anonymous_15)
FN:207,(anonymous_16)
FN:208,(anonymous_17)
FNF:18
FNH:0
FNDA:0,(anonymous_0)
FNDA:0,(anonymous_1)
FNDA:0,(anonymous_2)
FNDA:0,(anonymous_3)
FNDA:0,(anonymous_4)
FNDA:0,(anonymous_5)
FNDA:0,(anonymous_6)
FNDA:0,(anonymous_7)
FNDA:0,(anonymous_8)
FNDA:0,(anonymous_9)
FNDA:0,(anonymous_10)
FNDA:0,(anonymous_11)
FNDA:0,(anonymous_12)
FNDA:0,(anonymous_13)
FNDA:0,(anonymous_14)
FNDA:0,(anonymous_15)
FNDA:0,(anonymous_16)
FNDA:0,(anonymous_17)
DA:28,0
DA:47,0
DA:48,0
DA:49,0
DA:52,0
DA:53,0
DA:54,0
DA:55,0
DA:56,0
DA:59,0
DA:60,0
DA:66,0
DA:67,0
DA:71,0
DA:72,0
DA:73,0
DA:74,0
DA:75,0
DA:81,0
DA:82,0
DA:83,0
DA:87,0
DA:88,0
DA:89,0
DA:93,0
DA:94,0
DA:95,0
DA:100,0
DA:101,0
DA:103,0
DA:104,0
DA:108,0
DA:109,0
DA:111,0
DA:116,0
DA:117,0
DA:120,0
DA:121,0
DA:124,0
DA:125,0
DA:129,0
DA:130,0
DA:138,0
DA:139,0
DA:151,0
DA:197,0
DA:208,0
DA:209,0
DA:210,0
LF:49
LH:0
BRDA:32,0,0,0
BRDA:33,1,0,0
BRDA:34,2,0,0
BRDA:35,3,0,0
BRDA:36,4,0,0
BRDA:37,5,0,0
BRDA:38,6,0,0
BRDA:54,7,0,0
BRDA:54,7,1,0
BRDA:72,8,0,0
BRDA:72,8,1,0
BRDA:74,9,0,0
BRDA:74,9,1,0
BRDA:82,10,0,0
BRDA:82,10,1,0
BRDA:88,11,0,0
BRDA:88,11,1,0
BRDA:94,12,0,0
BRDA:94,12,1,0
BRDA:101,13,0,0
BRDA:101,13,1,0
BRDA:104,14,0,0
BRDA:104,14,1,0
BRDA:108,15,0,0
BRDA:108,15,1,0
BRDA:117,16,0,0
BRDA:117,16,1,0
BRDA:121,17,0,0
BRDA:121,17,1,0
BRDA:125,18,0,0
BRDA:125,18,1,0
BRDA:129,19,0,0
BRDA:129,19,1,0
BRDA:138,20,0,0
BRDA:138,20,1,0
BRDA:159,21,0,0
BRDA:159,21,1,0
BRDA:185,22,0,0
BRDA:185,22,1,0
BRDA:187,23,0,0
BRDA:187,23,1,0
BRDA:201,24,0,0
BRDA:201,24,1,0
BRDA:207,25,0,0
BRDA:207,25,1,0
BRDA:209,26,0,0
BRDA:209,26,1,0
BRF:47
BRH:0
end_of_record
TN:
SF:app\components\TranscriptSegment.tsx
FN:7,(anonymous_0)
FN:31,TranscriptSegment
FN:45,(anonymous_2)
FN:84,(anonymous_3)
FN:91,(anonymous_4)
FN:98,(anonymous_5)
FN:105,(anonymous_6)
FN:112,(anonymous_7)
FN:119,(anonymous_8)
FN:129,(anonymous_9)
FN:130,(anonymous_10)
FNF:11
FNH:0
FNDA:0,(anonymous_0)
FNDA:0,TranscriptSegment
FNDA:0,(anonymous_2)
FNDA:0,(anonymous_3)
FNDA:0,(anonymous_4)
FNDA:0,(anonymous_5)
FNDA:0,(anonymous_6)
FNDA:0,(anonymous_7)
FNDA:0,(anonymous_8)
FNDA:0,(anonymous_9)
FNDA:0,(anonymous_10)
DA:7,0
DA:8,0
DA:43,0
DA:45,0
DA:46,0
DA:47,0
DA:48,0
DA:50,0
DA:55,0
DA:68,0
DA:84,0
DA:85,0
DA:86,0
DA:87,0
DA:91,0
DA:92,0
DA:93,0
DA:94,0
DA:98,0
DA:99,0
DA:100,0
DA:101,0
DA:105,0
DA:106,0
DA:107,0
DA:108,0
DA:112,0
DA:113,0
DA:114,0
DA:115,0
DA:119,0
DA:120,0
DA:121,0
DA:122,0
DA:126,0
DA:129,0
DA:130,0
LF:37
LH:0
BRDA:8,0,0,0
BRDA:8,0,1,0
BRDA:33,1,0,0
BRDA:34,2,0,0
BRDA:50,3,0,0
BRDA:50,3,1,0
BRDA:64,4,0,0
BRDA:64,4,1,0
BRDA:65,5,0,0
BRDA:65,5,1,0
BRDA:86,6,0,0
BRDA:86,6,1,0
BRDA:93,7,0,0
BRDA:93,7,1,0
BRDA:100,8,0,0
BRDA:100,8,1,0
BRDA:107,9,0,0
BRDA:107,9,1,0
BRDA:114,10,0,0
BRDA:114,10,1,0
BRDA:121,11,0,0
BRDA:121,11,1,0
[...]
DA:94,0
DA:95,0
DA:103,0
DA:104,0
DA:107,0
DA:108,0
DA:112,0
DA:119,0
DA:120,0
DA:123,0
DA:125,0
DA:126,0
DA:134,0
DA:135,0
DA:139,0
DA:140,0
DA:143,0
DA:145,0
DA:146,0
DA:154,0
DA:155,0
DA:158,0
DA:159,0
DA:162,0
DA:164,0
DA:165,0
DA:173,0
DA:174,0
DA:177,0
DA:178,0
DA:181,0
DA:183,0
DA:184,0
DA:196,0
DA:197,0
DA:201,0
DA:202,0
DA:203,0
DA:205,0
DA:210,0
DA:211,0
DA:214,0
DA:216,0
DA:217,0
DA:225,0
DA:226,0
DA:235,0
DA:236,0
DA:239,0
DA:241,0
DA:242,0
LF:71
LH:0
BRDA:44,0,0,0
BRDA:44,0,1,0
BRDA:66,1,0,0
BRDA:66,1,1,0
BRDA:88,2,0,0
BRDA:88,2,1,0
BRDA:107,3,0,0
BRDA:107,3,1,0
BRDA:139,4,0,0
BRDA:139,4,1,0
BRDA:158,5,0,0
BRDA:158,5,1,0
BRDA:172,6,0,0
BRDA:177,7,0,0
BRDA:177,7,1,0
BRDA:201,8,0,0
BRDA:201,8,1,0
BRDA:202,9,0,0
BRDA:202,9,1,0
BRDA:203,10,0,0
BRDA:203,10,1,0
BRDA:210,11,0,0
BRDA:210,11,1,0
BRDA:235,12,0,0
BRDA:235,12,1,0
BRF:25
BRH:0
end_of_record
TN:
SF:app\utils\repositories\subscription-repository.ts
FN:21,(anonymous_0)
FN:53,(anonymous_1)
FN:85,(anonymous_2)
FN:121,(anonymous_3)
FN:157,(anonymous_4)
FN:216,(anonymous_5)
FN:237,(anonymous_6)
FN:258,(anonymous_7)
FN:329,mapDatabaseSubscriptionToModel
FN:348,mapDatabaseUsageToModel
FNF:10
FNH:0
FNDA:0,(anonymous_0)
FNDA:0,(anonymous_1)
FNDA:0,(anonymous_2)
FNDA:0,(anonymous_3)
FNDA:0,(anonymous_4)
FNDA:0,(anonymous_5)
FNDA:0,(anonymous_6)
FNDA:0,(anonymous_7)
FNDA:0,mapDatabaseSubscriptionToModel
FNDA:0,mapDatabaseUsageToModel
DA:17,0
DA:22,0
DA:23,0
DA:25,0
DA:31,0
DA:32,0
DA:34,0
DA:36,0
DA:39,0
DA:40,0
DA:43,0
DA:45,0
DA:46,0
DA:54,0
DA:55,0
DA:57,0
DA:63,0
DA:64,0
DA:66,0
DA:68,0
DA:71,0
DA:72,0
DA:75,0
DA:77,0
DA:78,0
DA:86,0
DA:88,0
DA:90,0
DA:107,0
DA:108,0
DA:111,0
DA:113,0
DA:114,0
DA:122,0
DA:124,0
DA:126,0
DA:130,0
DA:131,0
DA:132,0
DA:133,0
DA:134,0
DA:136,0
DA:143,0
DA:144,0
DA:147,0
DA:149,0
DA:150,0
DA:158,0
DA:159,0
DA:160,0
DA:163,0
DA:170,0
DA:172,0
DA:182,0
DA:183,0
DA:186,0
DA:189,0
DA:191,0
DA:192,0
DA:194,0
DA:201,0
DA:202,0
DA:205,0
DA:208,0
DA:209,0
DA:217,0
DA:218,0
DA:220,0
DA:223,0
DA:224,0
DA:227,0
DA:229,0
DA:230,0
DA:238,0
DA:239,0
DA:241,0
DA:244,0
DA:245,0
DA:248,0
DA:250,0
DA:251,0
DA:259,0
DA:260,0
DA:263,0
DA:270,0
DA:277,0
DA:278,0
DA:279,0
DA:282,0
DA:283,0
DA:286,0
DA:287,0
DA:290,0
DA:295,0
DA:300,0
DA:320,0
DA:321,0
DA:332,0
DA:351,0
LF:99
LH:0
BRDA:31,0,0,0
BRDA:31,0,1,0
BRDA:32,1,0,0
BRDA:32,1,1,0
BRDA:39,2,0,0
BRDA:39,2,1,0
BRDA:63,3,0,0
BRDA:63,3,1,0
BRDA:64,4,0,0
BRDA:64,4,1,0
BRDA:71,5,0,0
BRDA:71,5,1,0
BRDA:107,6,0,0
BRDA:107,6,1,0
BRDA:130,7,0,0
BRDA:130,7,1,0
BRDA:131,8,0,0
BRDA:131,8,1,0
BRDA:132,9,0,0
BRDA:132,9,1,0
BRDA:133,10,0,0
BRDA:133,10,1,0
BRDA:134,11,0,0
BRDA:134,11,1,0
BRDA:143,12,0,0
BRDA:143,12,1,0
BRDA:170,13,0,0
BRDA:170,13,1,0
BRDA:170,14,0,0
BRDA:170,14,1,0
BRDA:170,14,2,0
BRDA:176,15,0,0
BRDA:176,15,1,0
BRDA:177,16,0,0
BRDA:177,16,1,0
BRDA:182,17,0,0
BRDA:182,17,1,0
BRDA:191,18,0,0
BRDA:191,18,1,0
BRDA:192,19,0,0
BRDA:192,19,1,0
BRDA:201,20,0,0
BRDA:201,20,1,0
BRDA:223,21,0,0
BRDA:223,21,1,0
BRDA:244,22,0,0
BRDA:244,22,1,0
BRDA:277,23,0,0
BRDA:277,23,1,0
BRDA:278,24,0,0
BRDA:278,24,1,0
BRDA:279,25,0,0
BRDA:279,25,1,0
BRDA:282,26,0,0
BRDA:282,26,1,0
BRDA:283,27,0,0
BRDA:283,27,1,0
BRDA:286,28,0,0
BRDA:286,28,1,0
BRDA:287,29,0,0
BRDA:287,29,1,0
BRDA:338,30,0,0
BRDA:338,30,1,0
BRDA:339,31,0,0
BRDA:339,31,1,0
BRF:65
BRH:0
end_of_record
TN:
SF:app\utils\repositories\transcript-repository.ts
FN:17,(anonymous_0)
FN:55,(anonymous_1)
FN:80,(anonymous_2)
FN:100,(anonymous_3)
FN:142,(anonymous_4)
FN:186,(anonymous_5)
FNF:6
FNH:0
FNDA:0,(anonymous_0)
FNDA:0,(anonymous_1)
FNDA:0,(anonymous_2)
FNDA:0,(anonymous_3)
FNDA:0,(anonymous_4)
FNDA:0,(anonymous_5)
DA:13,0
DA:18,0
DA:19,0
DA:21,0
DA:27,0
DA:28,0
DA:31,0
DA:32,0
DA:35,0
DA:47,0
DA:48,0
DA:56,0
DA:57,0
DA:58,0
DA:60,0
DA:64,0
DA:65,0
DA:68,0
DA:69,0
DA:72,0
DA:76,0
DA:77,0
DA:80,0
DA:92,0
DA:93,0
DA:101,0
DA:102,0
DA:104,0
DA:106,0
DA:118,0
DA:119,0
DA:122,0
DA:134,0
DA:135,0
DA:143,0
DA:144,0
DA:146,0
DA:148,0
DA:150,0
DA:151,0
DA:152,0
DA:153,0
DA:155,0
DA:162,0
DA:163,0
DA:166,0
DA:178,0
DA:179,0
DA:187,0
DA:188,0
DA:190,0
DA:195,0
DA:196,0
DA:199,0
DA:200,0
LF:55
LH:0
BRDA:27,0,0,0
BRDA:27,0,1,0
BRDA:31,1,0,0
BRDA:31,1,1,0
BRDA:58,2,0,0
BRDA:58,3,0,0
BRDA:64,4,0,0
BRDA:64,4,1,0
BRDA:68,5,0,0
BRDA:68,5,1,0
BRDA:76,6,0,0
BRDA:76,6,1,0
BRDA:80,7,0,0
BRDA:80,7,1,0
BRDA:104,8,0,0
BRDA:118,9,0,0
BRDA:118,9,1,0
BRDA:150,10,0,0
BRDA:150,10,1,0
BRDA:151,11,0,0
BRDA:151,11,1,0
BRDA:152,12,0,0
BRDA:152,12,1,0
BRDA:153,13,0,0
BRDA:153,13,1,0
BRDA:162,14,0,0
BRDA:162,14,1,0
BRDA:195,15,0,0
BRDA:195,15,1,0
BRF:29
BRH:0
end_of_record
TN:
SF:app\utils\supabase\admin.ts
FNF:0
FNH:0
DA:6,0
DA:7,0
DA:10,0
DA:11,0
DA:13,0
DA:14,0
DA:19,0
LF:7
LH:0
BRDA:6,0,0,0
BRDA:6,0,1,0
BRDA:10,1,0,0
BRDA:10,1,1,0
BRDA:11,2,0,0
BRDA:11,2,1,0
BRDA:13,3,0,0
BRDA:13,3,1,0
BRDA:13,4,0,0
BRDA:13,4,1,0
BRF:10
BRH:0
end_of_record
TN:
SF:app\utils\supabase\clerk-auth.ts
FN:13,(anonymous_0)
FN:39,(anonymous_1)
FNF:2
FNH:0
FNDA:0,(anonymous_0)
FNDA:0,(anonymous_1)
DA:5,0
DA:6,0
DA:7,0
DA:13,0
DA:15,0
DA:17,0
DA:18,0
DA:22,0
DA:39,0
DA:40,0
DA:42,0
DA:43,0
DA:47,0
LF:13
LH:0
BRDA:5,0,0,0
BRDA:5,0,1,0
BRDA:6,1,0,0
BRDA:6,1,1,0
BRDA:7,2,0,0
BRDA:7,2,1,0
BRDA:17,3,0,0
BRDA:17,3,1,0
BRDA:42,4,0,0
BRDA:42,4,1,0
BRF:10
BRH:0
end_of_record
TN:
SF:app\utils\supabase\client.ts
FNF:0
FNH:0
DA:6,0
DA:7,0
DA:9,0
DA:10,0
DA:12,0
DA:13,0
DA:18,0
LF:7
LH:0
BRDA:6,0,0,0
BRDA:6,0,1,0
BRDA:9,1,0,0
BRDA:9,1,1,0
BRDA:10,2,0,0
BRDA:10,2,1,0
BRDA:12,3,0,0
BRDA:12,3,1,0
BRDA:12,4,0,0
BRDA:12,4,1,0
BRF:10
BRH:0
end_of_record
TN:
SF:app\utils\supabase\database.types.ts
FNF:0
FNH:0
LF:0
LH:0
BRF:0
BRH:0
end_of_record
TN:
SF:app\utils\supabase\env-validator.ts
FN:4,(anonymous_0)
FN:12,(anonymous_1)
FN:32,(anonymous_2)
FNF:3
FNH:0
FNDA:0,(anonymous_0)
FNDA:0,(anonymous_1)
FNDA:0,(anonymous_2)
DA:4,0
DA:5,0
DA:11,0
DA:12,0
DA:15,0
DA:16,0
DA:19,0
DA:22,0
DA:25,0
DA:32,0
DA:33,0
DA:35,0
DA:36,0
DA:39,0
DA:45,0
LF:15
LH:0
BRDA:15,0,0,0
BRDA:15,0,1,0
BRDA:35,1,0,0
BRDA:35,1,1,0
BRF:4
BRH:0
end_of_record
TN:
SF:app\utils\supabase\error-handler.ts
FN:11,(anonymous_0)
FN:26,(anonymous_1)
FN:49,(anonymous_2)
FNF:3
FNH:0
FNDA:0,(anonymous_0)
FNDA:0,(anonymous_1)
FNDA:0,(anonymous_2)
DA:12,0
DA:13,0
DA:15,0
DA:16,0
DA:17,0
DA:18,0
DA:26,0
DA:30,0
DA:32,0
DA:33,0
DA:39,0
DA:40,0
DA:43,0
DA:49,0
DA:50,0
LF:15
LH:0
BRDA:15,0,0,0
BRDA:15,0,1,0
BRDA:28,1,0,0
BRDA:32,2,0,0
BRDA:32,2,1,0
BRDA:34,3,0,0
BRDA:34,3,1,0
BRDA:39,4,0,0
BRDA:39,4,1,0
BRDA:40,5,0,0
BRDA:40,5,1,0
BRDA:51,6,0,0
BRDA:51,6,1,0
BRDA:51,6,2,0
BRDA:51,6,3,0
BRDA:51,6,4,0
BRDA:51,6,5,0
BRF:17
BRH:0
end_of_record
TN:
SF:app\utils\supabase\index.ts
FNF:0
FNH:0
LF:0
LH:0
BRF:0
BRH:0
end_of_record
TN:
SF:app\utils\supabase\query-builder.ts
FN:56,(anonymous_0)
FN:64,(anonymous_1)
FN:76,(anonymous_2)
FN:84,(anonymous_3)
FN:92,(anonymous_4)
FN:100,(anonymous_5)
FN:108,(anonymous_6)
FN:116,(anonymous_7)
FN:133,(anonymous_8)
FN:141,(anonymous_9)
FN:185,(anonymous_10)
FN:221,(anonymous_11)
FN:247,createQueryBuilder
FNF:13
FNH:0
FNDA:0,(anonymous_0)
FNDA:0,(anonymous_1)
FNDA:0,(anonymous_2)
FNDA:0,(anonymous_3)
FNDA:0,(anonymous_4)
FNDA:0,(anonymous_5)
FNDA:0,(anonymous_6)
FNDA:0,(anonymous_7)
FNDA:0,(anonymous_8)
FNDA:0,(anonymous_9)
FNDA:0,(anonymous_10)
FNDA:0,(anonymous_11)
FNDA:0,createQueryBuilder
DA:47,0
DA:48,0
DA:49,0
DA:50,0
DA:51,0
DA:52,0
DA:53,0
DA:54,0
DA:57,0
DA:58,0
DA:65,0
DA:66,0
DA:68,0
DA:70,0
DA:77,0
DA:78,0
DA:85,0
DA:86,0
DA:93,0
DA:94,0
DA:101,0
DA:102,0
DA:109,0
DA:110,0
DA:118,0
DA:119,0
DA:120,0
DA:123,0
DA:127,0
DA:134,0
DA:135,0
DA:142,0
DA:148,0
DA:149,0
DA:151,0
DA:152,0
DA:154,0
DA:155,0
DA:157,0
DA:158,0
DA:160,0
DA:161,0
DA:163,0
DA:164,0
DA:166,0
DA:167,0
DA:169,0
DA:170,0
DA:172,0
DA:173,0
DA:175,0
DA:176,0
DA:178,0
DA:179,0
DA:184,0
DA:185,0
DA:186,0
DA:190,0
DA:191,0
DA:192,0
DA:199,0
DA:200,0
DA:207,0
DA:208,0
DA:209,0
DA:213,0
DA:215,0
DA:222,0
DA:225,0
DA:226,0
DA:228,0
DA:229,0
DA:231,0
DA:232,0
DA:238,0
DA:240,0
DA:251,0
LF:77
LH:0
BRDA:65,0,0,0
BRDA:65,0,1,0
BRDA:76,1,0,0
BRDA:118,2,0,0
BRDA:118,2,1,0
BRDA:118,3,0,0
BRDA:118,3,1,0
BRDA:144,4,0,0
BRDA:144,4,1,0
BRDA:149,5,0,0
BRDA:149,5,1,0
BRDA:149,5,2,0
BRDA:149,5,3,0
BRDA:149,5,4,0
BRDA:149,5,5,0
BRDA:149,5,6,0
BRDA:149,5,7,0
BRDA:149,5,8,0
BRDA:149,5,9,0
BRDA:190,6,0,0
BRDA:190,6,1,0
BRDA:207,7,0,0
BRDA:207,7,1,0
BRDA:208,8,0,0
BRDA:226,9,0,0
BRDA:226,9,1,0
BRF:26
BRH:0
end_of_record
TN:
SF:app\utils\supabase\server.ts
FN:8,createClient
FNF:1
FNH:0
FNDA:0,createClient
DA:5,0
DA:6,0
DA:10,0
DA:11,0
DA:14,0
DA:15,0
DA:18,0
DA:19,0
DA:23,0
DA:27,0
LF:10
LH:0
BRDA:5,0,0,0
BRDA:5,0,1,0
BRDA:10,1,0,0
BRDA:10,1,1,0
BRDA:11,2,0,0
BRDA:11,2,1,0
BRDA:14,3,0,0
BRDA:14,3,1,0
BRDA:18,4,0,0
BRDA:18,4,1,0
BRF:10
BRH:0
end_of_record
TN:
SF:app\whiteboard\layout.tsx
FN:3,WhiteboardLayout
FNF:1
FNH:0
FNDA:0,WhiteboardLayout
DA:8,0
LF:1
LH:0
BRF:0
BRH:0
end_of_record
TN:
SF:app\whiteboard\page.tsx
FN:11,WhiteboardPage
FNF:1
FNH:0
FNDA:0,WhiteboardPage
DA:6,0
DA:12,0
LF:2
LH:0
BRF:0
BRH:0
end_of_record
TN:
SF:app\whiteboard\components\ColorPicker.tsx
FN:20,ColorPicker
FN:26,(anonymous_1)
FN:28,(anonymous_2)
FN:55,(anonymous_3)
FN:60,(anonymous_4)
FNF:5
FNH:0
FNDA:0,ColorPicker
FNDA:0,(anonymous_1)
FNDA:0,(anonymous_2)
FNDA:0,(anonymous_3)
FNDA:0,(anonymous_4)
DA:7,0
DA:21,0
DA:22,0
DA:23,0
DA:26,0
DA:28,0
DA:29,0
DA:32,0
DA:56,0
DA:61,0
DA:62,0
LF:11
LH:0
BRDA:37,0,0,0
BRDA:37,0,1,0
BRDA:47,1,0,0
BRDA:47,1,1,0
BRF:4
BRH:0
end_of_record
TN:
SF:app\whiteboard\components\ShapeElement.tsx
FN:14,ShapeElement
FN:28,(anonymous_1)
FN:36,(anonymous_2)
FN:42,(anonymous_3)
FN:62,(anonymous_4)
FN:69,(anonymous_5)
FN:79,(anonymous_6)
FN:81,(anonymous_7)
FN:94,(anonymous_8)
FN:98,(anonymous_9)
FN:118,(anonymous_10)
FN:154,(anonymous_11)
FN:166,(anonymous_12)
FN:171,(anonymous_13)
FN:185,(anonymous_14)
FN:194,(anonymous_15)
FN:329,(anonymous_16)
FNF:17
FNH:0
FNDA:0,ShapeElement
FNDA:0,(anonymous_1)
FNDA:0,(anonymous_2)
FNDA:0,(anonymous_3)
FNDA:0,(anonymous_4)
FNDA:0,(anonymous_5)
FNDA:0,(anonymous_6)
FNDA:0,(anonymous_7)
FNDA:0,(anonymous_8)
FNDA:0,(anonymous_9)
FNDA:0,(anonymous_10)
FNDA:0,(anonymous_11)
FNDA:0,(anonymous_12)
FNDA:0,(anonymous_13)
FNDA:0,(anonymous_14)
FNDA:0,(anonymous_15)
FNDA:0,(anonymous_16)
DA:20,0
DA:22,0
DA:23,0
DA:24,0
DA:25,0
DA:28,0
DA:29,0
DA:30,0
DA:31,0
DA:36,0
DA:37,0
DA:38,0
DA:42,0
DA:44,0
DA:45,0
DA:47,0
DA:48,0
DA:51,0
DA:52,0
DA:54,0
DA:62,0
DA:63,0
DA:69,0
DA:71,0
DA:74,0
DA:75,0
DA:79,0
DA:80,0
DA:82,0
DA:83,0
DA:84,0
DA:89,0
DA:90,0
DA:94,0
DA:95,0
DA:98,0
DA:101,0
DA:109,0
DA:110,0
DA:111,0
DA:114,0
DA:118,0
DA:119,0
DA:121,0
DA:122,0
DA:124,0
DA:125,0
DA:127,0
DA:128,0
DA:133,0
DA:134,0
DA:135,0
DA:136,0
DA:137,0
DA:138,0
DA:139,0
DA:140,0
DA:141,0
DA:142,0
DA:143,0
DA:144,0
DA:145,0
DA:146,0
DA:147,0
DA:148,0
DA:150,0
DA:152,0
DA:154,0
DA:155,0
DA:156,0
DA:159,0
DA:160,0
DA:161,0
DA:166,0
DA:167,0
DA:171,0
DA:172,0
DA:173,0
DA:176,0
DA:177,0
DA:178,0
DA:179,0
DA:185,0
DA:186,0
DA:187,0
DA:194,0
DA:195,0
DA:204,0
DA:206,0
DA:226,0
DA:245,0
DA:246,0
DA:268,0
DA:289,0
DA:319,0
DA:323,0
DA:331,0
DA:332,0
DA:334,0
LF:99
LH:0
BRDA:25,0,0,0
BRDA:25,0,1,0
BRDA:29,1,0,0
BRDA:29,1,1,0
BRDA:29,2,0,0
BRDA:29,2,1,0
BRDA:29,2,2,0
BRDA:37,3,0,0
BRDA:37,3,1,0
BRDA:45,4,0,0
BRDA:45,4,1,0
BRDA:71,5,0,0
BRDA:71,5,1,0
BRDA:95,6,0,0
BRDA:95,6,1,0
BRDA:95,7,0,0
BRDA:95,7,1,0
BRDA:119,8,0,0
BRDA:119,8,1,0
BRDA:119,9,0,0
BRDA:119,9,1,0
BRDA:122,10,0,0
BRDA:122,10,1,0
BRDA:133,11,0,0
BRDA:133,11,1,0
BRDA:137,12,0,0
BRDA:137,12,1,0
BRDA:138,13,0,0
BRDA:138,13,1,0
BRDA:155,14,0,0
BRDA:155,14,1,0
BRDA:172,15,0,0
BRDA:172,15,1,0
BRDA:172,16,0,0
BRDA:172,16,1,0
BRDA:186,17,0,0
BRDA:186,17,1,0
BRDA:204,18,0,0
BRDA:204,18,1,0
BRDA:204,18,2,0
BRDA:204,18,3,0
BRDA:204,18,4,0
BRDA:204,18,5,0
BRDA:211,19,0,0
BRDA:211,19,1,0
BRDA:212,20,0,0
BRDA:212,20,1,0
BRDA:215,21,0,0
BRDA:215,21,1,0
BRDA:217,22,0,0
BRDA:217,22,1,0
BRDA:218,23,0,0
BRDA:218,23,1,0
BRDA:229,24,0,0
BRDA:229,24,1,0
BRDA:230,25,0,0
BRDA:230,25,1,0
BRDA:231,26,0,0
BRDA:231,26,1,0
BRDA:232,27,0,0
BRDA:232,27,1,0
BRDA:235,28,0,0
BRDA:235,28,1,0
BRDA:236,29,0,0
BRDA:236,29,1,0
BRDA:237,30,0,0
BRDA:237,30,1,0
BRDA:245,31,0,0
BRDA:245,31,1,0
BRDA:257,32,0,0
BRDA:257,32,1,0
BRDA:258,33,0,0
BRDA:258,33,1,0
BRDA:259,34,0,0
BRDA:259,34,1,0
BRDA:260,35,0,0
BRDA:260,35,1,0
BRDA:273,36,0,0
BRDA:273,36,1,0
BRDA:277,37,0,0
BRDA:277,37,1,0
BRDA:278,38,0,0
BRDA:278,38,1,0
BRDA:281,39,0,0
BRDA:281,39,1,0
BRDA:282,40,0,0
BRDA:282,40,1,0
BRDA:294,41,0,0
BRDA:294,41,1,0
BRDA:295,42,0,0
BRDA:295,42,1,0
BRDA:296,43,0,0
BRDA:296,43,1,0
BRDA:299,44,0,0
BRDA:299,44,1,0
BRDA:302,45,0,0
BRDA:302,45,1,0
BRDA:308,46,0,0
BRDA:308,46,1,0
BRDA:312,47,0,0
BRDA:312,47,1,0
BRDA:313,48,0,0
BRDA:313,48,1,0
BRDA:326,49,0,0
BRDA:326,49,1,0
BRDA:331,50,0,0
BRDA:331,50,1,0
BRDA:331,51,0,0
BRDA:331,51,1,0
BRF:109
BRH:0
end_of_record
TN:
SF:app\whiteboard\components\Toolbar.tsx
FN:55,EnhancedColorPicker
FN:85,(anonymous_1)
FN:93,(anonymous_2)
FN:99,(anonymous_3)
FN:107,(anonymous_4)
FN:116,Toolbar
FN:129,(anonymous_6)
FN:133,(anonymous_7)
FN:134,(anonymous_8)
FN:140,(anonymous_9)
FN:144,(anonymous_10)
FN:148,(anonymous_11)
FN:154,(anonymous_12)
FN:161,(anonymous_13)
FN:167,(anonymous_14)
FNF:15
FNH:0
FNDA:0,EnhancedColorPicker
FNDA:0,(anonymous_1)
FNDA:0,(anonymous_2)
FNDA:0,(anonymous_3)
FNDA:0,(anonymous_4)
FNDA:0,Toolbar
FNDA:0,(anonymous_6)
FNDA:0,(anonymous_7)
FNDA:0,(anonymous_8)
FNDA:0,(anonymous_9)
FNDA:0,(anonymous_10)
FNDA:0,(anonymous_11)
FNDA:0,(anonymous_12)
FNDA:0,(anonymous_13)
FNDA:0,(anonymous_14)
DA:21,0
DA:56,0
DA:59,0
DA:78,0
DA:80,0
DA:86,0
DA:93,0
DA:100,0
DA:107,0
DA:127,0
DA:129,0
DA:130,0
DA:133,0
DA:134,0
DA:137,0
DA:138,0
DA:140,0
DA:141,0
DA:144,0
DA:145,0
DA:148,0
DA:149,0
DA:150,0
DA:154,0
DA:155,0
DA:158,0
DA:162,0
DA:167,0
LF:28
LH:0
BRDA:91,0,0,0
BRDA:91,0,1,0
BRDA:105,1,0,0
BRDA:105,1,1,0
BRDA:149,2,0,0
BRDA:149,2,1,0
BRDA:165,3,0,0
BRDA:165,3,1,0
BRDA:214,4,0,0
BRDA:214,4,1,0
BRDA:227,5,0,0
BRDA:227,5,1,0
BRF:12
BRH:0
end_of_record
TN:
SF:app\whiteboard\components\WhiteboardCanvas.tsx
FN:10,WhiteboardCanvas
FN:39,(anonymous_1)
FN:40,(anonymous_2)
FN:50,(anonymous_3)
FN:54,(anonymous_4)
FN:55,(anonymous_5)
FN:59,(anonymous_6)
FN:100,(anonymous_7)
FN:112,(anonymous_8)
FN:128,(anonymous_9)
FN:153,(anonymous_10)
FN:185,(anonymous_11)
FN:223,(anonymous_12)
FN:232,(anonymous_13)
FN:281,(anonymous_14)
FN:293,(anonymous_15)
FN:298,(anonymous_16)
FN:344,(anonymous_17)
FNF:18
FNH:0
FNDA:0,WhiteboardCanvas
FNDA:0,(anonymous_1)
FNDA:0,(anonymous_2)
FNDA:0,(anonymous_3)
FNDA:0,(anonymous_4)
FNDA:0,(anonymous_5)
FNDA:0,(anonymous_6)
FNDA:0,(anonymous_7)
FNDA:0,(anonymous_8)
FNDA:0,(anonymous_9)
FNDA:0,(anonymous_10)
FNDA:0,(anonymous_11)
FNDA:0,(anonymous_12)
FNDA:0,(anonymous_13)
FNDA:0,(anonymous_14)
FNDA:0,(anonymous_15)
FNDA:0,(anonymous_16)
FNDA:0,(anonymous_17)
DA:30,0
DA:32,0
DA:33,0
DA:34,0
DA:35,0
DA:36,0
DA:39,0
DA:40,0
DA:41,0
DA:47,0
DA:48,0
DA:50,0
DA:54,0
DA:55,0
DA:57,0
DA:58,0
DA:59,0
DA:63,0
DA:64,0
DA:65,0
DA:69,0
DA:70,0
DA:71,0
DA:75,0
DA:76,0
DA:77,0
DA:79,0
DA:80,0
DA:85,0
DA:86,0
DA:87,0
DA:88,0
DA:92,0
DA:93,0
DA:94,0
DA:95,0
DA:96,0
DA:97,0
DA:100,0
DA:102,0
DA:103,0
DA:104,0
DA:105,0
DA:109,0
DA:110,0
DA:112,0
DA:113,0
DA:114,0
DA:128,0
DA:129,0
DA:130,0
DA:132,0
DA:134,0
DA:135,0
DA:139,0
DA:140,0
DA:142,0
DA:143,0
DA:145,0
DA:146,0
DA:148,0
DA:153,0
DA:154,0
DA:156,0
DA:157,0
DA:158,0
DA:160,0
DA:161,0
DA:162,0
DA:164,0
DA:169,0
DA:170,0
DA:173,0
DA:175,0
DA:177,0
DA:182,0
DA:185,0
DA:186,0
DA:187,0
DA:190,0
DA:193,0
DA:194,0
DA:198,0
DA:199,0
DA:200,0
DA:201,0
DA:203,0
DA:208,0
DA:218,0
DA:219,0
DA:223,0
DA:224,0
DA:226,0
DA:227,0
DA:229,0
DA:230,0
DA:232,0
DA:233,0
DA:236,0
DA:237,0
DA:239,0
DA:244,0
DA:245,0
DA:248,0
DA:249,0
DA:251,0
DA:257,0
DA:261,0
DA:266,0
DA:269,0
DA:273,0
DA:277,0
DA:281,0
DA:283,0
DA:285,0
DA:286,0
DA:289,0
DA:290,0
DA:293,0
DA:294,0
DA:297,0
DA:298,0
DA:299,0
DA:303,0
DA:306,0
DA:311,0
DA:345,0
LF:127
LH:0
BRDA:57,0,0,0
BRDA:57,0,1,0
BRDA:57,1,0,0
BRDA:57,1,1,0
BRDA:57,1,2,0
BRDA:63,2,0,0
BRDA:63,2,1,0
BRDA:63,3,0,0
BRDA:63,3,1,0
BRDA:63,3,2,0
BRDA:69,4,0,0
BRDA:69,4,1,0
BRDA:69,5,0,0
BRDA:69,5,1,0
BRDA:69,5,2,0
BRDA:69,5,3,0
BRDA:75,6,0,0
BRDA:75,6,1,0
BRDA:79,7,0,0
BRDA:79,7,1,0
BRDA:85,8,0,0
BRDA:85,8,1,0
BRDA:85,9,0,0
BRDA:85,9,1,0
BRDA:92,10,0,0
BRDA:92,10,1,0
BRDA:93,11,0,0
BRDA:93,11,1,0
BRDA:94,12,0,0
BRDA:94,12,1,0
BRDA:95,13,0,0
BRDA:95,13,1,0
BRDA:96,14,0,0
BRDA:96,14,1,0
BRDA:97,15,0,0
BRDA:97,15,1,0
BRDA:102,16,0,0
BRDA:102,16,1,0
BRDA:129,17,0,0
BRDA:129,17,1,0
BRDA:132,18,0,0
BRDA:132,18,1,0
BRDA:132,18,2,0
BRDA:132,18,3,0
BRDA:132,18,4,0
BRDA:132,18,5,0
BRDA:132,18,6,0
BRDA:158,19,0,0
BRDA:158,19,1,0
BRDA:162,20,0,0
BRDA:162,20,1,0
BRDA:169,21,0,0
BRDA:169,21,1,0
BRDA:170,22,0,0
BRDA:170,22,1,0
BRDA:173,23,0,0
BRDA:173,23,1,0
BRDA:173,24,0,0
BRDA:173,24,1,0
BRDA:187,25,0,0
BRDA:187,25,1,0
BRDA:190,26,0,0
BRDA:190,26,1,0
BRDA:193,27,0,0
BRDA:193,27,1,0
BRDA:198,28,0,0
BRDA:198,28,1,0
BRDA:201,29,0,0
BRDA:201,29,1,0
BRDA:215,30,0,0
BRDA:215,30,1,0
BRDA:224,31,0,0
BRDA:224,31,1,0
BRDA:224,32,0,0
BRDA:224,32,1,0
BRDA:227,33,0,0
BRDA:227,33,1,0
BRDA:230,34,0,0
BRDA:230,34,1,0
BRDA:233,35,0,0
BRDA:233,35,1,0
BRDA:239,36,0,0
BRDA:239,36,1,0
BRDA:239,36,2,0
BRDA:239,36,3,0
BRDA:239,36,4,0
BRDA:248,37,0,0
BRDA:248,37,1,0
BRDA:249,38,0,0
BRDA:249,38,1,0
BRDA:267,39,0,0
BRDA:267,39,1,0
BRDA:283,40,0,0
BRDA:283,40,1,0
BRDA:285,41,0,0
BRDA:285,41,1,0
BRDA:289,42,0,0
BRDA:289,42,1,0
BRDA:294,43,0,0
BRDA:294,43,1,0
BRDA:294,44,0,0
BRDA:294,44,1,0
BRDA:294,44,2,0
BRDA:294,44,3,0
BRDA:294,44,4,0
BRDA:294,44,5,0
BRDA:294,44,6,0
BRDA:327,45,0,0
BRDA:327,45,1,0
BRF:109
BRH:0
end_of_record
TN:
SF:app\whiteboard\hooks\useOnClickOutside.ts
FN:5,useOnClickOutside
FN:9,(anonymous_1)
FN:10,(anonymous_2)
FN:22,(anonymous_3)
FNF:4
FNH:0
FNDA:0,useOnClickOutside
FNDA:0,(anonymous_1)
FNDA:0,(anonymous_2)
FNDA:0,(anonymous_3)
DA:9,0
DA:10,0
DA:11,0
DA:12,0
DA:13,0
DA:16,0
DA:19,0
DA:20,0
DA:22,0
DA:23,0
DA:24,0
LF:11
LH:0
BRDA:12,0,0,0
BRDA:12,0,1,0
BRDA:12,1,0,0
BRDA:12,1,1,0
BRDA:12,2,0,0
BRDA:12,2,1,0
BRF:6
BRH:0
end_of_record
TN:
SF:app\whiteboard\store\useWhiteboardStore.ts
FN:53,(anonymous_0)
FN:64,(anonymous_1)
FN:65,(anonymous_2)
FN:67,(anonymous_3)
FN:69,(anonymous_4)
FN:83,(anonymous_5)
FN:83,(anonymous_6)
FN:84,(anonymous_7)
FN:107,(anonymous_8)
FN:107,(anonymous_9)
FN:108,(anonymous_10)
FN:109,(anonymous_11)
FN:122,(anonymous_12)
FN:122,(anonymous_13)
FN:125,(anonymous_14)
FN:130,(anonymous_15)
FN:132,(anonymous_16)
FN:134,(anonymous_17)
FN:136,(anonymous_18)
FN:138,(anonymous_19)
FN:138,(anonymous_20)
FN:141,(anonymous_21)
FN:145,(anonymous_22)
FN:156,(anonymous_23)
FN:169,(anonymous_24)
FN:169,(anonymous_25)
FNF:26
FNH:0
FNDA:0,(anonymous_0)
FNDA:0,(anonymous_1)
FNDA:0,(anonymous_2)
FNDA:0,(anonymous_3)
FNDA:0,(anonymous_4)
FNDA:0,(anonymous_5)
FNDA:0,(anonymous_6)
FNDA:0,(anonymous_7)
FNDA:0,(anonymous_8)
FNDA:0,(anonymous_9)
FNDA:0,(anonymous_10)
FNDA:0,(anonymous_11)
FNDA:0,(anonymous_12)
FNDA:0,(anonymous_13)
FNDA:0,(anonymous_14)
FNDA:0,(anonymous_15)
FNDA:0,(anonymous_16)
FNDA:0,(anonymous_17)
FNDA:0,(anonymous_18)
FNDA:0,(anonymous_19)
FNDA:0,(anonymous_20)
FNDA:0,(anonymous_21)
FNDA:0,(anonymous_22)
FNDA:0,(anonymous_23)
FNDA:0,(anonymous_24)
FNDA:0,(anonymous_25)
DA:53,0
DA:64,0
DA:65,0
DA:68,0
DA:69,0
DA:70,0
DA:71,0
DA:72,0
DA:74,0
DA:80,0
DA:83,0
DA:84,0
DA:85,0
DA:89,0
DA:93,0
DA:94,0
DA:95,0
DA:97,0
DA:104,0
DA:107,0
DA:108,0
DA:109,0
DA:111,0
DA:112,0
DA:114,0
DA:122,0
DA:125,0
DA:130,0
DA:132,0
DA:134,0
DA:136,0
DA:138,0
DA:139,0
DA:141,0
DA:142,0
DA:145,0
DA:146,0
DA:147,0
DA:155,0
DA:156,0
DA:158,0
DA:159,0
DA:161,0
DA:169,0
DA:170,0
DA:172,0
DA:173,0
DA:175,0
LF:48
LH:0
BRDA:85,0,0,0
BRDA:85,0,1,0
BRDA:89,1,0,0
BRDA:89,1,1,0
BRDA:89,1,2,0
BRDA:89,1,3,0
BRDA:89,1,4,0
BRDA:89,1,5,0
BRDA:89,1,6,0
BRDA:93,2,0,0
BRDA:93,2,1,0
BRDA:122,3,0,0
BRDA:123,4,0,0
BRDA:123,4,1,0
BRDA:124,5,0,0
BRDA:124,5,1,0
BRDA:139,6,0,0
BRDA:139,6,1,0
BRDA:170,7,0,0
BRDA:170,7,1,0
BRF:20
BRH:0
end_of_record
